<?xml version="1.0" encoding="UTF-8"?>
<!-- Generated by org.testng.reporters.JUnitReportReporter -->
<testsuite hostname="mimi" name="com.digitnexus.core.id.business.PojoIdGenerateServiceTest" tests="2" failures="2" timestamp="22 May 2013 12:54:25 GMT" time="0.000" errors="0">
  <testcase name="getSingleId" time="0.000" classname="com.digitnexus.core.id.business.PojoIdGenerateServiceTest">
    <failure type="java.lang.StackOverflowError">
      <![CDATA[java.lang.StackOverflowError
	at sun.nio.cs.ext.DoubleByteDecoder.decodeArrayLoop(DoubleByteDecoder.java:90)
	at sun.nio.cs.ext.DoubleByteDecoder.decodeLoop(DoubleByteDecoder.java:141)
	at java.nio.charset.CharsetDecoder.decode(CharsetDecoder.java:544)
	at java.lang.StringCoding$StringDecoder.decode(StringCoding.java:140)
	at java.lang.StringCoding.decode(StringCoding.java:173)
	at java.lang.String.<init>(String.java:443)
	at java.lang.String.<init>(String.java:515)
	at java.net.Inet6AddressImpl.getLocalHostName(Native Method)
	at java.net.InetAddress.getLocalHost(InetAddress.java:1336)
	at com.digitnexus.core.util.ServerInfoUtil.getMac(ServerInfoUtil.java:42)
	at com.digitnexus.core.id.dao.PojoIdGenerateDaoImpl.findMatchId(PojoIdGenerateDaoImpl.java:85)
	at com.digitnexus.core.id.dao.AbstractBaseIdGenerateDao.generateNextId(AbstractBaseIdGenerateDao.java:62)
	at com.digitnexus.core.id.dao.AbstractBaseIdGenerateDao$$FastClassByCGLIB$$cd59e8a0.invoke(<generated>)
	at net.sf.cglib.proxy.MethodProxy.invoke(MethodProxy.java:191)
	at org.springframework.aop.framework.Cglib2AopProxy$CglibMethodInvocation.invokeJoinpoint(Cglib2AopProxy.java:689)
	at org.springframework.aop.framework.ReflectiveMethodInvocation.proceed(ReflectiveMethodInvocation.java:150)
	at org.springframework.aop.interceptor.ExposeInvocationInterceptor.invoke(ExposeInvocationInterceptor.java:90)
	at org.springframework.aop.framework.ReflectiveMethodInvocation.proceed(ReflectiveMethodInvocation.java:172)
	at org.springframework.aop.framework.Cglib2AopProxy$DynamicAdvisedInterceptor.intercept(Cglib2AopProxy.java:622)
	at com.digitnexus.core.id.dao.PojoIdGenerateDaoImpl$$EnhancerByCGLIB$$24854638.generateNextId(<generated>)
	at com.digitnexus.core.id.business.PojoIdGenerateServiceImpl.generateNextId(PojoIdGenerateServiceImpl.java:95)
	at com.digitnexus.core.id.business.AbstractCacheableIdService.getIdFromCache(AbstractCacheableIdService.java:56)
	at com.digitnexus.core.id.business.PojoIdGenerateServiceImpl.generateId(PojoIdGenerateServiceImpl.java:75)
	at com.digitnexus.core.id.IdGenerateUtil.generateNumberId(IdGenerateUtil.java:60)
	at com.digitnexus.core.id.PojoIdGeneratorHibernate.generate(PojoIdGeneratorHibernate.java:58)
	at org.hibernate.event.internal.AbstractSaveEventListener.saveWithGeneratedId(AbstractSaveEventListener.java:120)
	at org.hibernate.event.internal.DefaultSaveOrUpdateEventListener.saveWithGeneratedOrRequestedId(DefaultSaveOrUpdateEventListener.java:204)
	at org.hibernate.event.internal.DefaultSaveOrUpdateEventListener.entityIsTransient(DefaultSaveOrUpdateEventListener.java:189)
	at org.hibernate.event.internal.DefaultSaveOrUpdateEventListener.performSaveOrUpdate(DefaultSaveOrUpdateEventListener.java:114)
	at org.hibernate.event.internal.DefaultSaveOrUpdateEventListener.onSaveOrUpdate(DefaultSaveOrUpdateEventListener.java:90)
	at org.hibernate.internal.SessionImpl.fireSaveOrUpdate(SessionImpl.java:615)
	at org.hibernate.internal.SessionImpl.saveOrUpdate(SessionImpl.java:608)
	at org.hibernate.engine.spi.CascadingAction$5.cascade(CascadingAction.java:258)
	at org.hibernate.engine.internal.Cascade.cascadeToOne(Cascade.java:380)
	at org.hibernate.engine.internal.Cascade.cascadeAssociation(Cascade.java:323)
	at org.hibernate.engine.internal.Cascade.cascadeProperty(Cascade.java:208)
	at org.hibernate.engine.internal.Cascade.cascadeCollectionElements(Cascade.java:409)
	at org.hibernate.engine.internal.Cascade.cascadeCollection(Cascade.java:350)
	at org.hibernate.engine.internal.Cascade.cascadeAssociation(Cascade.java:326)
	at org.hibernate.engine.internal.Cascade.cascadeProperty(Cascade.java:208)
	at org.hibernate.engine.internal.Cascade.cascade(Cascade.java:165)
	at org.hibernate.event.internal.AbstractFlushingEventListener.cascadeOnFlush(AbstractFlushingEventListener.java:160)
	at org.hibernate.event.internal.AbstractFlushingEventListener.prepareEntityFlushes(AbstractFlushingEventListener.java:151)
	at org.hibernate.event.internal.AbstractFlushingEventListener.flushEverythingToExecutions(AbstractFlushingEventListener.java:88)
	at org.hibernate.event.internal.DefaultAutoFlushEventListener.onAutoFlush(DefaultAutoFlushEventListener.java:55)
	at org.hibernate.internal.SessionImpl.autoFlushIfRequired(SessionImpl.java:1053)
	at org.hibernate.internal.SessionImpl.list(SessionImpl.java:1476)
	at org.hibernate.internal.CriteriaImpl.list(CriteriaImpl.java:374)
	at com.digitnexus.core.id.dao.PojoIdGenerateDaoImpl.findMatchId(PojoIdGenerateDaoImpl.java:88)
	at com.digitnexus.core.id.dao.AbstractBaseIdGenerateDao.generateNextId(AbstractBaseIdGenerateDao.java:62)
	at com.digitnexus.core.id.dao.AbstractBaseIdGenerateDao$$FastClassByCGLIB$$cd59e8a0.invoke(<generated>)
	at net.sf.cglib.proxy.MethodProxy.invoke(MethodProxy.java:191)
	at org.springframework.aop.framework.Cglib2AopProxy$CglibMethodInvocation.invokeJoinpoint(Cglib2AopProxy.java:689)
	at org.springframework.aop.framework.ReflectiveMethodInvocation.proceed(ReflectiveMethodInvocation.java:150)
	at org.springframework.aop.interceptor.ExposeInvocationInterceptor.invoke(ExposeInvocationInterceptor.java:90)
	at org.springframework.aop.framework.ReflectiveMethodInvocation.proceed(ReflectiveMethodInvocation.java:172)
	at org.springframework.aop.framework.Cglib2AopProxy$DynamicAdvisedInterceptor.intercept(Cglib2AopProxy.java:622)
	at com.digitnexus.core.id.dao.PojoIdGenerateDaoImpl$$EnhancerByCGLIB$$24854638.generateNextId(<generated>)
	at com.digitnexus.core.id.business.PojoIdGenerateServiceImpl.generateNextId(PojoIdGenerateServiceImpl.java:95)
	at com.digitnexus.core.id.business.AbstractCacheableIdService.getIdFromCache(AbstractCacheableIdService.java:56)
	at com.digitnexus.core.id.business.PojoIdGenerateServiceImpl.generateId(PojoIdGenerateServiceImpl.java:75)
	at com.digitnexus.core.id.IdGenerateUtil.generateNumberId(IdGenerateUtil.java:60)
	at com.digitnexus.core.id.PojoIdGeneratorHibernate.generate(PojoIdGeneratorHibernate.java:58)
	at org.hibernate.event.internal.AbstractSaveEventListener.saveWithGeneratedId(AbstractSaveEventListener.java:120)
	at org.hibernate.event.internal.DefaultSaveOrUpdateEventListener.saveWithGeneratedOrRequestedId(DefaultSaveOrUpdateEventListener.java:204)
	at org.hibernate.event.internal.DefaultSaveOrUpdateEventListener.entityIsTransient(DefaultSaveOrUpdateEventListener.java:189)
	at org.hibernate.event.internal.DefaultSaveOrUpdateEventListener.performSaveOrUpdate(DefaultSaveOrUpdateEventListener.java:114)
	at org.hibernate.event.internal.DefaultSaveOrUpdateEventListener.onSaveOrUpdate(DefaultSaveOrUpdateEventListener.java:90)
	at org.hibernate.internal.SessionImpl.fireSaveOrUpdate(SessionImpl.java:615)
	at org.hibernate.internal.SessionImpl.saveOrUpdate(SessionImpl.java:608)
	at org.hibernate.engine.spi.CascadingAction$5.cascade(CascadingAction.java:258)
	at org.hibernate.engine.internal.Cascade.cascadeToOne(Cascade.java:380)
	at org.hibernate.engine.internal.Cascade.cascadeAssociation(Cascade.java:323)
	at org.hibernate.engine.internal.Cascade.cascadeProperty(Cascade.java:208)
	at org.hibernate.engine.internal.Cascade.cascadeCollectionElements(Cascade.java:409)
	at org.hibernate.engine.internal.Cascade.cascadeCollection(Cascade.java:350)
	at org.hibernate.engine.internal.Cascade.cascadeAssociation(Cascade.java:326)
	at org.hibernate.engine.internal.Cascade.cascadeProperty(Cascade.java:208)
	at org.hibernate.engine.internal.Cascade.cascade(Cascade.java:165)
	at org.hibernate.event.internal.AbstractFlushingEventListener.cascadeOnFlush(AbstractFlushingEventListener.java:160)
	at org.hibernate.event.internal.AbstractFlushingEventListener.prepareEntityFlushes(AbstractFlushingEventListener.java:151)
	at org.hibernate.event.internal.AbstractFlushingEventListener.flushEverythingToExecutions(AbstractFlushingEventListener.java:88)
	at org.hibernate.event.internal.DefaultAutoFlushEventListener.onAutoFlush(DefaultAutoFlushEventListener.java:55)
	at org.hibernate.internal.SessionImpl.autoFlushIfRequired(SessionImpl.java:1053)
	at org.hibernate.internal.SessionImpl.list(SessionImpl.java:1476)
	at org.hibernate.internal.CriteriaImpl.list(CriteriaImpl.java:374)
	at com.digitnexus.core.id.dao.PojoIdGenerateDaoImpl.findMatchId(PojoIdGenerateDaoImpl.java:88)
	at com.digitnexus.core.id.dao.AbstractBaseIdGenerateDao.generateNextId(AbstractBaseIdGenerateDao.java:62)
	at com.digitnexus.core.id.dao.AbstractBaseIdGenerateDao$$FastClassByCGLIB$$cd59e8a0.invoke(<generated>)
	at net.sf.cglib.proxy.MethodProxy.invoke(MethodProxy.java:191)
	at org.springframework.aop.framework.Cglib2AopProxy$CglibMethodInvocation.invokeJoinpoint(Cglib2AopProxy.java:689)
	at org.springframework.aop.framework.ReflectiveMethodInvocation.proceed(ReflectiveMethodInvocation.java:150)
	at org.springframework.aop.interceptor.ExposeInvocationInterceptor.invoke(ExposeInvocationInterceptor.java:90)
	at org.springframework.aop.framework.ReflectiveMethodInvocation.proceed(ReflectiveMethodInvocation.java:172)
	at org.springframework.aop.framework.Cglib2AopProxy$DynamicAdvisedInterceptor.intercept(Cglib2AopProxy.java:622)
	at com.digitnexus.core.id.dao.PojoIdGenerateDaoImpl$$EnhancerByCGLIB$$24854638.generateNextId(<generated>)
	at com.digitnexus.core.id.business.PojoIdGenerateServiceImpl.generateNextId(PojoIdGenerateServiceImpl.java:95)
	at com.digitnexus.core.id.business.AbstractCacheableIdService.getIdFromCache(AbstractCacheableIdService.java:56)
	at com.digitnexus.core.id.business.PojoIdGenerateServiceImpl.generateId(PojoIdGenerateServiceImpl.java:75)
	at com.digitnexus.core.id.IdGenerateUtil.generateNumberId(IdGenerateUtil.java:60)
	at com.digitnexus.core.id.PojoIdGeneratorHibernate.generate(PojoIdGeneratorHibernate.java:58)
	at org.hibernate.event.internal.AbstractSaveEventListener.saveWithGeneratedId(AbstractSaveEventListener.java:120)
	at org.hibernate.event.internal.DefaultSaveOrUpdateEventListener.saveWithGeneratedOrRequestedId(DefaultSaveOrUpdateEventListener.java:204)
	at org.hibernate.event.internal.DefaultSaveOrUpdateEventListener.entityIsTransient(DefaultSaveOrUpdateEventListener.java:189)
	at org.hibernate.event.internal.DefaultSaveOrUpdateEventListener.performSaveOrUpdate(DefaultSaveOrUpdateEventListener.java:114)
	at org.hibernate.event.internal.DefaultSaveOrUpdateEventListener.onSaveOrUpdate(DefaultSaveOrUpdateEventListener.java:90)
	at org.hibernate.internal.SessionImpl.fireSaveOrUpdate(SessionImpl.java:615)
	at org.hibernate.internal.SessionImpl.saveOrUpdate(SessionImpl.java:608)
	at org.hibernate.engine.spi.CascadingAction$5.cascade(CascadingAction.java:258)
	at org.hibernate.engine.internal.Cascade.cascadeToOne(Cascade.java:380)
	at org.hibernate.engine.internal.Cascade.cascadeAssociation(Cascade.java:323)
	at org.hibernate.engine.internal.Cascade.cascadeProperty(Cascade.java:208)
	at org.hibernate.engine.internal.Cascade.cascadeCollectionElements(Cascade.java:409)
	at org.hibernate.engine.internal.Cascade.cascadeCollection(Cascade.java:350)
	at org.hibernate.engine.internal.Cascade.cascadeAssociation(Cascade.java:326)
	at org.hibernate.engine.internal.Cascade.cascadeProperty(Cascade.java:208)
	at org.hibernate.engine.internal.Cascade.cascade(Cascade.java:165)
	at org.hibernate.event.internal.AbstractFlushingEventListener.cascadeOnFlush(AbstractFlushingEventListener.java:160)
	at org.hibernate.event.internal.AbstractFlushingEventListener.prepareEntityFlushes(AbstractFlushingEventListener.java:151)
	at org.hibernate.event.internal.AbstractFlushingEventListener.flushEverythingToExecutions(AbstractFlushingEventListener.java:88)
	at org.hibernate.event.internal.DefaultAutoFlushEventListener.onAutoFlush(DefaultAutoFlushEventListener.java:55)
	at org.hibernate.internal.SessionImpl.autoFlushIfRequired(SessionImpl.java:1053)
	at org.hibernate.internal.SessionImpl.list(SessionImpl.java:1476)
	at org.hibernate.internal.CriteriaImpl.list(CriteriaImpl.java:374)
	at com.digitnexus.core.id.dao.PojoIdGenerateDaoImpl.findMatchId(PojoIdGenerateDaoImpl.java:88)
	at com.digitnexus.core.id.dao.AbstractBaseIdGenerateDao.generateNextId(AbstractBaseIdGenerateDao.java:62)
	at com.digitnexus.core.id.dao.AbstractBaseIdGenerateDao$$FastClassByCGLIB$$cd59e8a0.invoke(<generated>)
	at net.sf.cglib.proxy.MethodProxy.invoke(MethodProxy.java:191)
	at org.springframework.aop.framework.Cglib2AopProxy$CglibMethodInvocation.invokeJoinpoint(Cglib2AopProxy.java:689)
	at org.springframework.aop.framework.ReflectiveMethodInvocation.proceed(ReflectiveMethodInvocation.java:150)
	at org.springframework.aop.interceptor.ExposeInvocationInterceptor.invoke(ExposeInvocationInterceptor.java:90)
	at org.springframework.aop.framework.ReflectiveMethodInvocation.proceed(ReflectiveMethodInvocation.java:172)
	at org.springframework.aop.framework.Cglib2AopProxy$DynamicAdvisedInterceptor.intercept(Cglib2AopProxy.java:622)
	at com.digitnexus.core.id.dao.PojoIdGenerateDaoImpl$$EnhancerByCGLIB$$24854638.generateNextId(<generated>)
	at com.digitnexus.core.id.business.PojoIdGenerateServiceImpl.generateNextId(PojoIdGenerateServiceImpl.java:95)
	at com.digitnexus.core.id.business.AbstractCacheableIdService.getIdFromCache(AbstractCacheableIdService.java:56)
	at com.digitnexus.core.id.business.PojoIdGenerateServiceImpl.generateId(PojoIdGenerateServiceImpl.java:75)
	at com.digitnexus.core.id.IdGenerateUtil.generateNumberId(IdGenerateUtil.java:60)
	at com.digitnexus.core.id.PojoIdGeneratorHibernate.generate(PojoIdGeneratorHibernate.java:58)
	at org.hibernate.event.internal.AbstractSaveEventListener.saveWithGeneratedId(AbstractSaveEventListener.java:120)
	at org.hibernate.event.internal.DefaultSaveOrUpdateEventListener.saveWithGeneratedOrRequestedId(DefaultSaveOrUpdateEventListener.java:204)
	at org.hibernate.event.internal.DefaultSaveOrUpdateEventListener.entityIsTransient(DefaultSaveOrUpdateEventListener.java:189)
	at org.hibernate.event.internal.DefaultSaveOrUpdateEventListener.performSaveOrUpdate(DefaultSaveOrUpdateEventListener.java:114)
	at org.hibernate.event.internal.DefaultSaveOrUpdateEventListener.onSaveOrUpdate(DefaultSaveOrUpdateEventListener.java:90)
	at org.hibernate.internal.SessionImpl.fireSaveOrUpdate(SessionImpl.java:615)
	at org.hibernate.internal.SessionImpl.saveOrUpdate(SessionImpl.java:608)
	at org.hibernate.engine.spi.CascadingAction$5.cascade(CascadingAction.java:258)
	at org.hibernate.engine.internal.Cascade.cascadeToOne(Cascade.java:380)
	at org.hibernate.engine.internal.Cascade.cascadeAssociation(Cascade.java:323)
	at org.hibernate.engine.internal.Cascade.cascadeProperty(Cascade.java:208)
	at org.hibernate.engine.internal.Cascade.cascadeCollectionElements(Cascade.java:409)
	at org.hibernate.engine.internal.Cascade.cascadeCollection(Cascade.java:350)
	at org.hibernate.engine.internal.Cascade.cascadeAssociation(Cascade.java:326)
	at org.hibernate.engine.internal.Cascade.cascadeProperty(Cascade.java:208)
	at org.hibernate.engine.internal.Cascade.cascade(Cascade.java:165)
	at org.hibernate.event.internal.AbstractFlushingEventListener.cascadeOnFlush(AbstractFlushingEventListener.java:160)
	at org.hibernate.event.internal.AbstractFlushingEventListener.prepareEntityFlushes(AbstractFlushingEventListener.java:151)
	at org.hibernate.event.internal.AbstractFlushingEventListener.flushEverythingToExecutions(AbstractFlushingEventListener.java:88)
	at org.hibernate.event.internal.DefaultAutoFlushEventListener.onAutoFlush(DefaultAutoFlushEventListener.java:55)
	at org.hibernate.internal.SessionImpl.autoFlushIfRequired(SessionImpl.java:1053)
	at org.hibernate.internal.SessionImpl.list(SessionImpl.java:1476)
	at org.hibernate.internal.CriteriaImpl.list(CriteriaImpl.java:374)
	at com.digitnexus.core.id.dao.PojoIdGenerateDaoImpl.findMatchId(PojoIdGenerateDaoImpl.java:88)
	at com.digitnexus.core.id.dao.AbstractBaseIdGenerateDao.generateNextId(AbstractBaseIdGenerateDao.java:62)
	at com.digitnexus.core.id.dao.AbstractBaseIdGenerateDao$$FastClassByCGLIB$$cd59e8a0.invoke(<generated>)
	at net.sf.cglib.proxy.MethodProxy.invoke(MethodProxy.java:191)
	at org.springframework.aop.framework.Cglib2AopProxy$CglibMethodInvocation.invokeJoinpoint(Cglib2AopProxy.java:689)
	at org.springframework.aop.framework.ReflectiveMethodInvocation.proceed(ReflectiveMethodInvocation.java:150)
	at org.springframework.aop.interceptor.ExposeInvocationInterceptor.invoke(ExposeInvocationInterceptor.java:90)
	at org.springframework.aop.framework.ReflectiveMethodInvocation.proceed(ReflectiveMethodInvocation.java:172)
	at org.springframework.aop.framework.Cglib2AopProxy$DynamicAdvisedInterceptor.intercept(Cglib2AopProxy.java:622)
	at com.digitnexus.core.id.dao.PojoIdGenerateDaoImpl$$EnhancerByCGLIB$$24854638.generateNextId(<generated>)
	at com.digitnexus.core.id.business.PojoIdGenerateServiceImpl.generateNextId(PojoIdGenerateServiceImpl.java:95)
	at com.digitnexus.core.id.business.AbstractCacheableIdService.getIdFromCache(AbstractCacheableIdService.java:56)
	at com.digitnexus.core.id.business.PojoIdGenerateServiceImpl.generateId(PojoIdGenerateServiceImpl.java:75)
	at com.digitnexus.core.id.IdGenerateUtil.generateNumberId(IdGenerateUtil.java:60)
	at com.digitnexus.core.id.PojoIdGeneratorHibernate.generate(PojoIdGeneratorHibernate.java:58)
	at org.hibernate.event.internal.AbstractSaveEventListener.saveWithGeneratedId(AbstractSaveEventListener.java:120)
	at org.hibernate.event.internal.DefaultSaveOrUpdateEventListener.saveWithGeneratedOrRequestedId(DefaultSaveOrUpdateEventListener.java:204)
	at org.hibernate.event.internal.DefaultSaveOrUpdateEventListener.entityIsTransient(DefaultSaveOrUpdateEventListener.java:189)
	at org.hibernate.event.internal.DefaultSaveOrUpdateEventListener.performSaveOrUpdate(DefaultSaveOrUpdateEventListener.java:114)
	at org.hibernate.event.internal.DefaultSaveOrUpdateEventListener.onSaveOrUpdate(DefaultSaveOrUpdateEventListener.java:90)
	at org.hibernate.internal.SessionImpl.fireSaveOrUpdate(SessionImpl.java:615)
	at org.hibernate.internal.SessionImpl.saveOrUpdate(SessionImpl.java:608)
	at org.hibernate.engine.spi.CascadingAction$5.cascade(CascadingAction.java:258)
	at org.hibernate.engine.internal.Cascade.cascadeToOne(Cascade.java:380)
	at org.hibernate.engine.internal.Cascade.cascadeAssociation(Cascade.java:323)
	at org.hibernate.engine.internal.Cascade.cascadeProperty(Cascade.java:208)
	at org.hibernate.engine.internal.Cascade.cascadeCollectionElements(Cascade.java:409)
	at org.hibernate.engine.internal.Cascade.cascadeCollection(Cascade.java:350)
	at org.hibernate.engine.internal.Cascade.cascadeAssociation(Cascade.java:326)
	at org.hibernate.engine.internal.Cascade.cascadeProperty(Cascade.java:208)
	at org.hibernate.engine.internal.Cascade.cascade(Cascade.java:165)
	at org.hibernate.event.internal.AbstractFlushingEventListener.cascadeOnFlush(AbstractFlushingEventListener.java:160)
	at org.hibernate.event.internal.AbstractFlushingEventListener.prepareEntityFlushes(AbstractFlushingEventListener.java:151)
	at org.hibernate.event.internal.AbstractFlushingEventListener.flushEverythingToExecutions(AbstractFlushingEventListener.java:88)
	at org.hibernate.event.internal.DefaultAutoFlushEventListener.onAutoFlush(DefaultAutoFlushEventListener.java:55)
	at org.hibernate.internal.SessionImpl.autoFlushIfRequired(SessionImpl.java:1053)
	at org.hibernate.internal.SessionImpl.list(SessionImpl.java:1476)
	at org.hibernate.internal.CriteriaImpl.list(CriteriaImpl.java:374)
	at com.digitnexus.core.id.dao.PojoIdGenerateDaoImpl.findMatchId(PojoIdGenerateDaoImpl.java:88)
	at com.digitnexus.core.id.dao.AbstractBaseIdGenerateDao.generateNextId(AbstractBaseIdGenerateDao.java:62)
	at com.digitnexus.core.id.dao.AbstractBaseIdGenerateDao$$FastClassByCGLIB$$cd59e8a0.invoke(<generated>)
	at net.sf.cglib.proxy.MethodProxy.invoke(MethodProxy.java:191)
	at org.springframework.aop.framework.Cglib2AopProxy$CglibMethodInvocation.invokeJoinpoint(Cglib2AopProxy.java:689)
	at org.springframework.aop.framework.ReflectiveMethodInvocation.proceed(ReflectiveMethodInvocation.java:150)
	at org.springframework.aop.interceptor.ExposeInvocationInterceptor.invoke(ExposeInvocationInterceptor.java:90)
	at org.springframework.aop.framework.ReflectiveMethodInvocation.proceed(ReflectiveMethodInvocation.java:172)
	at org.springframework.aop.framework.Cglib2AopProxy$DynamicAdvisedInterceptor.intercept(Cglib2AopProxy.java:622)
	at com.digitnexus.core.id.dao.PojoIdGenerateDaoImpl$$EnhancerByCGLIB$$24854638.generateNextId(<generated>)
	at com.digitnexus.core.id.business.PojoIdGenerateServiceImpl.generateNextId(PojoIdGenerateServiceImpl.java:95)
	at com.digitnexus.core.id.business.AbstractCacheableIdService.getIdFromCache(AbstractCacheableIdService.java:56)
	at com.digitnexus.core.id.business.PojoIdGenerateServiceImpl.generateId(PojoIdGenerateServiceImpl.java:75)
	at com.digitnexus.core.id.IdGenerateUtil.generateNumberId(IdGenerateUtil.java:60)
	at com.digitnexus.core.id.PojoIdGeneratorHibernate.generate(PojoIdGeneratorHibernate.java:58)
	at org.hibernate.event.internal.AbstractSaveEventListener.saveWithGeneratedId(AbstractSaveEventListener.java:120)
	at org.hibernate.event.internal.DefaultSaveOrUpdateEventListener.saveWithGeneratedOrRequestedId(DefaultSaveOrUpdateEventListener.java:204)
	at org.hibernate.event.internal.DefaultSaveOrUpdateEventListener.entityIsTransient(DefaultSaveOrUpdateEventListener.java:189)
	at org.hibernate.event.internal.DefaultSaveOrUpdateEventListener.performSaveOrUpdate(DefaultSaveOrUpdateEventListener.java:114)
	at org.hibernate.event.internal.DefaultSaveOrUpdateEventListener.onSaveOrUpdate(DefaultSaveOrUpdateEventListener.java:90)
	at org.hibernate.internal.SessionImpl.fireSaveOrUpdate(SessionImpl.java:615)
	at org.hibernate.internal.SessionImpl.saveOrUpdate(SessionImpl.java:608)
	at org.hibernate.engine.spi.CascadingAction$5.cascade(CascadingAction.java:258)
	at org.hibernate.engine.internal.Cascade.cascadeToOne(Cascade.java:380)
	at org.hibernate.engine.internal.Cascade.cascadeAssociation(Cascade.java:323)
	at org.hibernate.engine.internal.Cascade.cascadeProperty(Cascade.java:208)
	at org.hibernate.engine.internal.Cascade.cascadeCollectionElements(Cascade.java:409)
	at org.hibernate.engine.internal.Cascade.cascadeCollection(Cascade.java:350)
	at org.hibernate.engine.internal.Cascade.cascadeAssociation(Cascade.java:326)
	at org.hibernate.engine.internal.Cascade.cascadeProperty(Cascade.java:208)
	at org.hibernate.engine.internal.Cascade.cascade(Cascade.java:165)
	at org.hibernate.event.internal.AbstractFlushingEventListener.cascadeOnFlush(AbstractFlushingEventListener.java:160)
	at org.hibernate.event.internal.AbstractFlushingEventListener.prepareEntityFlushes(AbstractFlushingEventListener.java:151)
	at org.hibernate.event.internal.AbstractFlushingEventListener.flushEverythingToExecutions(AbstractFlushingEventListener.java:88)
	at org.hibernate.event.internal.DefaultAutoFlushEventListener.onAutoFlush(DefaultAutoFlushEventListener.java:55)
	at org.hibernate.internal.SessionImpl.autoFlushIfRequired(SessionImpl.java:1053)
	at org.hibernate.internal.SessionImpl.list(SessionImpl.java:1476)
	at org.hibernate.internal.CriteriaImpl.list(CriteriaImpl.java:374)
	at com.digitnexus.core.id.dao.PojoIdGenerateDaoImpl.findMatchId(PojoIdGenerateDaoImpl.java:88)
	at com.digitnexus.core.id.dao.AbstractBaseIdGenerateDao.generateNextId(AbstractBaseIdGenerateDao.java:62)
	at com.digitnexus.core.id.dao.AbstractBaseIdGenerateDao$$FastClassByCGLIB$$cd59e8a0.invoke(<generated>)
	at net.sf.cglib.proxy.MethodProxy.invoke(MethodProxy.java:191)
	at org.springframework.aop.framework.Cglib2AopProxy$CglibMethodInvocation.invokeJoinpoint(Cglib2AopProxy.java:689)
	at org.springframework.aop.framework.ReflectiveMethodInvocation.proceed(ReflectiveMethodInvocation.java:150)
	at org.springframework.aop.interceptor.ExposeInvocationInterceptor.invoke(ExposeInvocationInterceptor.java:90)
	at org.springframework.aop.framework.ReflectiveMethodInvocation.proceed(ReflectiveMethodInvocation.java:172)
	at org.springframework.aop.framework.Cglib2AopProxy$DynamicAdvisedInterceptor.intercept(Cglib2AopProxy.java:622)
	at com.digitnexus.core.id.dao.PojoIdGenerateDaoImpl$$EnhancerByCGLIB$$24854638.generateNextId(<generated>)
	at com.digitnexus.core.id.business.PojoIdGenerateServiceImpl.generateNextId(PojoIdGenerateServiceImpl.java:95)
	at com.digitnexus.core.id.business.AbstractCacheableIdService.getIdFromCache(AbstractCacheableIdService.java:56)
	at com.digitnexus.core.id.business.PojoIdGenerateServiceImpl.generateId(PojoIdGenerateServiceImpl.java:75)
	at com.digitnexus.core.id.IdGenerateUtil.generateNumberId(IdGenerateUtil.java:60)
	at com.digitnexus.core.id.PojoIdGeneratorHibernate.generate(PojoIdGeneratorHibernate.java:58)
	at org.hibernate.event.internal.AbstractSaveEventListener.saveWithGeneratedId(AbstractSaveEventListener.java:120)
	at org.hibernate.event.internal.DefaultSaveOrUpdateEventListener.saveWithGeneratedOrRequestedId(DefaultSaveOrUpdateEventListener.java:204)
	at org.hibernate.event.internal.DefaultSaveOrUpdateEventListener.entityIsTransient(DefaultSaveOrUpdateEventListener.java:189)
	at org.hibernate.event.internal.DefaultSaveOrUpdateEventListener.performSaveOrUpdate(DefaultSaveOrUpdateEventListener.java:114)
	at org.hibernate.event.internal.DefaultSaveOrUpdateEventListener.onSaveOrUpdate(DefaultSaveOrUpdateEventListener.java:90)
	at org.hibernate.internal.SessionImpl.fireSaveOrUpdate(SessionImpl.java:615)
	at org.hibernate.internal.SessionImpl.saveOrUpdate(SessionImpl.java:608)
	at org.hibernate.engine.spi.CascadingAction$5.cascade(CascadingAction.java:258)
	at org.hibernate.engine.internal.Cascade.cascadeToOne(Cascade.java:380)
	at org.hibernate.engine.internal.Cascade.cascadeAssociation(Cascade.java:323)
	at org.hibernate.engine.internal.Cascade.cascadeProperty(Cascade.java:208)
	at org.hibernate.engine.internal.Cascade.cascadeCollectionElements(Cascade.java:409)
	at org.hibernate.engine.internal.Cascade.cascadeCollection(Cascade.java:350)
	at org.hibernate.engine.internal.Cascade.cascadeAssociation(Cascade.java:326)
	at org.hibernate.engine.internal.Cascade.cascadeProperty(Cascade.java:208)
	at org.hibernate.engine.internal.Cascade.cascade(Cascade.java:165)
	at org.hibernate.event.internal.AbstractFlushingEventListener.cascadeOnFlush(AbstractFlushingEventListener.java:160)
	at org.hibernate.event.internal.AbstractFlushingEventListener.prepareEntityFlushes(AbstractFlushingEventListener.java:151)
	at org.hibernate.event.internal.AbstractFlushingEventListener.flushEverythingToExecutions(AbstractFlushingEventListener.java:88)
	at org.hibernate.event.internal.DefaultAutoFlushEventListener.onAutoFlush(DefaultAutoFlushEventListener.java:55)
	at org.hibernate.internal.SessionImpl.autoFlushIfRequired(SessionImpl.java:1053)
	at org.hibernate.internal.SessionImpl.list(SessionImpl.java:1476)
	at org.hibernate.internal.CriteriaImpl.list(CriteriaImpl.java:374)
	at com.digitnexus.core.id.dao.PojoIdGenerateDaoImpl.findMatchId(PojoIdGenerateDaoImpl.java:88)
	at com.digitnexus.core.id.dao.AbstractBaseIdGenerateDao.generateNextId(AbstractBaseIdGenerateDao.java:62)
	at com.digitnexus.core.id.dao.AbstractBaseIdGenerateDao$$FastClassByCGLIB$$cd59e8a0.invoke(<generated>)
	at net.sf.cglib.proxy.MethodProxy.invoke(MethodProxy.java:191)
	at org.springframework.aop.framework.Cglib2AopProxy$CglibMethodInvocation.invokeJoinpoint(Cglib2AopProxy.java:689)
	at org.springframework.aop.framework.ReflectiveMethodInvocation.proceed(ReflectiveMethodInvocation.java:150)
	at org.springframework.aop.interceptor.ExposeInvocationInterceptor.invoke(ExposeInvocationInterceptor.java:90)
	at org.springframework.aop.framework.ReflectiveMethodInvocation.proceed(ReflectiveMethodInvocation.java:172)
	at org.springframework.aop.framework.Cglib2AopProxy$DynamicAdvisedInterceptor.intercept(Cglib2AopProxy.java:622)
	at com.digitnexus.core.id.dao.PojoIdGenerateDaoImpl$$EnhancerByCGLIB$$24854638.generateNextId(<generated>)
	at com.digitnexus.core.id.business.PojoIdGenerateServiceImpl.generateNextId(PojoIdGenerateServiceImpl.java:95)
	at com.digitnexus.core.id.business.AbstractCacheableIdService.getIdFromCache(AbstractCacheableIdService.java:56)
	at com.digitnexus.core.id.business.PojoIdGenerateServiceImpl.generateId(PojoIdGenerateServiceImpl.java:75)
	at com.digitnexus.core.id.IdGenerateUtil.generateNumberId(IdGenerateUtil.java:60)
	at com.digitnexus.core.id.PojoIdGeneratorHibernate.generate(PojoIdGeneratorHibernate.java:58)
	at org.hibernate.event.internal.AbstractSaveEventListener.saveWithGeneratedId(AbstractSaveEventListener.java:120)
	at org.hibernate.event.internal.DefaultSaveOrUpdateEventListener.saveWithGeneratedOrRequestedId(DefaultSaveOrUpdateEventListener.java:204)
	at org.hibernate.event.internal.DefaultSaveOrUpdateEventListener.entityIsTransient(DefaultSaveOrUpdateEventListener.java:189)
	at org.hibernate.event.internal.DefaultSaveOrUpdateEventListener.performSaveOrUpdate(DefaultSaveOrUpdateEventListener.java:114)
	at org.hibernate.event.internal.DefaultSaveOrUpdateEventListener.onSaveOrUpdate(DefaultSaveOrUpdateEventListener.java:90)
	at org.hibernate.internal.SessionImpl.fireSaveOrUpdate(SessionImpl.java:615)
	at org.hibernate.internal.SessionImpl.saveOrUpdate(SessionImpl.java:608)
	at org.hibernate.engine.spi.CascadingAction$5.cascade(CascadingAction.java:258)
	at org.hibernate.engine.internal.Cascade.cascadeToOne(Cascade.java:380)
	at org.hibernate.engine.internal.Cascade.cascadeAssociation(Cascade.java:323)
	at org.hibernate.engine.internal.Cascade.cascadeProperty(Cascade.java:208)
	at org.hibernate.engine.internal.Cascade.cascadeCollectionElements(Cascade.java:409)
	at org.hibernate.engine.internal.Cascade.cascadeCollection(Cascade.java:350)
	at org.hibernate.engine.internal.Cascade.cascadeAssociation(Cascade.java:326)
	at org.hibernate.engine.internal.Cascade.cascadeProperty(Cascade.java:208)
	at org.hibernate.engine.internal.Cascade.cascade(Cascade.java:165)
	at org.hibernate.event.internal.AbstractFlushingEventListener.cascadeOnFlush(AbstractFlushingEventListener.java:160)
	at org.hibernate.event.internal.AbstractFlushingEventListener.prepareEntityFlushes(AbstractFlushingEventListener.java:151)
	at org.hibernate.event.internal.AbstractFlushingEventListener.flushEverythingToExecutions(AbstractFlushingEventListener.java:88)
	at org.hibernate.event.internal.DefaultAutoFlushEventListener.onAutoFlush(DefaultAutoFlushEventListener.java:55)
	at org.hibernate.internal.SessionImpl.autoFlushIfRequired(SessionImpl.java:1053)
	at org.hibernate.internal.SessionImpl.list(SessionImpl.java:1476)
	at org.hibernate.internal.CriteriaImpl.list(CriteriaImpl.java:374)
	at com.digitnexus.core.id.dao.PojoIdGenerateDaoImpl.findMatchId(PojoIdGenerateDaoImpl.java:88)
	at com.digitnexus.core.id.dao.AbstractBaseIdGenerateDao.generateNextId(AbstractBaseIdGenerateDao.java:62)
	at com.digitnexus.core.id.dao.AbstractBaseIdGenerateDao$$FastClassByCGLIB$$cd59e8a0.invoke(<generated>)
	at net.sf.cglib.proxy.MethodProxy.invoke(MethodProxy.java:191)
	at org.springframework.aop.framework.Cglib2AopProxy$CglibMethodInvocation.invokeJoinpoint(Cglib2AopProxy.java:689)
	at org.springframework.aop.framework.ReflectiveMethodInvocation.proceed(ReflectiveMethodInvocation.java:150)
	at org.springframework.aop.interceptor.ExposeInvocationInterceptor.invoke(ExposeInvocationInterceptor.java:90)
	at org.springframework.aop.framework.ReflectiveMethodInvocation.proceed(ReflectiveMethodInvocation.java:172)
	at org.springframework.aop.framework.Cglib2AopProxy$DynamicAdvisedInterceptor.intercept(Cglib2AopProxy.java:622)
	at com.digitnexus.core.id.dao.PojoIdGenerateDaoImpl$$EnhancerByCGLIB$$24854638.generateNextId(<generated>)
	at com.digitnexus.core.id.business.PojoIdGenerateServiceImpl.generateNextId(PojoIdGenerateServiceImpl.java:95)
	at com.digitnexus.core.id.business.AbstractCacheableIdService.getIdFromCache(AbstractCacheableIdService.java:56)
	at com.digitnexus.core.id.business.PojoIdGenerateServiceImpl.generateId(PojoIdGenerateServiceImpl.java:75)
	at com.digitnexus.core.id.IdGenerateUtil.generateNumberId(IdGenerateUtil.java:60)
	at com.digitnexus.core.id.PojoIdGeneratorHibernate.generate(PojoIdGeneratorHibernate.java:58)
	at org.hibernate.event.internal.AbstractSaveEventListener.saveWithGeneratedId(AbstractSaveEventListener.java:120)
	at org.hibernate.event.internal.DefaultSaveOrUpdateEventListener.saveWithGeneratedOrRequestedId(DefaultSaveOrUpdateEventListener.java:204)
	at org.hibernate.event.internal.DefaultSaveOrUpdateEventListener.entityIsTransient(DefaultSaveOrUpdateEventListener.java:189)
	at org.hibernate.event.internal.DefaultSaveOrUpdateEventListener.performSaveOrUpdate(DefaultSaveOrUpdateEventListener.java:114)
	at org.hibernate.event.internal.DefaultSaveOrUpdateEventListener.onSaveOrUpdate(DefaultSaveOrUpdateEventListener.java:90)
	at org.hibernate.internal.SessionImpl.fireSaveOrUpdate(SessionImpl.java:615)
	at org.hibernate.internal.SessionImpl.saveOrUpdate(SessionImpl.java:608)
	at org.hibernate.engine.spi.CascadingAction$5.cascade(CascadingAction.java:258)
	at org.hibernate.engine.internal.Cascade.cascadeToOne(Cascade.java:380)
	at org.hibernate.engine.internal.Cascade.cascadeAssociation(Cascade.java:323)
	at org.hibernate.engine.internal.Cascade.cascadeProperty(Cascade.java:208)
	at org.hibernate.engine.internal.Cascade.cascadeCollectionElements(Cascade.java:409)
	at org.hibernate.engine.internal.Cascade.cascadeCollection(Cascade.java:350)
	at org.hibernate.engine.internal.Cascade.cascadeAssociation(Cascade.java:326)
	at org.hibernate.engine.internal.Cascade.cascadeProperty(Cascade.java:208)
	at org.hibernate.engine.internal.Cascade.cascade(Cascade.java:165)
	at org.hibernate.event.internal.AbstractFlushingEventListener.cascadeOnFlush(AbstractFlushingEventListener.java:160)
	at org.hibernate.event.internal.AbstractFlushingEventListener.prepareEntityFlushes(AbstractFlushingEventListener.java:151)
	at org.hibernate.event.internal.AbstractFlushingEventListener.flushEverythingToExecutions(AbstractFlushingEventListener.java:88)
	at org.hibernate.event.internal.DefaultAutoFlushEventListener.onAutoFlush(DefaultAutoFlushEventListener.java:55)
	at org.hibernate.internal.SessionImpl.autoFlushIfRequired(SessionImpl.java:1053)
	at org.hibernate.internal.SessionImpl.list(SessionImpl.java:1476)
	at org.hibernate.internal.CriteriaImpl.list(CriteriaImpl.java:374)
	at com.digitnexus.core.id.dao.PojoIdGenerateDaoImpl.findMatchId(PojoIdGenerateDaoImpl.java:88)
	at com.digitnexus.core.id.dao.AbstractBaseIdGenerateDao.generateNextId(AbstractBaseIdGenerateDao.java:62)
	at com.digitnexus.core.id.dao.AbstractBaseIdGenerateDao$$FastClassByCGLIB$$cd59e8a0.invoke(<generated>)
	at net.sf.cglib.proxy.MethodProxy.invoke(MethodProxy.java:191)
	at org.springframework.aop.framework.Cglib2AopProxy$CglibMethodInvocation.invokeJoinpoint(Cglib2AopProxy.java:689)
	at org.springframework.aop.framework.ReflectiveMethodInvocation.proceed(ReflectiveMethodInvocation.java:150)
	at org.springframework.aop.interceptor.ExposeInvocationInterceptor.invoke(ExposeInvocationInterceptor.java:90)
	at org.springframework.aop.framework.ReflectiveMethodInvocation.proceed(ReflectiveMethodInvocation.java:172)
	at org.springframework.aop.framework.Cglib2AopProxy$DynamicAdvisedInterceptor.intercept(Cglib2AopProxy.java:622)
	at com.digitnexus.core.id.dao.PojoIdGenerateDaoImpl$$EnhancerByCGLIB$$24854638.generateNextId(<generated>)
	at com.digitnexus.core.id.business.PojoIdGenerateServiceImpl.generateNextId(PojoIdGenerateServiceImpl.java:95)
	at com.digitnexus.core.id.business.AbstractCacheableIdService.getIdFromCache(AbstractCacheableIdService.java:56)
	at com.digitnexus.core.id.business.PojoIdGenerateServiceImpl.generateId(PojoIdGenerateServiceImpl.java:75)
	at com.digitnexus.core.id.IdGenerateUtil.generateNumberId(IdGenerateUtil.java:60)
	at com.digitnexus.core.id.PojoIdGeneratorHibernate.generate(PojoIdGeneratorHibernate.java:58)
	at org.hibernate.event.internal.AbstractSaveEventListener.saveWithGeneratedId(AbstractSaveEventListener.java:120)
	at org.hibernate.event.internal.DefaultSaveOrUpdateEventListener.saveWithGeneratedOrRequestedId(DefaultSaveOrUpdateEventListener.java:204)
	at org.hibernate.event.internal.DefaultSaveOrUpdateEventListener.entityIsTransient(DefaultSaveOrUpdateEventListener.java:189)
	at org.hibernate.event.internal.DefaultSaveOrUpdateEventListener.performSaveOrUpdate(DefaultSaveOrUpdateEventListener.java:114)
	at org.hibernate.event.internal.DefaultSaveOrUpdateEventListener.onSaveOrUpdate(DefaultSaveOrUpdateEventListener.java:90)
	at org.hibernate.internal.SessionImpl.fireSaveOrUpdate(SessionImpl.java:615)
	at org.hibernate.internal.SessionImpl.saveOrUpdate(SessionImpl.java:608)
	at org.hibernate.engine.spi.CascadingAction$5.cascade(CascadingAction.java:258)
	at org.hibernate.engine.internal.Cascade.cascadeToOne(Cascade.java:380)
	at org.hibernate.engine.internal.Cascade.cascadeAssociation(Cascade.java:323)
	at org.hibernate.engine.internal.Cascade.cascadeProperty(Cascade.java:208)
	at org.hibernate.engine.internal.Cascade.cascadeCollectionElements(Cascade.java:409)
	at org.hibernate.engine.internal.Cascade.cascadeCollection(Cascade.java:350)
	at org.hibernate.engine.internal.Cascade.cascadeAssociation(Cascade.java:326)
	at org.hibernate.engine.internal.Cascade.cascadeProperty(Cascade.java:208)
	at org.hibernate.engine.internal.Cascade.cascade(Cascade.java:165)
	at org.hibernate.event.internal.AbstractFlushingEventListener.cascadeOnFlush(AbstractFlushingEventListener.java:160)
	at org.hibernate.event.internal.AbstractFlushingEventListener.prepareEntityFlushes(AbstractFlushingEventListener.java:151)
	at org.hibernate.event.internal.AbstractFlushingEventListener.flushEverythingToExecutions(AbstractFlushingEventListener.java:88)
	at org.hibernate.event.internal.DefaultAutoFlushEventListener.onAutoFlush(DefaultAutoFlushEventListener.java:55)
	at org.hibernate.internal.SessionImpl.autoFlushIfRequired(SessionImpl.java:1053)
	at org.hibernate.internal.SessionImpl.list(SessionImpl.java:1476)
	at org.hibernate.internal.CriteriaImpl.list(CriteriaImpl.java:374)
	at com.digitnexus.core.id.dao.PojoIdGenerateDaoImpl.findMatchId(PojoIdGenerateDaoImpl.java:88)
	at com.digitnexus.core.id.dao.AbstractBaseIdGenerateDao.generateNextId(AbstractBaseIdGenerateDao.java:62)
	at com.digitnexus.core.id.dao.AbstractBaseIdGenerateDao$$FastClassByCGLIB$$cd59e8a0.invoke(<generated>)
	at net.sf.cglib.proxy.MethodProxy.invoke(MethodProxy.java:191)
	at org.springframework.aop.framework.Cglib2AopProxy$CglibMethodInvocation.invokeJoinpoint(Cglib2AopProxy.java:689)
	at org.springframework.aop.framework.ReflectiveMethodInvocation.proceed(ReflectiveMethodInvocation.java:150)
	at org.springframework.aop.interceptor.ExposeInvocationInterceptor.invoke(ExposeInvocationInterceptor.java:90)
	at org.springframework.aop.framework.ReflectiveMethodInvocation.proceed(ReflectiveMethodInvocation.java:172)
	at org.springframework.aop.framework.Cglib2AopProxy$DynamicAdvisedInterceptor.intercept(Cglib2AopProxy.java:622)
	at com.digitnexus.core.id.dao.PojoIdGenerateDaoImpl$$EnhancerByCGLIB$$24854638.generateNextId(<generated>)
	at com.digitnexus.core.id.business.PojoIdGenerateServiceImpl.generateNextId(PojoIdGenerateServiceImpl.java:95)
	at com.digitnexus.core.id.business.AbstractCacheableIdService.getIdFromCache(AbstractCacheableIdService.java:56)
	at com.digitnexus.core.id.business.PojoIdGenerateServiceImpl.generateId(PojoIdGenerateServiceImpl.java:75)
	at com.digitnexus.core.id.IdGenerateUtil.generateNumberId(IdGenerateUtil.java:60)
	at com.digitnexus.core.id.PojoIdGeneratorHibernate.generate(PojoIdGeneratorHibernate.java:58)
	at org.hibernate.event.internal.AbstractSaveEventListener.saveWithGeneratedId(AbstractSaveEventListener.java:120)
	at org.hibernate.event.internal.DefaultSaveOrUpdateEventListener.saveWithGeneratedOrRequestedId(DefaultSaveOrUpdateEventListener.java:204)
	at org.hibernate.event.internal.DefaultSaveOrUpdateEventListener.entityIsTransient(DefaultSaveOrUpdateEventListener.java:189)
	at org.hibernate.event.internal.DefaultSaveOrUpdateEventListener.performSaveOrUpdate(DefaultSaveOrUpdateEventListener.java:114)
	at org.hibernate.event.internal.DefaultSaveOrUpdateEventListener.onSaveOrUpdate(DefaultSaveOrUpdateEventListener.java:90)
	at org.hibernate.internal.SessionImpl.fireSaveOrUpdate(SessionImpl.java:615)
	at org.hibernate.internal.SessionImpl.saveOrUpdate(SessionImpl.java:608)
	at org.hibernate.engine.spi.CascadingAction$5.cascade(CascadingAction.java:258)
	at org.hibernate.engine.internal.Cascade.cascadeToOne(Cascade.java:380)
	at org.hibernate.engine.internal.Cascade.cascadeAssociation(Cascade.java:323)
	at org.hibernate.engine.internal.Cascade.cascadeProperty(Cascade.java:208)
	at org.hibernate.engine.internal.Cascade.cascadeCollectionElements(Cascade.java:409)
	at org.hibernate.engine.internal.Cascade.cascadeCollection(Cascade.java:350)
	at org.hibernate.engine.internal.Cascade.cascadeAssociation(Cascade.java:326)
	at org.hibernate.engine.internal.Cascade.cascadeProperty(Cascade.java:208)
	at org.hibernate.engine.internal.Cascade.cascade(Cascade.java:165)
	at org.hibernate.event.internal.AbstractFlushingEventListener.cascadeOnFlush(AbstractFlushingEventListener.java:160)
	at org.hibernate.event.internal.AbstractFlushingEventListener.prepareEntityFlushes(AbstractFlushingEventListener.java:151)
	at org.hibernate.event.internal.AbstractFlushingEventListener.flushEverythingToExecutions(AbstractFlushingEventListener.java:88)
	at org.hibernate.event.internal.DefaultAutoFlushEventListener.onAutoFlush(DefaultAutoFlushEventListener.java:55)
	at org.hibernate.internal.SessionImpl.autoFlushIfRequired(SessionImpl.java:1053)
	at org.hibernate.internal.SessionImpl.list(SessionImpl.java:1476)
	at org.hibernate.internal.CriteriaImpl.list(CriteriaImpl.java:374)
	at com.digitnexus.core.id.dao.PojoIdGenerateDaoImpl.findMatchId(PojoIdGenerateDaoImpl.java:88)
	at com.digitnexus.core.id.dao.AbstractBaseIdGenerateDao.generateNextId(AbstractBaseIdGenerateDao.java:62)
	at com.digitnexus.core.id.dao.AbstractBaseIdGenerateDao$$FastClassByCGLIB$$cd59e8a0.invoke(<generated>)
	at net.sf.cglib.proxy.MethodProxy.invoke(MethodProxy.java:191)
	at org.springframework.aop.framework.Cglib2AopProxy$CglibMethodInvocation.invokeJoinpoint(Cglib2AopProxy.java:689)
	at org.springframework.aop.framework.ReflectiveMethodInvocation.proceed(ReflectiveMethodInvocation.java:150)
	at org.springframework.aop.interceptor.ExposeInvocationInterceptor.invoke(ExposeInvocationInterceptor.java:90)
	at org.springframework.aop.framework.ReflectiveMethodInvocation.proceed(ReflectiveMethodInvocation.java:172)
	at org.springframework.aop.framework.Cglib2AopProxy$DynamicAdvisedInterceptor.intercept(Cglib2AopProxy.java:622)
	at com.digitnexus.core.id.dao.PojoIdGenerateDaoImpl$$EnhancerByCGLIB$$24854638.generateNextId(<generated>)
	at com.digitnexus.core.id.business.PojoIdGenerateServiceImpl.generateNextId(PojoIdGenerateServiceImpl.java:95)
	at com.digitnexus.core.id.business.AbstractCacheableIdService.getIdFromCache(AbstractCacheableIdService.java:56)
	at com.digitnexus.core.id.business.PojoIdGenerateServiceImpl.generateId(PojoIdGenerateServiceImpl.java:75)
	at com.digitnexus.core.id.IdGenerateUtil.generateNumberId(IdGenerateUtil.java:60)
	at com.digitnexus.core.id.PojoIdGeneratorHibernate.generate(PojoIdGeneratorHibernate.java:58)
	at org.hibernate.event.internal.AbstractSaveEventListener.saveWithGeneratedId(AbstractSaveEventListener.java:120)
	at org.hibernate.event.internal.DefaultSaveOrUpdateEventListener.saveWithGeneratedOrRequestedId(DefaultSaveOrUpdateEventListener.java:204)
	at org.hibernate.event.internal.DefaultSaveOrUpdateEventListener.entityIsTransient(DefaultSaveOrUpdateEventListener.java:189)
	at org.hibernate.event.internal.DefaultSaveOrUpdateEventListener.performSaveOrUpdate(DefaultSaveOrUpdateEventListener.java:114)
	at org.hibernate.event.internal.DefaultSaveOrUpdateEventListener.onSaveOrUpdate(DefaultSaveOrUpdateEventListener.java:90)
	at org.hibernate.internal.SessionImpl.fireSaveOrUpdate(SessionImpl.java:615)
	at org.hibernate.internal.SessionImpl.saveOrUpdate(SessionImpl.java:608)
	at org.hibernate.engine.spi.CascadingAction$5.cascade(CascadingAction.java:258)
	at org.hibernate.engine.internal.Cascade.cascadeToOne(Cascade.java:380)
	at org.hibernate.engine.internal.Cascade.cascadeAssociation(Cascade.java:323)
	at org.hibernate.engine.internal.Cascade.cascadeProperty(Cascade.java:208)
	at org.hibernate.engine.internal.Cascade.cascadeCollectionElements(Cascade.java:409)
	at org.hibernate.engine.internal.Cascade.cascadeCollection(Cascade.java:350)
	at org.hibernate.engine.internal.Cascade.cascadeAssociation(Cascade.java:326)
	at org.hibernate.engine.internal.Cascade.cascadeProperty(Cascade.java:208)
	at org.hibernate.engine.internal.Cascade.cascade(Cascade.java:165)
	at org.hibernate.event.internal.AbstractFlushingEventListener.cascadeOnFlush(AbstractFlushingEventListener.java:160)
	at org.hibernate.event.internal.AbstractFlushingEventListener.prepareEntityFlushes(AbstractFlushingEventListener.java:151)
	at org.hibernate.event.internal.AbstractFlushingEventListener.flushEverythingToExecutions(AbstractFlushingEventListener.java:88)
	at org.hibernate.event.internal.DefaultAutoFlushEventListener.onAutoFlush(DefaultAutoFlushEventListener.java:55)
	at org.hibernate.internal.SessionImpl.autoFlushIfRequired(SessionImpl.java:1053)
	at org.hibernate.internal.SessionImpl.list(SessionImpl.java:1476)
	at org.hibernate.internal.CriteriaImpl.list(CriteriaImpl.java:374)
	at com.digitnexus.core.id.dao.PojoIdGenerateDaoImpl.findMatchId(PojoIdGenerateDaoImpl.java:88)
	at com.digitnexus.core.id.dao.AbstractBaseIdGenerateDao.generateNextId(AbstractBaseIdGenerateDao.java:62)
	at com.digitnexus.core.id.dao.AbstractBaseIdGenerateDao$$FastClassByCGLIB$$cd59e8a0.invoke(<generated>)
	at net.sf.cglib.proxy.MethodProxy.invoke(MethodProxy.java:191)
	at org.springframework.aop.framework.Cglib2AopProxy$CglibMethodInvocation.invokeJoinpoint(Cglib2AopProxy.java:689)
	at org.springframework.aop.framework.ReflectiveMethodInvocation.proceed(ReflectiveMethodInvocation.java:150)
	at org.springframework.aop.interceptor.ExposeInvocationInterceptor.invoke(ExposeInvocationInterceptor.java:90)
	at org.springframework.aop.framework.ReflectiveMethodInvocation.proceed(ReflectiveMethodInvocation.java:172)
	at org.springframework.aop.framework.Cglib2AopProxy$DynamicAdvisedInterceptor.intercept(Cglib2AopProxy.java:622)
	at com.digitnexus.core.id.dao.PojoIdGenerateDaoImpl$$EnhancerByCGLIB$$24854638.generateNextId(<generated>)
	at com.digitnexus.core.id.business.PojoIdGenerateServiceImpl.generateNextId(PojoIdGenerateServiceImpl.java:95)
	at com.digitnexus.core.id.business.AbstractCacheableIdService.getIdFromCache(AbstractCacheableIdService.java:56)
	at com.digitnexus.core.id.business.PojoIdGenerateServiceImpl.generateId(PojoIdGenerateServiceImpl.java:75)
	at com.digitnexus.core.id.IdGenerateUtil.generateNumberId(IdGenerateUtil.java:60)
	at com.digitnexus.core.id.PojoIdGeneratorHibernate.generate(PojoIdGeneratorHibernate.java:58)
	at org.hibernate.event.internal.AbstractSaveEventListener.saveWithGeneratedId(AbstractSaveEventListener.java:120)
	at org.hibernate.event.internal.DefaultSaveOrUpdateEventListener.saveWithGeneratedOrRequestedId(DefaultSaveOrUpdateEventListener.java:204)
	at org.hibernate.event.internal.DefaultSaveOrUpdateEventListener.entityIsTransient(DefaultSaveOrUpdateEventListener.java:189)
	at org.hibernate.event.internal.DefaultSaveOrUpdateEventListener.performSaveOrUpdate(DefaultSaveOrUpdateEventListener.java:114)
	at org.hibernate.event.internal.DefaultSaveOrUpdateEventListener.onSaveOrUpdate(DefaultSaveOrUpdateEventListener.java:90)
	at org.hibernate.internal.SessionImpl.fireSaveOrUpdate(SessionImpl.java:615)
	at org.hibernate.internal.SessionImpl.saveOrUpdate(SessionImpl.java:608)
	at org.hibernate.engine.spi.CascadingAction$5.cascade(CascadingAction.java:258)
	at org.hibernate.engine.internal.Cascade.cascadeToOne(Cascade.java:380)
	at org.hibernate.engine.internal.Cascade.cascadeAssociation(Cascade.java:323)
	at org.hibernate.engine.internal.Cascade.cascadeProperty(Cascade.java:208)
	at org.hibernate.engine.internal.Cascade.cascadeCollectionElements(Cascade.java:409)
	at org.hibernate.engine.internal.Cascade.cascadeCollection(Cascade.java:350)
	at org.hibernate.engine.internal.Cascade.cascadeAssociation(Cascade.java:326)
	at org.hibernate.engine.internal.Cascade.cascadeProperty(Cascade.java:208)
	at org.hibernate.engine.internal.Cascade.cascade(Cascade.java:165)
	at org.hibernate.event.internal.AbstractFlushingEventListener.cascadeOnFlush(AbstractFlushingEventListener.java:160)
	at org.hibernate.event.internal.AbstractFlushingEventListener.prepareEntityFlushes(AbstractFlushingEventListener.java:151)
	at org.hibernate.event.internal.AbstractFlushingEventListener.flushEverythingToExecutions(AbstractFlushingEventListener.java:88)
	at org.hibernate.event.internal.DefaultAutoFlushEventListener.onAutoFlush(DefaultAutoFlushEventListener.java:55)
	at org.hibernate.internal.SessionImpl.autoFlushIfRequired(SessionImpl.java:1053)
	at org.hibernate.internal.SessionImpl.list(SessionImpl.java:1476)
	at org.hibernate.internal.CriteriaImpl.list(CriteriaImpl.java:374)
	at com.digitnexus.core.id.dao.PojoIdGenerateDaoImpl.findMatchId(PojoIdGenerateDaoImpl.java:88)
	at com.digitnexus.core.id.dao.AbstractBaseIdGenerateDao.generateNextId(AbstractBaseIdGenerateDao.java:62)
	at com.digitnexus.core.id.dao.AbstractBaseIdGenerateDao$$FastClassByCGLIB$$cd59e8a0.invoke(<generated>)
	at net.sf.cglib.proxy.MethodProxy.invoke(MethodProxy.java:191)
	at org.springframework.aop.framework.Cglib2AopProxy$CglibMethodInvocation.invokeJoinpoint(Cglib2AopProxy.java:689)
	at org.springframework.aop.framework.ReflectiveMethodInvocation.proceed(ReflectiveMethodInvocation.java:150)
	at org.springframework.aop.interceptor.ExposeInvocationInterceptor.invoke(ExposeInvocationInterceptor.java:90)
	at org.springframework.aop.framework.ReflectiveMethodInvocation.proceed(ReflectiveMethodInvocation.java:172)
	at org.springframework.aop.framework.Cglib2AopProxy$DynamicAdvisedInterceptor.intercept(Cglib2AopProxy.java:622)
	at com.digitnexus.core.id.dao.PojoIdGenerateDaoImpl$$EnhancerByCGLIB$$24854638.generateNextId(<generated>)
	at com.digitnexus.core.id.business.PojoIdGenerateServiceImpl.generateNextId(PojoIdGenerateServiceImpl.java:95)
	at com.digitnexus.core.id.business.AbstractCacheableIdService.getIdFromCache(AbstractCacheableIdService.java:56)
	at com.digitnexus.core.id.business.PojoIdGenerateServiceImpl.generateId(PojoIdGenerateServiceImpl.java:75)
	at com.digitnexus.core.id.IdGenerateUtil.generateNumberId(IdGenerateUtil.java:60)
	at com.digitnexus.core.id.PojoIdGeneratorHibernate.generate(PojoIdGeneratorHibernate.java:58)
	at org.hibernate.event.internal.AbstractSaveEventListener.saveWithGeneratedId(AbstractSaveEventListener.java:120)
	at org.hibernate.event.internal.DefaultSaveOrUpdateEventListener.saveWithGeneratedOrRequestedId(DefaultSaveOrUpdateEventListener.java:204)
	at org.hibernate.event.internal.DefaultSaveOrUpdateEventListener.entityIsTransient(DefaultSaveOrUpdateEventListener.java:189)
	at org.hibernate.event.internal.DefaultSaveOrUpdateEventListener.performSaveOrUpdate(DefaultSaveOrUpdateEventListener.java:114)
	at org.hibernate.event.internal.DefaultSaveOrUpdateEventListener.onSaveOrUpdate(DefaultSaveOrUpdateEventListener.java:90)
	at org.hibernate.internal.SessionImpl.fireSaveOrUpdate(SessionImpl.java:615)
	at org.hibernate.internal.SessionImpl.saveOrUpdate(SessionImpl.java:608)
	at org.hibernate.engine.spi.CascadingAction$5.cascade(CascadingAction.java:258)
	at org.hibernate.engine.internal.Cascade.cascadeToOne(Cascade.java:380)
	at org.hibernate.engine.internal.Cascade.cascadeAssociation(Cascade.java:323)
	at org.hibernate.engine.internal.Cascade.cascadeProperty(Cascade.java:208)
	at org.hibernate.engine.internal.Cascade.cascadeCollectionElements(Cascade.java:409)
	at org.hibernate.engine.internal.Cascade.cascadeCollection(Cascade.java:350)
	at org.hibernate.engine.internal.Cascade.cascadeAssociation(Cascade.java:326)
	at org.hibernate.engine.internal.Cascade.cascadeProperty(Cascade.java:208)
	at org.hibernate.engine.internal.Cascade.cascade(Cascade.java:165)
	at org.hibernate.event.internal.AbstractFlushingEventListener.cascadeOnFlush(AbstractFlushingEventListener.java:160)
	at org.hibernate.event.internal.AbstractFlushingEventListener.prepareEntityFlushes(AbstractFlushingEventListener.java:151)
	at org.hibernate.event.internal.AbstractFlushingEventListener.flushEverythingToExecutions(AbstractFlushingEventListener.java:88)
	at org.hibernate.event.internal.DefaultAutoFlushEventListener.onAutoFlush(DefaultAutoFlushEventListener.java:55)
	at org.hibernate.internal.SessionImpl.autoFlushIfRequired(SessionImpl.java:1053)
	at org.hibernate.internal.SessionImpl.list(SessionImpl.java:1476)
	at org.hibernate.internal.CriteriaImpl.list(CriteriaImpl.java:374)
	at com.digitnexus.core.id.dao.PojoIdGenerateDaoImpl.findMatchId(PojoIdGenerateDaoImpl.java:88)
	at com.digitnexus.core.id.dao.AbstractBaseIdGenerateDao.generateNextId(AbstractBaseIdGenerateDao.java:62)
	at com.digitnexus.core.id.dao.AbstractBaseIdGenerateDao$$FastClassByCGLIB$$cd59e8a0.invoke(<generated>)
	at net.sf.cglib.proxy.MethodProxy.invoke(MethodProxy.java:191)
	at org.springframework.aop.framework.Cglib2AopProxy$CglibMethodInvocation.invokeJoinpoint(Cglib2AopProxy.java:689)
	at org.springframework.aop.framework.ReflectiveMethodInvocation.proceed(ReflectiveMethodInvocation.java:150)
	at org.springframework.aop.interceptor.ExposeInvocationInterceptor.invoke(ExposeInvocationInterceptor.java:90)
	at org.springframework.aop.framework.ReflectiveMethodInvocation.proceed(ReflectiveMethodInvocation.java:172)
	at org.springframework.aop.framework.Cglib2AopProxy$DynamicAdvisedInterceptor.intercept(Cglib2AopProxy.java:622)
	at com.digitnexus.core.id.dao.PojoIdGenerateDaoImpl$$EnhancerByCGLIB$$24854638.generateNextId(<generated>)
	at com.digitnexus.core.id.business.PojoIdGenerateServiceImpl.generateNextId(PojoIdGenerateServiceImpl.java:95)
	at com.digitnexus.core.id.business.AbstractCacheableIdService.getIdFromCache(AbstractCacheableIdService.java:56)
	at com.digitnexus.core.id.business.PojoIdGenerateServiceImpl.generateId(PojoIdGenerateServiceImpl.java:75)
	at com.digitnexus.core.id.IdGenerateUtil.generateNumberId(IdGenerateUtil.java:60)
	at com.digitnexus.core.id.PojoIdGeneratorHibernate.generate(PojoIdGeneratorHibernate.java:58)
	at org.hibernate.event.internal.AbstractSaveEventListener.saveWithGeneratedId(AbstractSaveEventListener.java:120)
	at org.hibernate.event.internal.DefaultSaveOrUpdateEventListener.saveWithGeneratedOrRequestedId(DefaultSaveOrUpdateEventListener.java:204)
	at org.hibernate.event.internal.DefaultSaveOrUpdateEventListener.entityIsTransient(DefaultSaveOrUpdateEventListener.java:189)
	at org.hibernate.event.internal.DefaultSaveOrUpdateEventListener.performSaveOrUpdate(DefaultSaveOrUpdateEventListener.java:114)
	at org.hibernate.event.internal.DefaultSaveOrUpdateEventListener.onSaveOrUpdate(DefaultSaveOrUpdateEventListener.java:90)
	at org.hibernate.internal.SessionImpl.fireSaveOrUpdate(SessionImpl.java:615)
	at org.hibernate.internal.SessionImpl.saveOrUpdate(SessionImpl.java:608)
	at org.hibernate.engine.spi.CascadingAction$5.cascade(CascadingAction.java:258)
	at org.hibernate.engine.internal.Cascade.cascadeToOne(Cascade.java:380)
	at org.hibernate.engine.internal.Cascade.cascadeAssociation(Cascade.java:323)
	at org.hibernate.engine.internal.Cascade.cascadeProperty(Cascade.java:208)
	at org.hibernate.engine.internal.Cascade.cascadeCollectionElements(Cascade.java:409)
	at org.hibernate.engine.internal.Cascade.cascadeCollection(Cascade.java:350)
	at org.hibernate.engine.internal.Cascade.cascadeAssociation(Cascade.java:326)
	at org.hibernate.engine.internal.Cascade.cascadeProperty(Cascade.java:208)
	at org.hibernate.engine.internal.Cascade.cascade(Cascade.java:165)
	at org.hibernate.event.internal.AbstractFlushingEventListener.cascadeOnFlush(AbstractFlushingEventListener.java:160)
	at org.hibernate.event.internal.AbstractFlushingEventListener.prepareEntityFlushes(AbstractFlushingEventListener.java:151)
	at org.hibernate.event.internal.AbstractFlushingEventListener.flushEverythingToExecutions(AbstractFlushingEventListener.java:88)
	at org.hibernate.event.internal.DefaultAutoFlushEventListener.onAutoFlush(DefaultAutoFlushEventListener.java:55)
	at org.hibernate.internal.SessionImpl.autoFlushIfRequired(SessionImpl.java:1053)
	at org.hibernate.internal.SessionImpl.list(SessionImpl.java:1476)
	at org.hibernate.internal.CriteriaImpl.list(CriteriaImpl.java:374)
	at com.digitnexus.core.id.dao.PojoIdGenerateDaoImpl.findMatchId(PojoIdGenerateDaoImpl.java:88)
	at com.digitnexus.core.id.dao.AbstractBaseIdGenerateDao.generateNextId(AbstractBaseIdGenerateDao.java:62)
	at com.digitnexus.core.id.dao.AbstractBaseIdGenerateDao$$FastClassByCGLIB$$cd59e8a0.invoke(<generated>)
	at net.sf.cglib.proxy.MethodProxy.invoke(MethodProxy.java:191)
	at org.springframework.aop.framework.Cglib2AopProxy$CglibMethodInvocation.invokeJoinpoint(Cglib2AopProxy.java:689)
	at org.springframework.aop.framework.ReflectiveMethodInvocation.proceed(ReflectiveMethodInvocation.java:150)
	at org.springframework.aop.interceptor.ExposeInvocationInterceptor.invoke(ExposeInvocationInterceptor.java:90)
	at org.springframework.aop.framework.ReflectiveMethodInvocation.proceed(ReflectiveMethodInvocation.java:172)
	at org.springframework.aop.framework.Cglib2AopProxy$DynamicAdvisedInterceptor.intercept(Cglib2AopProxy.java:622)
	at com.digitnexus.core.id.dao.PojoIdGenerateDaoImpl$$EnhancerByCGLIB$$24854638.generateNextId(<generated>)
	at com.digitnexus.core.id.business.PojoIdGenerateServiceImpl.generateNextId(PojoIdGenerateServiceImpl.java:95)
	at com.digitnexus.core.id.business.AbstractCacheableIdService.getIdFromCache(AbstractCacheableIdService.java:56)
	at com.digitnexus.core.id.business.PojoIdGenerateServiceImpl.generateId(PojoIdGenerateServiceImpl.java:75)
	at com.digitnexus.core.id.IdGenerateUtil.generateNumberId(IdGenerateUtil.java:60)
	at com.digitnexus.core.id.PojoIdGeneratorHibernate.generate(PojoIdGeneratorHibernate.java:58)
	at org.hibernate.event.internal.AbstractSaveEventListener.saveWithGeneratedId(AbstractSaveEventListener.java:120)
	at org.hibernate.event.internal.DefaultSaveOrUpdateEventListener.saveWithGeneratedOrRequestedId(DefaultSaveOrUpdateEventListener.java:204)
	at org.hibernate.event.internal.DefaultSaveOrUpdateEventListener.entityIsTransient(DefaultSaveOrUpdateEventListener.java:189)
	at org.hibernate.event.internal.DefaultSaveOrUpdateEventListener.performSaveOrUpdate(DefaultSaveOrUpdateEventListener.java:114)
	at org.hibernate.event.internal.DefaultSaveOrUpdateEventListener.onSaveOrUpdate(DefaultSaveOrUpdateEventListener.java:90)
	at org.hibernate.internal.SessionImpl.fireSaveOrUpdate(SessionImpl.java:615)
	at org.hibernate.internal.SessionImpl.saveOrUpdate(SessionImpl.java:608)
	at org.hibernate.engine.spi.CascadingAction$5.cascade(CascadingAction.java:258)
	at org.hibernate.engine.internal.Cascade.cascadeToOne(Cascade.java:380)
	at org.hibernate.engine.internal.Cascade.cascadeAssociation(Cascade.java:323)
	at org.hibernate.engine.internal.Cascade.cascadeProperty(Cascade.java:208)
	at org.hibernate.engine.internal.Cascade.cascadeCollectionElements(Cascade.java:409)
	at org.hibernate.engine.internal.Cascade.cascadeCollection(Cascade.java:350)
	at org.hibernate.engine.internal.Cascade.cascadeAssociation(Cascade.java:326)
	at org.hibernate.engine.internal.Cascade.cascadeProperty(Cascade.java:208)
	at org.hibernate.engine.internal.Cascade.cascade(Cascade.java:165)
	at org.hibernate.event.internal.AbstractFlushingEventListener.cascadeOnFlush(AbstractFlushingEventListener.java:160)
	at org.hibernate.event.internal.AbstractFlushingEventListener.prepareEntityFlushes(AbstractFlushingEventListener.java:151)
	at org.hibernate.event.internal.AbstractFlushingEventListener.flushEverythingToExecutions(AbstractFlushingEventListener.java:88)
	at org.hibernate.event.internal.DefaultAutoFlushEventListener.onAutoFlush(DefaultAutoFlushEventListener.java:55)
	at org.hibernate.internal.SessionImpl.autoFlushIfRequired(SessionImpl.java:1053)
	at org.hibernate.internal.SessionImpl.list(SessionImpl.java:1476)
	at org.hibernate.internal.CriteriaImpl.list(CriteriaImpl.java:374)
	at com.digitnexus.core.id.dao.PojoIdGenerateDaoImpl.findMatchId(PojoIdGenerateDaoImpl.java:88)
	at com.digitnexus.core.id.dao.AbstractBaseIdGenerateDao.generateNextId(AbstractBaseIdGenerateDao.java:62)
	at com.digitnexus.core.id.dao.AbstractBaseIdGenerateDao$$FastClassByCGLIB$$cd59e8a0.invoke(<generated>)
	at net.sf.cglib.proxy.MethodProxy.invoke(MethodProxy.java:191)
	at org.springframework.aop.framework.Cglib2AopProxy$CglibMethodInvocation.invokeJoinpoint(Cglib2AopProxy.java:689)
	at org.springframework.aop.framework.ReflectiveMethodInvocation.proceed(ReflectiveMethodInvocation.java:150)
	at org.springframework.aop.interceptor.ExposeInvocationInterceptor.invoke(ExposeInvocationInterceptor.java:90)
	at org.springframework.aop.framework.ReflectiveMethodInvocation.proceed(ReflectiveMethodInvocation.java:172)
	at org.springframework.aop.framework.Cglib2AopProxy$DynamicAdvisedInterceptor.intercept(Cglib2AopProxy.java:622)
	at com.digitnexus.core.id.dao.PojoIdGenerateDaoImpl$$EnhancerByCGLIB$$24854638.generateNextId(<generated>)
	at com.digitnexus.core.id.business.PojoIdGenerateServiceImpl.generateNextId(PojoIdGenerateServiceImpl.java:95)
	at com.digitnexus.core.id.business.AbstractCacheableIdService.getIdFromCache(AbstractCacheableIdService.java:56)
	at com.digitnexus.core.id.business.PojoIdGenerateServiceImpl.generateId(PojoIdGenerateServiceImpl.java:75)
	at com.digitnexus.core.id.IdGenerateUtil.generateNumberId(IdGenerateUtil.java:60)
	at com.digitnexus.core.id.PojoIdGeneratorHibernate.generate(PojoIdGeneratorHibernate.java:58)
	at org.hibernate.event.internal.AbstractSaveEventListener.saveWithGeneratedId(AbstractSaveEventListener.java:120)
	at org.hibernate.event.internal.DefaultSaveOrUpdateEventListener.saveWithGeneratedOrRequestedId(DefaultSaveOrUpdateEventListener.java:204)
	at org.hibernate.event.internal.DefaultSaveOrUpdateEventListener.entityIsTransient(DefaultSaveOrUpdateEventListener.java:189)
	at org.hibernate.event.internal.DefaultSaveOrUpdateEventListener.performSaveOrUpdate(DefaultSaveOrUpdateEventListener.java:114)
	at org.hibernate.event.internal.DefaultSaveOrUpdateEventListener.onSaveOrUpdate(DefaultSaveOrUpdateEventListener.java:90)
	at org.hibernate.internal.SessionImpl.fireSaveOrUpdate(SessionImpl.java:615)
	at org.hibernate.internal.SessionImpl.saveOrUpdate(SessionImpl.java:608)
	at org.hibernate.engine.spi.CascadingAction$5.cascade(CascadingAction.java:258)
	at org.hibernate.engine.internal.Cascade.cascadeToOne(Cascade.java:380)
	at org.hibernate.engine.internal.Cascade.cascadeAssociation(Cascade.java:323)
	at org.hibernate.engine.internal.Cascade.cascadeProperty(Cascade.java:208)
	at org.hibernate.engine.internal.Cascade.cascadeCollectionElements(Cascade.java:409)
	at org.hibernate.engine.internal.Cascade.cascadeCollection(Cascade.java:350)
	at org.hibernate.engine.internal.Cascade.cascadeAssociation(Cascade.java:326)
	at org.hibernate.engine.internal.Cascade.cascadeProperty(Cascade.java:208)
	at org.hibernate.engine.internal.Cascade.cascade(Cascade.java:165)
	at org.hibernate.event.internal.AbstractFlushingEventListener.cascadeOnFlush(AbstractFlushingEventListener.java:160)
	at org.hibernate.event.internal.AbstractFlushingEventListener.prepareEntityFlushes(AbstractFlushingEventListener.java:151)
	at org.hibernate.event.internal.AbstractFlushingEventListener.flushEverythingToExecutions(AbstractFlushingEventListener.java:88)
	at org.hibernate.event.internal.DefaultAutoFlushEventListener.onAutoFlush(DefaultAutoFlushEventListener.java:55)
	at org.hibernate.internal.SessionImpl.autoFlushIfRequired(SessionImpl.java:1053)
	at org.hibernate.internal.SessionImpl.list(SessionImpl.java:1476)
	at org.hibernate.internal.CriteriaImpl.list(CriteriaImpl.java:374)
	at com.digitnexus.core.id.dao.PojoIdGenerateDaoImpl.findMatchId(PojoIdGenerateDaoImpl.java:88)
	at com.digitnexus.core.id.dao.AbstractBaseIdGenerateDao.generateNextId(AbstractBaseIdGenerateDao.java:62)
	at com.digitnexus.core.id.dao.AbstractBaseIdGenerateDao$$FastClassByCGLIB$$cd59e8a0.invoke(<generated>)
	at net.sf.cglib.proxy.MethodProxy.invoke(MethodProxy.java:191)
	at org.springframework.aop.framework.Cglib2AopProxy$CglibMethodInvocation.invokeJoinpoint(Cglib2AopProxy.java:689)
	at org.springframework.aop.framework.ReflectiveMethodInvocation.proceed(ReflectiveMethodInvocation.java:150)
	at org.springframework.aop.interceptor.ExposeInvocationInterceptor.invoke(ExposeInvocationInterceptor.java:90)
	at org.springframework.aop.framework.ReflectiveMethodInvocation.proceed(ReflectiveMethodInvocation.java:172)
	at org.springframework.aop.framework.Cglib2AopProxy$DynamicAdvisedInterceptor.intercept(Cglib2AopProxy.java:622)
	at com.digitnexus.core.id.dao.PojoIdGenerateDaoImpl$$EnhancerByCGLIB$$24854638.generateNextId(<generated>)
	at com.digitnexus.core.id.business.PojoIdGenerateServiceImpl.generateNextId(PojoIdGenerateServiceImpl.java:95)
	at com.digitnexus.core.id.business.AbstractCacheableIdService.getIdFromCache(AbstractCacheableIdService.java:56)
	at com.digitnexus.core.id.business.PojoIdGenerateServiceImpl.generateId(PojoIdGenerateServiceImpl.java:75)
	at com.digitnexus.core.id.IdGenerateUtil.generateNumberId(IdGenerateUtil.java:60)
	at com.digitnexus.core.id.PojoIdGeneratorHibernate.generate(PojoIdGeneratorHibernate.java:58)
	at org.hibernate.event.internal.AbstractSaveEventListener.saveWithGeneratedId(AbstractSaveEventListener.java:120)
	at org.hibernate.event.internal.DefaultSaveOrUpdateEventListener.saveWithGeneratedOrRequestedId(DefaultSaveOrUpdateEventListener.java:204)
	at org.hibernate.event.internal.DefaultSaveOrUpdateEventListener.entityIsTransient(DefaultSaveOrUpdateEventListener.java:189)
	at org.hibernate.event.internal.DefaultSaveOrUpdateEventListener.performSaveOrUpdate(DefaultSaveOrUpdateEventListener.java:114)
	at org.hibernate.event.internal.DefaultSaveOrUpdateEventListener.onSaveOrUpdate(DefaultSaveOrUpdateEventListener.java:90)
	at org.hibernate.internal.SessionImpl.fireSaveOrUpdate(SessionImpl.java:615)
	at org.hibernate.internal.SessionImpl.saveOrUpdate(SessionImpl.java:608)
	at org.hibernate.engine.spi.CascadingAction$5.cascade(CascadingAction.java:258)
	at org.hibernate.engine.internal.Cascade.cascadeToOne(Cascade.java:380)
	at org.hibernate.engine.internal.Cascade.cascadeAssociation(Cascade.java:323)
	at org.hibernate.engine.internal.Cascade.cascadeProperty(Cascade.java:208)
	at org.hibernate.engine.internal.Cascade.cascadeCollectionElements(Cascade.java:409)
	at org.hibernate.engine.internal.Cascade.cascadeCollection(Cascade.java:350)
	at org.hibernate.engine.internal.Cascade.cascadeAssociation(Cascade.java:326)
	at org.hibernate.engine.internal.Cascade.cascadeProperty(Cascade.java:208)
	at org.hibernate.engine.internal.Cascade.cascade(Cascade.java:165)
	at org.hibernate.event.internal.AbstractFlushingEventListener.cascadeOnFlush(AbstractFlushingEventListener.java:160)
	at org.hibernate.event.internal.AbstractFlushingEventListener.prepareEntityFlushes(AbstractFlushingEventListener.java:151)
	at org.hibernate.event.internal.AbstractFlushingEventListener.flushEverythingToExecutions(AbstractFlushingEventListener.java:88)
	at org.hibernate.event.internal.DefaultAutoFlushEventListener.onAutoFlush(DefaultAutoFlushEventListener.java:55)
	at org.hibernate.internal.SessionImpl.autoFlushIfRequired(SessionImpl.java:1053)
	at org.hibernate.internal.SessionImpl.list(SessionImpl.java:1476)
	at org.hibernate.internal.CriteriaImpl.list(CriteriaImpl.java:374)
	at com.digitnexus.core.id.dao.PojoIdGenerateDaoImpl.findMatchId(PojoIdGenerateDaoImpl.java:88)
	at com.digitnexus.core.id.dao.AbstractBaseIdGenerateDao.generateNextId(AbstractBaseIdGenerateDao.java:62)
	at com.digitnexus.core.id.dao.AbstractBaseIdGenerateDao$$FastClassByCGLIB$$cd59e8a0.invoke(<generated>)
	at net.sf.cglib.proxy.MethodProxy.invoke(MethodProxy.java:191)
	at org.springframework.aop.framework.Cglib2AopProxy$CglibMethodInvocation.invokeJoinpoint(Cglib2AopProxy.java:689)
	at org.springframework.aop.framework.ReflectiveMethodInvocation.proceed(ReflectiveMethodInvocation.java:150)
	at org.springframework.aop.interceptor.ExposeInvocationInterceptor.invoke(ExposeInvocationInterceptor.java:90)
	at org.springframework.aop.framework.ReflectiveMethodInvocation.proceed(ReflectiveMethodInvocation.java:172)
	at org.springframework.aop.framework.Cglib2AopProxy$DynamicAdvisedInterceptor.intercept(Cglib2AopProxy.java:622)
	at com.digitnexus.core.id.dao.PojoIdGenerateDaoImpl$$EnhancerByCGLIB$$24854638.generateNextId(<generated>)
	at com.digitnexus.core.id.business.PojoIdGenerateServiceImpl.generateNextId(PojoIdGenerateServiceImpl.java:95)
	at com.digitnexus.core.id.business.AbstractCacheableIdService.getIdFromCache(AbstractCacheableIdService.java:56)
	at com.digitnexus.core.id.business.PojoIdGenerateServiceImpl.generateId(PojoIdGenerateServiceImpl.java:75)
	at com.digitnexus.core.id.IdGenerateUtil.generateNumberId(IdGenerateUtil.java:60)
	at com.digitnexus.core.id.PojoIdGeneratorHibernate.generate(PojoIdGeneratorHibernate.java:58)
	at org.hibernate.event.internal.AbstractSaveEventListener.saveWithGeneratedId(AbstractSaveEventListener.java:120)
	at org.hibernate.event.internal.DefaultSaveOrUpdateEventListener.saveWithGeneratedOrRequestedId(DefaultSaveOrUpdateEventListener.java:204)
	at org.hibernate.event.internal.DefaultSaveOrUpdateEventListener.entityIsTransient(DefaultSaveOrUpdateEventListener.java:189)
	at org.hibernate.event.internal.DefaultSaveOrUpdateEventListener.performSaveOrUpdate(DefaultSaveOrUpdateEventListener.java:114)
	at org.hibernate.event.internal.DefaultSaveOrUpdateEventListener.onSaveOrUpdate(DefaultSaveOrUpdateEventListener.java:90)
	at org.hibernate.internal.SessionImpl.fireSaveOrUpdate(SessionImpl.java:615)
	at org.hibernate.internal.SessionImpl.saveOrUpdate(SessionImpl.java:608)
	at org.hibernate.engine.spi.CascadingAction$5.cascade(CascadingAction.java:258)
	at org.hibernate.engine.internal.Cascade.cascadeToOne(Cascade.java:380)
	at org.hibernate.engine.internal.Cascade.cascadeAssociation(Cascade.java:323)
	at org.hibernate.engine.internal.Cascade.cascadeProperty(Cascade.java:208)
	at org.hibernate.engine.internal.Cascade.cascadeCollectionElements(Cascade.java:409)
	at org.hibernate.engine.internal.Cascade.cascadeCollection(Cascade.java:350)
	at org.hibernate.engine.internal.Cascade.cascadeAssociation(Cascade.java:326)
	at org.hibernate.engine.internal.Cascade.cascadeProperty(Cascade.java:208)
	at org.hibernate.engine.internal.Cascade.cascade(Cascade.java:165)
	at org.hibernate.event.internal.AbstractFlushingEventListener.cascadeOnFlush(AbstractFlushingEventListener.java:160)
	at org.hibernate.event.internal.AbstractFlushingEventListener.prepareEntityFlushes(AbstractFlushingEventListener.java:151)
	at org.hibernate.event.internal.AbstractFlushingEventListener.flushEverythingToExecutions(AbstractFlushingEventListener.java:88)
	at org.hibernate.event.internal.DefaultAutoFlushEventListener.onAutoFlush(DefaultAutoFlushEventListener.java:55)
	at org.hibernate.internal.SessionImpl.autoFlushIfRequired(SessionImpl.java:1053)
	at org.hibernate.internal.SessionImpl.list(SessionImpl.java:1476)
	at org.hibernate.internal.CriteriaImpl.list(CriteriaImpl.java:374)
	at com.digitnexus.core.id.dao.PojoIdGenerateDaoImpl.findMatchId(PojoIdGenerateDaoImpl.java:88)
	at com.digitnexus.core.id.dao.AbstractBaseIdGenerateDao.generateNextId(AbstractBaseIdGenerateDao.java:62)
	at com.digitnexus.core.id.dao.AbstractBaseIdGenerateDao$$FastClassByCGLIB$$cd59e8a0.invoke(<generated>)
	at net.sf.cglib.proxy.MethodProxy.invoke(MethodProxy.java:191)
	at org.springframework.aop.framework.Cglib2AopProxy$CglibMethodInvocation.invokeJoinpoint(Cglib2AopProxy.java:689)
	at org.springframework.aop.framework.ReflectiveMethodInvocation.proceed(ReflectiveMethodInvocation.java:150)
	at org.springframework.aop.interceptor.ExposeInvocationInterceptor.invoke(ExposeInvocationInterceptor.java:90)
	at org.springframework.aop.framework.ReflectiveMethodInvocation.proceed(ReflectiveMethodInvocation.java:172)
	at org.springframework.aop.framework.Cglib2AopProxy$DynamicAdvisedInterceptor.intercept(Cglib2AopProxy.java:622)
	at com.digitnexus.core.id.dao.PojoIdGenerateDaoImpl$$EnhancerByCGLIB$$24854638.generateNextId(<generated>)
	at com.digitnexus.core.id.business.PojoIdGenerateServiceImpl.generateNextId(PojoIdGenerateServiceImpl.java:95)
	at com.digitnexus.core.id.business.AbstractCacheableIdService.getIdFromCache(AbstractCacheableIdService.java:56)
	at com.digitnexus.core.id.business.PojoIdGenerateServiceImpl.generateId(PojoIdGenerateServiceImpl.java:75)
	at com.digitnexus.core.id.IdGenerateUtil.generateNumberId(IdGenerateUtil.java:60)
	at com.digitnexus.core.id.PojoIdGeneratorHibernate.generate(PojoIdGeneratorHibernate.java:58)
	at org.hibernate.event.internal.AbstractSaveEventListener.saveWithGeneratedId(AbstractSaveEventListener.java:120)
	at org.hibernate.event.internal.DefaultSaveOrUpdateEventListener.saveWithGeneratedOrRequestedId(DefaultSaveOrUpdateEventListener.java:204)
	at org.hibernate.event.internal.DefaultSaveOrUpdateEventListener.entityIsTransient(DefaultSaveOrUpdateEventListener.java:189)
	at org.hibernate.event.internal.DefaultSaveOrUpdateEventListener.performSaveOrUpdate(DefaultSaveOrUpdateEventListener.java:114)
	at org.hibernate.event.internal.DefaultSaveOrUpdateEventListener.onSaveOrUpdate(DefaultSaveOrUpdateEventListener.java:90)
	at org.hibernate.internal.SessionImpl.fireSaveOrUpdate(SessionImpl.java:615)
	at org.hibernate.internal.SessionImpl.saveOrUpdate(SessionImpl.java:608)
	at org.hibernate.engine.spi.CascadingAction$5.cascade(CascadingAction.java:258)
	at org.hibernate.engine.internal.Cascade.cascadeToOne(Cascade.java:380)
	at org.hibernate.engine.internal.Cascade.cascadeAssociation(Cascade.java:323)
	at org.hibernate.engine.internal.Cascade.cascadeProperty(Cascade.java:208)
	at org.hibernate.engine.internal.Cascade.cascadeCollectionElements(Cascade.java:409)
	at org.hibernate.engine.internal.Cascade.cascadeCollection(Cascade.java:350)
	at org.hibernate.engine.internal.Cascade.cascadeAssociation(Cascade.java:326)
	at org.hibernate.engine.internal.Cascade.cascadeProperty(Cascade.java:208)
	at org.hibernate.engine.internal.Cascade.cascade(Cascade.java:165)
	at org.hibernate.event.internal.AbstractFlushingEventListener.cascadeOnFlush(AbstractFlushingEventListener.java:160)
	at org.hibernate.event.internal.AbstractFlushingEventListener.prepareEntityFlushes(AbstractFlushingEventListener.java:151)
	at org.hibernate.event.internal.AbstractFlushingEventListener.flushEverythingToExecutions(AbstractFlushingEventListener.java:88)
	at org.hibernate.event.internal.DefaultAutoFlushEventListener.onAutoFlush(DefaultAutoFlushEventListener.java:55)
	at org.hibernate.internal.SessionImpl.autoFlushIfRequired(SessionImpl.java:1053)
	at org.hibernate.internal.SessionImpl.list(SessionImpl.java:1476)
	at org.hibernate.internal.CriteriaImpl.list(CriteriaImpl.java:374)
	at com.digitnexus.core.id.dao.PojoIdGenerateDaoImpl.findMatchId(PojoIdGenerateDaoImpl.java:88)
	at com.digitnexus.core.id.dao.AbstractBaseIdGenerateDao.generateNextId(AbstractBaseIdGenerateDao.java:62)
	at com.digitnexus.core.id.dao.AbstractBaseIdGenerateDao$$FastClassByCGLIB$$cd59e8a0.invoke(<generated>)
	at net.sf.cglib.proxy.MethodProxy.invoke(MethodProxy.java:191)
	at org.springframework.aop.framework.Cglib2AopProxy$CglibMethodInvocation.invokeJoinpoint(Cglib2AopProxy.java:689)
	at org.springframework.aop.framework.ReflectiveMethodInvocation.proceed(ReflectiveMethodInvocation.java:150)
	at org.springframework.aop.interceptor.ExposeInvocationInterceptor.invoke(ExposeInvocationInterceptor.java:90)
	at org.springframework.aop.framework.ReflectiveMethodInvocation.proceed(ReflectiveMethodInvocation.java:172)
	at org.springframework.aop.framework.Cglib2AopProxy$DynamicAdvisedInterceptor.intercept(Cglib2AopProxy.java:622)
	at com.digitnexus.core.id.dao.PojoIdGenerateDaoImpl$$EnhancerByCGLIB$$24854638.generateNextId(<generated>)
	at com.digitnexus.core.id.business.PojoIdGenerateServiceImpl.generateNextId(PojoIdGenerateServiceImpl.java:95)
	at com.digitnexus.core.id.business.AbstractCacheableIdService.getIdFromCache(AbstractCacheableIdService.java:56)
	at com.digitnexus.core.id.business.PojoIdGenerateServiceImpl.generateId(PojoIdGenerateServiceImpl.java:75)
	at com.digitnexus.core.id.IdGenerateUtil.generateNumberId(IdGenerateUtil.java:60)
	at com.digitnexus.core.id.PojoIdGeneratorHibernate.generate(PojoIdGeneratorHibernate.java:58)
	at org.hibernate.event.internal.AbstractSaveEventListener.saveWithGeneratedId(AbstractSaveEventListener.java:120)
	at org.hibernate.event.internal.DefaultSaveOrUpdateEventListener.saveWithGeneratedOrRequestedId(DefaultSaveOrUpdateEventListener.java:204)
	at org.hibernate.event.internal.DefaultSaveOrUpdateEventListener.entityIsTransient(DefaultSaveOrUpdateEventListener.java:189)
	at org.hibernate.event.internal.DefaultSaveOrUpdateEventListener.performSaveOrUpdate(DefaultSaveOrUpdateEventListener.java:114)
	at org.hibernate.event.internal.DefaultSaveOrUpdateEventListener.onSaveOrUpdate(DefaultSaveOrUpdateEventListener.java:90)
	at org.hibernate.internal.SessionImpl.fireSaveOrUpdate(SessionImpl.java:615)
	at org.hibernate.internal.SessionImpl.saveOrUpdate(SessionImpl.java:608)
	at org.hibernate.engine.spi.CascadingAction$5.cascade(CascadingAction.java:258)
	at org.hibernate.engine.internal.Cascade.cascadeToOne(Cascade.java:380)
	at org.hibernate.engine.internal.Cascade.cascadeAssociation(Cascade.java:323)
	at org.hibernate.engine.internal.Cascade.cascadeProperty(Cascade.java:208)
	at org.hibernate.engine.internal.Cascade.cascadeCollectionElements(Cascade.java:409)
	at org.hibernate.engine.internal.Cascade.cascadeCollection(Cascade.java:350)
	at org.hibernate.engine.internal.Cascade.cascadeAssociation(Cascade.java:326)
	at org.hibernate.engine.internal.Cascade.cascadeProperty(Cascade.java:208)
	at org.hibernate.engine.internal.Cascade.cascade(Cascade.java:165)
	at org.hibernate.event.internal.AbstractFlushingEventListener.cascadeOnFlush(AbstractFlushingEventListener.java:160)
	at org.hibernate.event.internal.AbstractFlushingEventListener.prepareEntityFlushes(AbstractFlushingEventListener.java:151)
	at org.hibernate.event.internal.AbstractFlushingEventListener.flushEverythingToExecutions(AbstractFlushingEventListener.java:88)
	at org.hibernate.event.internal.DefaultAutoFlushEventListener.onAutoFlush(DefaultAutoFlushEventListener.java:55)
	at org.hibernate.internal.SessionImpl.autoFlushIfRequired(SessionImpl.java:1053)
	at org.hibernate.internal.SessionImpl.list(SessionImpl.java:1476)
	at org.hibernate.internal.CriteriaImpl.list(CriteriaImpl.java:374)
	at com.digitnexus.core.id.dao.PojoIdGenerateDaoImpl.findMatchId(PojoIdGenerateDaoImpl.java:88)
	at com.digitnexus.core.id.dao.AbstractBaseIdGenerateDao.generateNextId(AbstractBaseIdGenerateDao.java:62)
	at com.digitnexus.core.id.dao.AbstractBaseIdGenerateDao$$FastClassByCGLIB$$cd59e8a0.invoke(<generated>)
[...]
	at org.hibernate.event.internal.AbstractSaveEventListener.saveWithGeneratedId(AbstractSaveEventListener.java:120)
	at org.hibernate.event.internal.DefaultSaveOrUpdateEventListener.saveWithGeneratedOrRequestedId(DefaultSaveOrUpdateEventListener.java:204)
	at org.hibernate.event.internal.DefaultSaveOrUpdateEventListener.entityIsTransient(DefaultSaveOrUpdateEventListener.java:189)
	at org.hibernate.event.internal.DefaultSaveOrUpdateEventListener.performSaveOrUpdate(DefaultSaveOrUpdateEventListener.java:114)
	at org.hibernate.event.internal.DefaultSaveOrUpdateEventListener.onSaveOrUpdate(DefaultSaveOrUpdateEventListener.java:90)
	at org.hibernate.internal.SessionImpl.fireSaveOrUpdate(SessionImpl.java:615)
	at org.hibernate.internal.SessionImpl.saveOrUpdate(SessionImpl.java:608)
	at org.hibernate.engine.spi.CascadingAction$5.cascade(CascadingAction.java:258)
	at org.hibernate.engine.internal.Cascade.cascadeToOne(Cascade.java:380)
	at org.hibernate.engine.internal.Cascade.cascadeAssociation(Cascade.java:323)
	at org.hibernate.engine.internal.Cascade.cascadeProperty(Cascade.java:208)
	at org.hibernate.engine.internal.Cascade.cascadeCollectionElements(Cascade.java:409)
	at org.hibernate.engine.internal.Cascade.cascadeCollection(Cascade.java:350)
	at org.hibernate.engine.internal.Cascade.cascadeAssociation(Cascade.java:326)
	at org.hibernate.engine.internal.Cascade.cascadeProperty(Cascade.java:208)
	at org.hibernate.engine.internal.Cascade.cascade(Cascade.java:165)
	at org.hibernate.event.internal.AbstractFlushingEventListener.cascadeOnFlush(AbstractFlushingEventListener.java:160)
	at org.hibernate.event.internal.AbstractFlushingEventListener.prepareEntityFlushes(AbstractFlushingEventListener.java:151)
	at org.hibernate.event.internal.AbstractFlushingEventListener.flushEverythingToExecutions(AbstractFlushingEventListener.java:88)
	at org.hibernate.event.internal.DefaultAutoFlushEventListener.onAutoFlush(DefaultAutoFlushEventListener.java:55)
	at org.hibernate.internal.SessionImpl.autoFlushIfRequired(SessionImpl.java:1053)
	at org.hibernate.internal.SessionImpl.list(SessionImpl.java:1476)
	at org.hibernate.internal.CriteriaImpl.list(CriteriaImpl.java:374)
	at com.digitnexus.core.id.dao.PojoIdGenerateDaoImpl.findMatchId(PojoIdGenerateDaoImpl.java:88)
	at com.digitnexus.core.id.dao.AbstractBaseIdGenerateDao.generateNextId(AbstractBaseIdGenerateDao.java:62)
	at com.digitnexus.core.id.dao.AbstractBaseIdGenerateDao$$FastClassByCGLIB$$cd59e8a0.invoke(<generated>)
	at net.sf.cglib.proxy.MethodProxy.invoke(MethodProxy.java:191)
	at org.springframework.aop.framework.Cglib2AopProxy$CglibMethodInvocation.invokeJoinpoint(Cglib2AopProxy.java:689)
	at org.springframework.aop.framework.ReflectiveMethodInvocation.proceed(ReflectiveMethodInvocation.java:150)
	at org.springframework.aop.interceptor.ExposeInvocationInterceptor.invoke(ExposeInvocationInterceptor.java:90)
	at org.springframework.aop.framework.ReflectiveMethodInvocation.proceed(ReflectiveMethodInvocation.java:172)
	at org.springframework.aop.framework.Cglib2AopProxy$DynamicAdvisedInterceptor.intercept(Cglib2AopProxy.java:622)
	at com.digitnexus.core.id.dao.PojoIdGenerateDaoImpl$$EnhancerByCGLIB$$24854638.generateNextId(<generated>)
	at com.digitnexus.core.id.business.PojoIdGenerateServiceImpl.generateNextId(PojoIdGenerateServiceImpl.java:95)
	at com.digitnexus.core.id.business.AbstractCacheableIdService.getIdFromCache(AbstractCacheableIdService.java:56)
	at com.digitnexus.core.id.business.PojoIdGenerateServiceImpl.generateId(PojoIdGenerateServiceImpl.java:75)
	at com.digitnexus.core.id.IdGenerateUtil.generateNumberId(IdGenerateUtil.java:60)
	at com.digitnexus.core.id.PojoIdGeneratorHibernate.generate(PojoIdGeneratorHibernate.java:58)
	at org.hibernate.event.internal.AbstractSaveEventListener.saveWithGeneratedId(AbstractSaveEventListener.java:120)
	at org.hibernate.event.internal.DefaultSaveOrUpdateEventListener.saveWithGeneratedOrRequestedId(DefaultSaveOrUpdateEventListener.java:204)
	at org.hibernate.event.internal.DefaultSaveOrUpdateEventListener.entityIsTransient(DefaultSaveOrUpdateEventListener.java:189)
	at org.hibernate.event.internal.DefaultSaveOrUpdateEventListener.performSaveOrUpdate(DefaultSaveOrUpdateEventListener.java:114)
	at org.hibernate.event.internal.DefaultSaveOrUpdateEventListener.onSaveOrUpdate(DefaultSaveOrUpdateEventListener.java:90)
	at org.hibernate.internal.SessionImpl.fireSaveOrUpdate(SessionImpl.java:615)
	at org.hibernate.internal.SessionImpl.saveOrUpdate(SessionImpl.java:608)
	at org.hibernate.engine.spi.CascadingAction$5.cascade(CascadingAction.java:258)
	at org.hibernate.engine.internal.Cascade.cascadeToOne(Cascade.java:380)
	at org.hibernate.engine.internal.Cascade.cascadeAssociation(Cascade.java:323)
	at org.hibernate.engine.internal.Cascade.cascadeProperty(Cascade.java:208)
	at org.hibernate.engine.internal.Cascade.cascadeCollectionElements(Cascade.java:409)
	at org.hibernate.engine.internal.Cascade.cascadeCollection(Cascade.java:350)
	at org.hibernate.engine.internal.Cascade.cascadeAssociation(Cascade.java:326)
	at org.hibernate.engine.internal.Cascade.cascadeProperty(Cascade.java:208)
	at org.hibernate.engine.internal.Cascade.cascade(Cascade.java:165)
	at org.hibernate.event.internal.AbstractFlushingEventListener.cascadeOnFlush(AbstractFlushingEventListener.java:160)
	at org.hibernate.event.internal.AbstractFlushingEventListener.prepareEntityFlushes(AbstractFlushingEventListener.java:151)
	at org.hibernate.event.internal.AbstractFlushingEventListener.flushEverythingToExecutions(AbstractFlushingEventListener.java:88)
	at org.hibernate.event.internal.DefaultAutoFlushEventListener.onAutoFlush(DefaultAutoFlushEventListener.java:55)
	at org.hibernate.internal.SessionImpl.autoFlushIfRequired(SessionImpl.java:1053)
	at org.hibernate.internal.SessionImpl.list(SessionImpl.java:1476)
	at org.hibernate.internal.CriteriaImpl.list(CriteriaImpl.java:374)
	at com.digitnexus.core.id.dao.PojoIdGenerateDaoImpl.findMatchId(PojoIdGenerateDaoImpl.java:88)
	at com.digitnexus.core.id.dao.AbstractBaseIdGenerateDao.generateNextId(AbstractBaseIdGenerateDao.java:62)
	at com.digitnexus.core.id.dao.AbstractBaseIdGenerateDao$$FastClassByCGLIB$$cd59e8a0.invoke(<generated>)
	at net.sf.cglib.proxy.MethodProxy.invoke(MethodProxy.java:191)
	at org.springframework.aop.framework.Cglib2AopProxy$CglibMethodInvocation.invokeJoinpoint(Cglib2AopProxy.java:689)
	at org.springframework.aop.framework.ReflectiveMethodInvocation.proceed(ReflectiveMethodInvocation.java:150)
	at org.springframework.aop.interceptor.ExposeInvocationInterceptor.invoke(ExposeInvocationInterceptor.java:90)
	at org.springframework.aop.framework.ReflectiveMethodInvocation.proceed(ReflectiveMethodInvocation.java:172)
	at org.springframework.aop.framework.Cglib2AopProxy$DynamicAdvisedInterceptor.intercept(Cglib2AopProxy.java:622)
	at com.digitnexus.core.id.dao.PojoIdGenerateDaoImpl$$EnhancerByCGLIB$$24854638.generateNextId(<generated>)
	at com.digitnexus.core.id.business.PojoIdGenerateServiceImpl.generateNextId(PojoIdGenerateServiceImpl.java:95)
	at com.digitnexus.core.id.business.AbstractCacheableIdService.getIdFromCache(AbstractCacheableIdService.java:56)
	at com.digitnexus.core.id.business.PojoIdGenerateServiceImpl.generateId(PojoIdGenerateServiceImpl.java:75)
	at com.digitnexus.core.id.IdGenerateUtil.generateNumberId(IdGenerateUtil.java:60)
	at com.digitnexus.core.id.PojoIdGeneratorHibernate.generate(PojoIdGeneratorHibernate.java:58)
	at org.hibernate.event.internal.AbstractSaveEventListener.saveWithGeneratedId(AbstractSaveEventListener.java:120)
	at org.hibernate.event.internal.DefaultSaveOrUpdateEventListener.saveWithGeneratedOrRequestedId(DefaultSaveOrUpdateEventListener.java:204)
	at org.hibernate.event.internal.DefaultSaveOrUpdateEventListener.entityIsTransient(DefaultSaveOrUpdateEventListener.java:189)
	at org.hibernate.event.internal.DefaultSaveOrUpdateEventListener.performSaveOrUpdate(DefaultSaveOrUpdateEventListener.java:114)
	at org.hibernate.event.internal.DefaultSaveOrUpdateEventListener.onSaveOrUpdate(DefaultSaveOrUpdateEventListener.java:90)
	at org.hibernate.internal.SessionImpl.fireSaveOrUpdate(SessionImpl.java:615)
	at org.hibernate.internal.SessionImpl.saveOrUpdate(SessionImpl.java:608)
	at org.hibernate.engine.spi.CascadingAction$5.cascade(CascadingAction.java:258)
	at org.hibernate.engine.internal.Cascade.cascadeToOne(Cascade.java:380)
	at org.hibernate.engine.internal.Cascade.cascadeAssociation(Cascade.java:323)
	at org.hibernate.engine.internal.Cascade.cascadeProperty(Cascade.java:208)
	at org.hibernate.engine.internal.Cascade.cascadeCollectionElements(Cascade.java:409)
	at org.hibernate.engine.internal.Cascade.cascadeCollection(Cascade.java:350)
	at org.hibernate.engine.internal.Cascade.cascadeAssociation(Cascade.java:326)
	at org.hibernate.engine.internal.Cascade.cascadeProperty(Cascade.java:208)
	at org.hibernate.engine.internal.Cascade.cascade(Cascade.java:165)
	at org.hibernate.event.internal.AbstractFlushingEventListener.cascadeOnFlush(AbstractFlushingEventListener.java:160)
	at org.hibernate.event.internal.AbstractFlushingEventListener.prepareEntityFlushes(AbstractFlushingEventListener.java:151)
	at org.hibernate.event.internal.AbstractFlushingEventListener.flushEverythingToExecutions(AbstractFlushingEventListener.java:88)
	at org.hibernate.event.internal.DefaultAutoFlushEventListener.onAutoFlush(DefaultAutoFlushEventListener.java:55)
	at org.hibernate.internal.SessionImpl.autoFlushIfRequired(SessionImpl.java:1053)
	at org.hibernate.internal.SessionImpl.list(SessionImpl.java:1476)
	at org.hibernate.internal.CriteriaImpl.list(CriteriaImpl.java:374)
	at com.digitnexus.core.id.dao.PojoIdGenerateDaoImpl.findMatchId(PojoIdGenerateDaoImpl.java:88)
	at com.digitnexus.core.id.dao.AbstractBaseIdGenerateDao.generateNextId(AbstractBaseIdGenerateDao.java:62)
	at com.digitnexus.core.id.dao.AbstractBaseIdGenerateDao$$FastClassByCGLIB$$cd59e8a0.invoke(<generated>)
	at net.sf.cglib.proxy.MethodProxy.invoke(MethodProxy.java:191)
	at org.springframework.aop.framework.Cglib2AopProxy$CglibMethodInvocation.invokeJoinpoint(Cglib2AopProxy.java:689)
	at org.springframework.aop.framework.ReflectiveMethodInvocation.proceed(ReflectiveMethodInvocation.java:150)
	at org.springframework.aop.interceptor.ExposeInvocationInterceptor.invoke(ExposeInvocationInterceptor.java:90)
	at org.springframework.aop.framework.ReflectiveMethodInvocation.proceed(ReflectiveMethodInvocation.java:172)
	at org.springframework.aop.framework.Cglib2AopProxy$DynamicAdvisedInterceptor.intercept(Cglib2AopProxy.java:622)
	at com.digitnexus.core.id.dao.PojoIdGenerateDaoImpl$$EnhancerByCGLIB$$24854638.generateNextId(<generated>)
	at com.digitnexus.core.id.business.PojoIdGenerateServiceImpl.generateNextId(PojoIdGenerateServiceImpl.java:95)
	at com.digitnexus.core.id.business.AbstractCacheableIdService.getIdFromCache(AbstractCacheableIdService.java:56)
	at com.digitnexus.core.id.business.PojoIdGenerateServiceImpl.generateId(PojoIdGenerateServiceImpl.java:75)
	at com.digitnexus.core.id.IdGenerateUtil.generateNumberId(IdGenerateUtil.java:60)
	at com.digitnexus.core.id.PojoIdGeneratorHibernate.generate(PojoIdGeneratorHibernate.java:58)
	at org.hibernate.event.internal.AbstractSaveEventListener.saveWithGeneratedId(AbstractSaveEventListener.java:120)
	at org.hibernate.event.internal.DefaultSaveOrUpdateEventListener.saveWithGeneratedOrRequestedId(DefaultSaveOrUpdateEventListener.java:204)
	at org.hibernate.event.internal.DefaultSaveOrUpdateEventListener.entityIsTransient(DefaultSaveOrUpdateEventListener.java:189)
	at org.hibernate.event.internal.DefaultSaveOrUpdateEventListener.performSaveOrUpdate(DefaultSaveOrUpdateEventListener.java:114)
	at org.hibernate.event.internal.DefaultSaveOrUpdateEventListener.onSaveOrUpdate(DefaultSaveOrUpdateEventListener.java:90)
	at org.hibernate.internal.SessionImpl.fireSaveOrUpdate(SessionImpl.java:615)
	at org.hibernate.internal.SessionImpl.saveOrUpdate(SessionImpl.java:608)
	at org.hibernate.engine.spi.CascadingAction$5.cascade(CascadingAction.java:258)
	at org.hibernate.engine.internal.Cascade.cascadeToOne(Cascade.java:380)
	at org.hibernate.engine.internal.Cascade.cascadeAssociation(Cascade.java:323)
	at org.hibernate.engine.internal.Cascade.cascadeProperty(Cascade.java:208)
	at org.hibernate.engine.internal.Cascade.cascadeCollectionElements(Cascade.java:409)
	at org.hibernate.engine.internal.Cascade.cascadeCollection(Cascade.java:350)
	at org.hibernate.engine.internal.Cascade.cascadeAssociation(Cascade.java:326)
	at org.hibernate.engine.internal.Cascade.cascadeProperty(Cascade.java:208)
	at org.hibernate.engine.internal.Cascade.cascade(Cascade.java:165)
	at org.hibernate.event.internal.AbstractFlushingEventListener.cascadeOnFlush(AbstractFlushingEventListener.java:160)
	at org.hibernate.event.internal.AbstractFlushingEventListener.prepareEntityFlushes(AbstractFlushingEventListener.java:151)
	at org.hibernate.event.internal.AbstractFlushingEventListener.flushEverythingToExecutions(AbstractFlushingEventListener.java:88)
	at org.hibernate.event.internal.DefaultAutoFlushEventListener.onAutoFlush(DefaultAutoFlushEventListener.java:55)
	at org.hibernate.internal.SessionImpl.autoFlushIfRequired(SessionImpl.java:1053)
	at org.hibernate.internal.SessionImpl.list(SessionImpl.java:1476)
	at org.hibernate.internal.CriteriaImpl.list(CriteriaImpl.java:374)
	at com.digitnexus.core.id.dao.PojoIdGenerateDaoImpl.findMatchId(PojoIdGenerateDaoImpl.java:88)
	at com.digitnexus.core.id.dao.AbstractBaseIdGenerateDao.generateNextId(AbstractBaseIdGenerateDao.java:62)
	at com.digitnexus.core.id.dao.AbstractBaseIdGenerateDao$$FastClassByCGLIB$$cd59e8a0.invoke(<generated>)
	at net.sf.cglib.proxy.MethodProxy.invoke(MethodProxy.java:191)
	at org.springframework.aop.framework.Cglib2AopProxy$CglibMethodInvocation.invokeJoinpoint(Cglib2AopProxy.java:689)
	at org.springframework.aop.framework.ReflectiveMethodInvocation.proceed(ReflectiveMethodInvocation.java:150)
	at org.springframework.aop.interceptor.ExposeInvocationInterceptor.invoke(ExposeInvocationInterceptor.java:90)
	at org.springframework.aop.framework.ReflectiveMethodInvocation.proceed(ReflectiveMethodInvocation.java:172)
	at org.springframework.aop.framework.Cglib2AopProxy$DynamicAdvisedInterceptor.intercept(Cglib2AopProxy.java:622)
	at com.digitnexus.core.id.dao.PojoIdGenerateDaoImpl$$EnhancerByCGLIB$$24854638.generateNextId(<generated>)
	at com.digitnexus.core.id.business.PojoIdGenerateServiceImpl.generateNextId(PojoIdGenerateServiceImpl.java:95)
	at com.digitnexus.core.id.business.AbstractCacheableIdService.getIdFromCache(AbstractCacheableIdService.java:56)
	at com.digitnexus.core.id.business.PojoIdGenerateServiceImpl.generateId(PojoIdGenerateServiceImpl.java:75)
	at com.digitnexus.core.id.IdGenerateUtil.generateNumberId(IdGenerateUtil.java:60)
	at com.digitnexus.core.id.PojoIdGeneratorHibernate.generate(PojoIdGeneratorHibernate.java:58)
	at org.hibernate.event.internal.AbstractSaveEventListener.saveWithGeneratedId(AbstractSaveEventListener.java:120)
	at org.hibernate.event.internal.DefaultSaveOrUpdateEventListener.saveWithGeneratedOrRequestedId(DefaultSaveOrUpdateEventListener.java:204)
	at org.hibernate.event.internal.DefaultSaveOrUpdateEventListener.entityIsTransient(DefaultSaveOrUpdateEventListener.java:189)
	at org.hibernate.event.internal.DefaultSaveOrUpdateEventListener.performSaveOrUpdate(DefaultSaveOrUpdateEventListener.java:114)
	at org.hibernate.event.internal.DefaultSaveOrUpdateEventListener.onSaveOrUpdate(DefaultSaveOrUpdateEventListener.java:90)
	at org.hibernate.internal.SessionImpl.fireSaveOrUpdate(SessionImpl.java:615)
	at org.hibernate.internal.SessionImpl.saveOrUpdate(SessionImpl.java:608)
	at org.hibernate.engine.spi.CascadingAction$5.cascade(CascadingAction.java:258)
	at org.hibernate.engine.internal.Cascade.cascadeToOne(Cascade.java:380)
	at org.hibernate.engine.internal.Cascade.cascadeAssociation(Cascade.java:323)
	at org.hibernate.engine.internal.Cascade.cascadeProperty(Cascade.java:208)
	at org.hibernate.engine.internal.Cascade.cascadeCollectionElements(Cascade.java:409)
	at org.hibernate.engine.internal.Cascade.cascadeCollection(Cascade.java:350)
	at org.hibernate.engine.internal.Cascade.cascadeAssociation(Cascade.java:326)
	at org.hibernate.engine.internal.Cascade.cascadeProperty(Cascade.java:208)
	at org.hibernate.engine.internal.Cascade.cascade(Cascade.java:165)
	at org.hibernate.event.internal.AbstractFlushingEventListener.cascadeOnFlush(AbstractFlushingEventListener.java:160)
	at org.hibernate.event.internal.AbstractFlushingEventListener.prepareEntityFlushes(AbstractFlushingEventListener.java:151)
	at org.hibernate.event.internal.AbstractFlushingEventListener.flushEverythingToExecutions(AbstractFlushingEventListener.java:88)
	at org.hibernate.event.internal.DefaultAutoFlushEventListener.onAutoFlush(DefaultAutoFlushEventListener.java:55)
	at org.hibernate.internal.SessionImpl.autoFlushIfRequired(SessionImpl.java:1053)
	at org.hibernate.internal.SessionImpl.list(SessionImpl.java:1476)
	at org.hibernate.internal.CriteriaImpl.list(CriteriaImpl.java:374)
	at com.digitnexus.core.id.dao.PojoIdGenerateDaoImpl.findMatchId(PojoIdGenerateDaoImpl.java:88)
	at com.digitnexus.core.id.dao.AbstractBaseIdGenerateDao.generateNextId(AbstractBaseIdGenerateDao.java:62)
	at com.digitnexus.core.id.dao.AbstractBaseIdGenerateDao$$FastClassByCGLIB$$cd59e8a0.invoke(<generated>)
	at net.sf.cglib.proxy.MethodProxy.invoke(MethodProxy.java:191)
	at org.springframework.aop.framework.Cglib2AopProxy$CglibMethodInvocation.invokeJoinpoint(Cglib2AopProxy.java:689)
	at org.springframework.aop.framework.ReflectiveMethodInvocation.proceed(ReflectiveMethodInvocation.java:150)
	at org.springframework.aop.interceptor.ExposeInvocationInterceptor.invoke(ExposeInvocationInterceptor.java:90)
	at org.springframework.aop.framework.ReflectiveMethodInvocation.proceed(ReflectiveMethodInvocation.java:172)
	at org.springframework.aop.framework.Cglib2AopProxy$DynamicAdvisedInterceptor.intercept(Cglib2AopProxy.java:622)
	at com.digitnexus.core.id.dao.PojoIdGenerateDaoImpl$$EnhancerByCGLIB$$24854638.generateNextId(<generated>)
	at com.digitnexus.core.id.business.PojoIdGenerateServiceImpl.generateNextId(PojoIdGenerateServiceImpl.java:95)
	at com.digitnexus.core.id.business.AbstractCacheableIdService.getIdFromCache(AbstractCacheableIdService.java:56)
	at com.digitnexus.core.id.business.PojoIdGenerateServiceImpl.generateId(PojoIdGenerateServiceImpl.java:75)
	at com.digitnexus.core.id.IdGenerateUtil.generateNumberId(IdGenerateUtil.java:60)
	at com.digitnexus.core.id.PojoIdGeneratorHibernate.generate(PojoIdGeneratorHibernate.java:58)
	at org.hibernate.event.internal.AbstractSaveEventListener.saveWithGeneratedId(AbstractSaveEventListener.java:120)
	at org.hibernate.event.internal.DefaultSaveOrUpdateEventListener.saveWithGeneratedOrRequestedId(DefaultSaveOrUpdateEventListener.java:204)
	at org.hibernate.event.internal.DefaultSaveOrUpdateEventListener.entityIsTransient(DefaultSaveOrUpdateEventListener.java:189)
	at org.hibernate.event.internal.DefaultSaveOrUpdateEventListener.performSaveOrUpdate(DefaultSaveOrUpdateEventListener.java:114)
	at org.hibernate.event.internal.DefaultSaveOrUpdateEventListener.onSaveOrUpdate(DefaultSaveOrUpdateEventListener.java:90)
	at org.hibernate.internal.SessionImpl.fireSaveOrUpdate(SessionImpl.java:615)
	at org.hibernate.internal.SessionImpl.saveOrUpdate(SessionImpl.java:608)
	at org.hibernate.engine.spi.CascadingAction$5.cascade(CascadingAction.java:258)
	at org.hibernate.engine.internal.Cascade.cascadeToOne(Cascade.java:380)
	at org.hibernate.engine.internal.Cascade.cascadeAssociation(Cascade.java:323)
	at org.hibernate.engine.internal.Cascade.cascadeProperty(Cascade.java:208)
]]>
    </failure>
  </testcase> <!-- getIdList -->
</testsuite> <!-- com.digitnexus.core.id.business.PojoIdGenerateServiceTest -->
