<?xml version="1.0" encoding="UTF-8"?>
<testng-results skipped="4" failed="0" total="24" passed="20">
  <reporter-output>
  </reporter-output>
  <suite name="Default suite" duration-ms="38081" started-at="2013-05-22T12:53:47Z" finished-at="2013-05-22T12:54:25Z">
    <groups>
      <group name="unit">
        <method signature="IdGenerateUtilTest.generateStrId()[pri:0, instance:com.digitnexus.core.id.IdGenerateUtilTest@b40ec4]" name="generateStrId" class="com.digitnexus.core.id.IdGenerateUtilTest"/>
        <method signature="PojoIdGenerateServiceTest.getIdList()[pri:0, instance:com.digitnexus.core.id.business.PojoIdGenerateServiceTest@1690ab]" name="getIdList" class="com.digitnexus.core.id.business.PojoIdGenerateServiceTest"/>
        <method signature="PojoIdGenerateServiceTest.getSingleId()[pri:0, instance:com.digitnexus.core.id.business.PojoIdGenerateServiceTest@1690ab]" name="getSingleId" class="com.digitnexus.core.id.business.PojoIdGenerateServiceTest"/>
        <method signature="PojoIdGeneratorHibernateTest.getId()[pri:0, instance:com.digitnexus.core.id.PojoIdGeneratorHibernateTest@1e2befa]" name="getId" class="com.digitnexus.core.id.PojoIdGeneratorHibernateTest"/>
        <method signature="SimpleIdGenerateUtilTest.generateStrId()[pri:0, instance:com.digitnexus.core.id.SimpleIdGenerateUtilTest@edf730]" name="generateStrId" class="com.digitnexus.core.id.SimpleIdGenerateUtilTest"/>
      </group> <!-- unit -->
    </groups>
    <test name="Default test" duration-ms="38081" started-at="2013-05-22T12:53:47Z" finished-at="2013-05-22T12:54:25Z">
      <class name="com.digitnexus.core.id.IdGenerateUtilTest">
        <test-method status="SKIP" signature="springTestContextBeforeTestClass()[pri:0, instance:com.digitnexus.core.id.IdGenerateUtilTest@b40ec4]" name="springTestContextBeforeTestClass" is-config="true" duration-ms="0" started-at="2013-05-22T20:54:25Z" finished-at="2013-05-22T20:54:25Z">
          <reporter-output>
          </reporter-output>
        </test-method> <!-- springTestContextBeforeTestClass -->
        <test-method status="PASS" signature="springTestContextAfterTestClass()[pri:0, instance:com.digitnexus.core.id.IdGenerateUtilTest@b40ec4]" name="springTestContextAfterTestClass" is-config="true" duration-ms="0" started-at="2013-05-22T20:54:25Z" finished-at="2013-05-22T20:54:25Z">
          <reporter-output>
          </reporter-output>
        </test-method> <!-- springTestContextAfterTestClass -->
        <test-method status="SKIP" signature="springTestContextBeforeTestMethod(java.lang.reflect.Method)[pri:0, instance:com.digitnexus.core.id.IdGenerateUtilTest@b40ec4]" name="springTestContextBeforeTestMethod" is-config="true" duration-ms="0" started-at="2013-05-22T20:54:25Z" finished-at="2013-05-22T20:54:25Z">
          <reporter-output>
          </reporter-output>
        </test-method> <!-- springTestContextBeforeTestMethod -->
        <test-method status="SKIP" signature="springTestContextPrepareTestInstance()[pri:0, instance:com.digitnexus.core.id.IdGenerateUtilTest@b40ec4]" name="springTestContextPrepareTestInstance" is-config="true" duration-ms="0" started-at="2013-05-22T20:54:25Z" depends-on-methods="org.springframework.test.context.testng.AbstractTestNGSpringContextTests.springTestContextBeforeTestClass" finished-at="2013-05-22T20:54:25Z">
          <reporter-output>
          </reporter-output>
        </test-method> <!-- springTestContextPrepareTestInstance -->
        <test-method status="SKIP" signature="loginUser()[pri:0, instance:com.digitnexus.core.id.IdGenerateUtilTest@b40ec4]" name="loginUser" is-config="true" duration-ms="0" started-at="2013-05-22T20:54:25Z" finished-at="2013-05-22T20:54:25Z">
          <reporter-output>
          </reporter-output>
        </test-method> <!-- loginUser -->
        <test-method status="PASS" signature="springTestContextAfterTestMethod(java.lang.reflect.Method)[pri:0, instance:com.digitnexus.core.id.IdGenerateUtilTest@b40ec4]" name="springTestContextAfterTestMethod" is-config="true" duration-ms="0" started-at="2013-05-22T20:54:25Z" finished-at="2013-05-22T20:54:25Z">
          <params>
            <param index="0">
              <value>
                <![CDATA[public void com.digitnexus.core.id.IdGenerateUtilTest.generateStrId()]]>
              </value>
            </param>
          </params>
          <reporter-output>
          </reporter-output>
        </test-method> <!-- springTestContextAfterTestMethod -->
        <test-method status="FAIL" signature="flushAndCloseSession()[pri:0, instance:com.digitnexus.core.id.IdGenerateUtilTest@b40ec4]" name="flushAndCloseSession" is-config="true" duration-ms="0" started-at="2013-05-22T20:54:25Z" finished-at="2013-05-22T20:54:25Z">
          <exception class="java.lang.NullPointerException">
            <full-stacktrace>
              <![CDATA[java.lang.NullPointerException
	at com.digitnexus.core.test.BaseTest.flushAndCloseSession(BaseTest.java:40)
	at sun.reflect.NativeMethodAccessorImpl.invoke0(Native Method)
	at sun.reflect.NativeMethodAccessorImpl.invoke(NativeMethodAccessorImpl.java:39)
	at sun.reflect.DelegatingMethodAccessorImpl.invoke(DelegatingMethodAccessorImpl.java:25)
	at java.lang.reflect.Method.invoke(Method.java:597)
	at org.testng.internal.MethodInvocationHelper.invokeMethod(MethodInvocationHelper.java:84)
	at org.testng.internal.Invoker.invokeConfigurationMethod(Invoker.java:564)
	at org.testng.internal.Invoker.invokeConfigurations(Invoker.java:213)
	at org.testng.internal.Invoker.invokeMethod(Invoker.java:786)
	at org.testng.internal.Invoker.invokeTestMethod(Invoker.java:901)
	at org.testng.internal.Invoker.invokeTestMethods(Invoker.java:1231)
	at org.testng.internal.TestMethodWorker.invokeTestMethods(TestMethodWorker.java:127)
	at org.testng.internal.TestMethodWorker.run(TestMethodWorker.java:111)
	at org.testng.TestRunner.privateRun(TestRunner.java:767)
	at org.testng.TestRunner.run(TestRunner.java:617)
	at org.testng.SuiteRunner.runTest(SuiteRunner.java:334)
	at org.testng.SuiteRunner.runSequentially(SuiteRunner.java:329)
	at org.testng.SuiteRunner.privateRun(SuiteRunner.java:291)
	at org.testng.SuiteRunner.run(SuiteRunner.java:240)
	at org.testng.SuiteRunnerWorker.runSuite(SuiteRunnerWorker.java:52)
	at org.testng.SuiteRunnerWorker.run(SuiteRunnerWorker.java:86)
	at org.testng.TestNG.runSuitesSequentially(TestNG.java:1224)
	at org.testng.TestNG.runSuitesLocally(TestNG.java:1149)
	at org.testng.TestNG.run(TestNG.java:1057)
	at org.testng.remote.RemoteTestNG.run(RemoteTestNG.java:111)
	at org.testng.remote.RemoteTestNG.initAndRun(RemoteTestNG.java:204)
	at org.testng.remote.RemoteTestNG.main(RemoteTestNG.java:175)
]]>
            </full-stacktrace>
          </exception> <!-- java.lang.NullPointerException -->
          <reporter-output>
          </reporter-output>
        </test-method> <!-- flushAndCloseSession -->
        <test-method status="SKIP" signature="generateStrId()[pri:0, instance:com.digitnexus.core.id.IdGenerateUtilTest@b40ec4]" name="generateStrId" duration-ms="0" started-at="2013-05-22T20:54:25Z" finished-at="2013-05-22T20:54:25Z">
          <reporter-output>
          </reporter-output>
        </test-method> <!-- generateStrId -->
      </class> <!-- com.digitnexus.core.id.IdGenerateUtilTest -->
      <class name="com.digitnexus.core.id.SimpleIdGenerateUtilTest">
        <test-method status="PASS" signature="generateStrId()[pri:0, instance:com.digitnexus.core.id.SimpleIdGenerateUtilTest@edf730]" name="generateStrId" duration-ms="0" started-at="2013-05-22T20:54:25Z" finished-at="2013-05-22T20:54:25Z">
          <reporter-output>
          </reporter-output>
        </test-method> <!-- generateStrId -->
        <test-method status="PASS" signature="generateStrId()[pri:0, instance:com.digitnexus.core.id.SimpleIdGenerateUtilTest@edf730]" name="generateStrId" duration-ms="0" started-at="2013-05-22T20:54:25Z" finished-at="2013-05-22T20:54:25Z">
          <reporter-output>
          </reporter-output>
        </test-method> <!-- generateStrId -->
        <test-method status="PASS" signature="generateStrId()[pri:0, instance:com.digitnexus.core.id.SimpleIdGenerateUtilTest@edf730]" name="generateStrId" duration-ms="0" started-at="2013-05-22T20:54:25Z" finished-at="2013-05-22T20:54:25Z">
          <reporter-output>
          </reporter-output>
        </test-method> <!-- generateStrId -->
        <test-method status="PASS" signature="generateStrId()[pri:0, instance:com.digitnexus.core.id.SimpleIdGenerateUtilTest@edf730]" name="generateStrId" duration-ms="0" started-at="2013-05-22T20:54:25Z" finished-at="2013-05-22T20:54:25Z">
          <reporter-output>
          </reporter-output>
        </test-method> <!-- generateStrId -->
        <test-method status="PASS" signature="generateStrId()[pri:0, instance:com.digitnexus.core.id.SimpleIdGenerateUtilTest@edf730]" name="generateStrId" duration-ms="16" started-at="2013-05-22T20:54:25Z" finished-at="2013-05-22T20:54:25Z">
          <reporter-output>
          </reporter-output>
        </test-method> <!-- generateStrId -->
        <test-method status="PASS" signature="generateStrId()[pri:0, instance:com.digitnexus.core.id.SimpleIdGenerateUtilTest@edf730]" name="generateStrId" duration-ms="0" started-at="2013-05-22T20:54:25Z" finished-at="2013-05-22T20:54:25Z">
          <reporter-output>
          </reporter-output>
        </test-method> <!-- generateStrId -->
        <test-method status="PASS" signature="generateStrId()[pri:0, instance:com.digitnexus.core.id.SimpleIdGenerateUtilTest@edf730]" name="generateStrId" duration-ms="31" started-at="2013-05-22T20:54:25Z" finished-at="2013-05-22T20:54:25Z">
          <reporter-output>
          </reporter-output>
        </test-method> <!-- generateStrId -->
        <test-method status="PASS" signature="generateStrId()[pri:0, instance:com.digitnexus.core.id.SimpleIdGenerateUtilTest@edf730]" name="generateStrId" duration-ms="31" started-at="2013-05-22T20:54:25Z" finished-at="2013-05-22T20:54:25Z">
          <reporter-output>
          </reporter-output>
        </test-method> <!-- generateStrId -->
        <test-method status="PASS" signature="generateStrId()[pri:0, instance:com.digitnexus.core.id.SimpleIdGenerateUtilTest@edf730]" name="generateStrId" duration-ms="0" started-at="2013-05-22T20:54:25Z" finished-at="2013-05-22T20:54:25Z">
          <reporter-output>
          </reporter-output>
        </test-method> <!-- generateStrId -->
        <test-method status="PASS" signature="generateStrId()[pri:0, instance:com.digitnexus.core.id.SimpleIdGenerateUtilTest@edf730]" name="generateStrId" duration-ms="0" started-at="2013-05-22T20:54:25Z" finished-at="2013-05-22T20:54:25Z">
          <reporter-output>
          </reporter-output>
        </test-method> <!-- generateStrId -->
        <test-method status="PASS" signature="generateStrId()[pri:0, instance:com.digitnexus.core.id.SimpleIdGenerateUtilTest@edf730]" name="generateStrId" duration-ms="0" started-at="2013-05-22T20:54:25Z" finished-at="2013-05-22T20:54:25Z">
          <reporter-output>
          </reporter-output>
        </test-method> <!-- generateStrId -->
        <test-method status="PASS" signature="generateStrId()[pri:0, instance:com.digitnexus.core.id.SimpleIdGenerateUtilTest@edf730]" name="generateStrId" duration-ms="0" started-at="2013-05-22T20:54:25Z" finished-at="2013-05-22T20:54:25Z">
          <reporter-output>
          </reporter-output>
        </test-method> <!-- generateStrId -->
        <test-method status="PASS" signature="generateStrId()[pri:0, instance:com.digitnexus.core.id.SimpleIdGenerateUtilTest@edf730]" name="generateStrId" duration-ms="0" started-at="2013-05-22T20:54:25Z" finished-at="2013-05-22T20:54:25Z">
          <reporter-output>
          </reporter-output>
        </test-method> <!-- generateStrId -->
        <test-method status="PASS" signature="generateStrId()[pri:0, instance:com.digitnexus.core.id.SimpleIdGenerateUtilTest@edf730]" name="generateStrId" duration-ms="15" started-at="2013-05-22T20:54:25Z" finished-at="2013-05-22T20:54:25Z">
          <reporter-output>
          </reporter-output>
        </test-method> <!-- generateStrId -->
        <test-method status="PASS" signature="generateStrId()[pri:0, instance:com.digitnexus.core.id.SimpleIdGenerateUtilTest@edf730]" name="generateStrId" duration-ms="0" started-at="2013-05-22T20:54:25Z" finished-at="2013-05-22T20:54:25Z">
          <reporter-output>
          </reporter-output>
        </test-method> <!-- generateStrId -->
        <test-method status="PASS" signature="generateStrId()[pri:0, instance:com.digitnexus.core.id.SimpleIdGenerateUtilTest@edf730]" name="generateStrId" duration-ms="0" started-at="2013-05-22T20:54:25Z" finished-at="2013-05-22T20:54:25Z">
          <reporter-output>
          </reporter-output>
        </test-method> <!-- generateStrId -->
        <test-method status="PASS" signature="generateStrId()[pri:0, instance:com.digitnexus.core.id.SimpleIdGenerateUtilTest@edf730]" name="generateStrId" duration-ms="0" started-at="2013-05-22T20:54:25Z" finished-at="2013-05-22T20:54:25Z">
          <reporter-output>
          </reporter-output>
        </test-method> <!-- generateStrId -->
        <test-method status="PASS" signature="generateStrId()[pri:0, instance:com.digitnexus.core.id.SimpleIdGenerateUtilTest@edf730]" name="generateStrId" duration-ms="0" started-at="2013-05-22T20:54:25Z" finished-at="2013-05-22T20:54:25Z">
          <reporter-output>
          </reporter-output>
        </test-method> <!-- generateStrId -->
        <test-method status="PASS" signature="generateStrId()[pri:0, instance:com.digitnexus.core.id.SimpleIdGenerateUtilTest@edf730]" name="generateStrId" duration-ms="0" started-at="2013-05-22T20:54:25Z" finished-at="2013-05-22T20:54:25Z">
          <reporter-output>
          </reporter-output>
        </test-method> <!-- generateStrId -->
        <test-method status="PASS" signature="generateStrId()[pri:0, instance:com.digitnexus.core.id.SimpleIdGenerateUtilTest@edf730]" name="generateStrId" duration-ms="0" started-at="2013-05-22T20:54:25Z" finished-at="2013-05-22T20:54:25Z">
          <reporter-output>
          </reporter-output>
        </test-method> <!-- generateStrId -->
      </class> <!-- com.digitnexus.core.id.SimpleIdGenerateUtilTest -->
      <class name="com.digitnexus.core.id.business.PojoIdGenerateServiceTest">
        <test-method status="PASS" signature="springTestContextBeforeTestClass()[pri:0, instance:com.digitnexus.core.id.business.PojoIdGenerateServiceTest@1690ab]" name="springTestContextBeforeTestClass" is-config="true" duration-ms="17" started-at="2013-05-22T20:53:47Z" finished-at="2013-05-22T20:53:47Z">
          <reporter-output>
          </reporter-output>
        </test-method> <!-- springTestContextBeforeTestClass -->
        <test-method status="FAIL" signature="springTestContextPrepareTestInstance()[pri:0, instance:com.digitnexus.core.id.business.PojoIdGenerateServiceTest@1690ab]" name="springTestContextPrepareTestInstance" is-config="true" duration-ms="0" started-at="2013-05-22T20:53:47Z" depends-on-methods="org.springframework.test.context.testng.AbstractTestNGSpringContextTests.springTestContextBeforeTestClass" finished-at="2013-05-22T20:53:47Z">
          <exception class="java.lang.StackOverflowError">
            <full-stacktrace>
              <![CDATA[java.lang.StackOverflowError
	at sun.nio.cs.ext.DoubleByteDecoder.decodeArrayLoop(DoubleByteDecoder.java:90)
	at sun.nio.cs.ext.DoubleByteDecoder.decodeLoop(DoubleByteDecoder.java:141)
	at java.nio.charset.CharsetDecoder.decode(CharsetDecoder.java:544)
	at java.lang.StringCoding$StringDecoder.decode(StringCoding.java:140)
	at java.lang.StringCoding.decode(StringCoding.java:173)
	at java.lang.String.<init>(String.java:443)
	at java.lang.String.<init>(String.java:515)
	at java.net.Inet6AddressImpl.getLocalHostName(Native Method)
	at java.net.InetAddress.getLocalHost(InetAddress.java:1336)
	at com.digitnexus.core.util.ServerInfoUtil.getMac(ServerInfoUtil.java:42)
	at com.digitnexus.core.id.dao.PojoIdGenerateDaoImpl.findMatchId(PojoIdGenerateDaoImpl.java:85)
	at com.digitnexus.core.id.dao.AbstractBaseIdGenerateDao.generateNextId(AbstractBaseIdGenerateDao.java:62)
	at com.digitnexus.core.id.dao.AbstractBaseIdGenerateDao$$FastClassByCGLIB$$cd59e8a0.invoke(<generated>)
	at net.sf.cglib.proxy.MethodProxy.invoke(MethodProxy.java:191)
	at org.springframework.aop.framework.Cglib2AopProxy$CglibMethodInvocation.invokeJoinpoint(Cglib2AopProxy.java:689)
	at org.springframework.aop.framework.ReflectiveMethodInvocation.proceed(ReflectiveMethodInvocation.java:150)
	at org.springframework.aop.interceptor.ExposeInvocationInterceptor.invoke(ExposeInvocationInterceptor.java:90)
	at org.springframework.aop.framework.ReflectiveMethodInvocation.proceed(ReflectiveMethodInvocation.java:172)
	at org.springframework.aop.framework.Cglib2AopProxy$DynamicAdvisedInterceptor.intercept(Cglib2AopProxy.java:622)
	at com.digitnexus.core.id.dao.PojoIdGenerateDaoImpl$$EnhancerByCGLIB$$24854638.generateNextId(<generated>)
	at com.digitnexus.core.id.business.PojoIdGenerateServiceImpl.generateNextId(PojoIdGenerateServiceImpl.java:95)
	at com.digitnexus.core.id.business.AbstractCacheableIdService.getIdFromCache(AbstractCacheableIdService.java:56)
	at com.digitnexus.core.id.business.PojoIdGenerateServiceImpl.generateId(PojoIdGenerateServiceImpl.java:75)
	at com.digitnexus.core.id.IdGenerateUtil.generateNumberId(IdGenerateUtil.java:60)
	at com.digitnexus.core.id.PojoIdGeneratorHibernate.generate(PojoIdGeneratorHibernate.java:58)
	at org.hibernate.event.internal.AbstractSaveEventListener.saveWithGeneratedId(AbstractSaveEventListener.java:120)
	at org.hibernate.event.internal.DefaultSaveOrUpdateEventListener.saveWithGeneratedOrRequestedId(DefaultSaveOrUpdateEventListener.java:204)
	at org.hibernate.event.internal.DefaultSaveOrUpdateEventListener.entityIsTransient(DefaultSaveOrUpdateEventListener.java:189)
	at org.hibernate.event.internal.DefaultSaveOrUpdateEventListener.performSaveOrUpdate(DefaultSaveOrUpdateEventListener.java:114)
	at org.hibernate.event.internal.DefaultSaveOrUpdateEventListener.onSaveOrUpdate(DefaultSaveOrUpdateEventListener.java:90)
	at org.hibernate.internal.SessionImpl.fireSaveOrUpdate(SessionImpl.java:615)
	at org.hibernate.internal.SessionImpl.saveOrUpdate(SessionImpl.java:608)
	at org.hibernate.engine.spi.CascadingAction$5.cascade(CascadingAction.java:258)
	at org.hibernate.engine.internal.Cascade.cascadeToOne(Cascade.java:380)
	at org.hibernate.engine.internal.Cascade.cascadeAssociation(Cascade.java:323)
	at org.hibernate.engine.internal.Cascade.cascadeProperty(Cascade.java:208)
	at org.hibernate.engine.internal.Cascade.cascadeCollectionElements(Cascade.java:409)
	at org.hibernate.engine.internal.Cascade.cascadeCollection(Cascade.java:350)
	at org.hibernate.engine.internal.Cascade.cascadeAssociation(Cascade.java:326)
	at org.hibernate.engine.internal.Cascade.cascadeProperty(Cascade.java:208)
	at org.hibernate.engine.internal.Cascade.cascade(Cascade.java:165)
	at org.hibernate.event.internal.AbstractFlushingEventListener.cascadeOnFlush(AbstractFlushingEventListener.java:160)
	at org.hibernate.event.internal.AbstractFlushingEventListener.prepareEntityFlushes(AbstractFlushingEventListener.java:151)
	at org.hibernate.event.internal.AbstractFlushingEventListener.flushEverythingToExecutions(AbstractFlushingEventListener.java:88)
	at org.hibernate.event.internal.DefaultAutoFlushEventListener.onAutoFlush(DefaultAutoFlushEventListener.java:55)
	at org.hibernate.internal.SessionImpl.autoFlushIfRequired(SessionImpl.java:1053)
	at org.hibernate.internal.SessionImpl.list(SessionImpl.java:1476)
	at org.hibernate.internal.CriteriaImpl.list(CriteriaImpl.java:374)
	at com.digitnexus.core.id.dao.PojoIdGenerateDaoImpl.findMatchId(PojoIdGenerateDaoImpl.java:88)
	at com.digitnexus.core.id.dao.AbstractBaseIdGenerateDao.generateNextId(AbstractBaseIdGenerateDao.java:62)
	at com.digitnexus.core.id.dao.AbstractBaseIdGenerateDao$$FastClassByCGLIB$$cd59e8a0.invoke(<generated>)
	at net.sf.cglib.proxy.MethodProxy.invoke(MethodProxy.java:191)
	at org.springframework.aop.framework.Cglib2AopProxy$CglibMethodInvocation.invokeJoinpoint(Cglib2AopProxy.java:689)
	at org.springframework.aop.framework.ReflectiveMethodInvocation.proceed(ReflectiveMethodInvocation.java:150)
	at org.springframework.aop.interceptor.ExposeInvocationInterceptor.invoke(ExposeInvocationInterceptor.java:90)
	at org.springframework.aop.framework.ReflectiveMethodInvocation.proceed(ReflectiveMethodInvocation.java:172)
	at org.springframework.aop.framework.Cglib2AopProxy$DynamicAdvisedInterceptor.intercept(Cglib2AopProxy.java:622)
	at com.digitnexus.core.id.dao.PojoIdGenerateDaoImpl$$EnhancerByCGLIB$$24854638.generateNextId(<generated>)
	at com.digitnexus.core.id.business.PojoIdGenerateServiceImpl.generateNextId(PojoIdGenerateServiceImpl.java:95)
	at com.digitnexus.core.id.business.AbstractCacheableIdService.getIdFromCache(AbstractCacheableIdService.java:56)
	at com.digitnexus.core.id.business.PojoIdGenerateServiceImpl.generateId(PojoIdGenerateServiceImpl.java:75)
	at com.digitnexus.core.id.IdGenerateUtil.generateNumberId(IdGenerateUtil.java:60)
	at com.digitnexus.core.id.PojoIdGeneratorHibernate.generate(PojoIdGeneratorHibernate.java:58)
	at org.hibernate.event.internal.AbstractSaveEventListener.saveWithGeneratedId(AbstractSaveEventListener.java:120)
	at org.hibernate.event.internal.DefaultSaveOrUpdateEventListener.saveWithGeneratedOrRequestedId(DefaultSaveOrUpdateEventListener.java:204)
	at org.hibernate.event.internal.DefaultSaveOrUpdateEventListener.entityIsTransient(DefaultSaveOrUpdateEventListener.java:189)
	at org.hibernate.event.internal.DefaultSaveOrUpdateEventListener.performSaveOrUpdate(DefaultSaveOrUpdateEventListener.java:114)
	at org.hibernate.event.internal.DefaultSaveOrUpdateEventListener.onSaveOrUpdate(DefaultSaveOrUpdateEventListener.java:90)
	at org.hibernate.internal.SessionImpl.fireSaveOrUpdate(SessionImpl.java:615)
	at org.hibernate.internal.SessionImpl.saveOrUpdate(SessionImpl.java:608)
	at org.hibernate.engine.spi.CascadingAction$5.cascade(CascadingAction.java:258)
	at org.hibernate.engine.internal.Cascade.cascadeToOne(Cascade.java:380)
	at org.hibernate.engine.internal.Cascade.cascadeAssociation(Cascade.java:323)
	at org.hibernate.engine.internal.Cascade.cascadeProperty(Cascade.java:208)
	at org.hibernate.engine.internal.Cascade.cascadeCollectionElements(Cascade.java:409)
	at org.hibernate.engine.internal.Cascade.cascadeCollection(Cascade.java:350)
	at org.hibernate.engine.internal.Cascade.cascadeAssociation(Cascade.java:326)
	at org.hibernate.engine.internal.Cascade.cascadeProperty(Cascade.java:208)
	at org.hibernate.engine.internal.Cascade.cascade(Cascade.java:165)
	at org.hibernate.event.internal.AbstractFlushingEventListener.cascadeOnFlush(AbstractFlushingEventListener.java:160)
	at org.hibernate.event.internal.AbstractFlushingEventListener.prepareEntityFlushes(AbstractFlushingEventListener.java:151)
	at org.hibernate.event.internal.AbstractFlushingEventListener.flushEverythingToExecutions(AbstractFlushingEventListener.java:88)
	at org.hibernate.event.internal.DefaultAutoFlushEventListener.onAutoFlush(DefaultAutoFlushEventListener.java:55)
	at org.hibernate.internal.SessionImpl.autoFlushIfRequired(SessionImpl.java:1053)
	at org.hibernate.internal.SessionImpl.list(SessionImpl.java:1476)
	at org.hibernate.internal.CriteriaImpl.list(CriteriaImpl.java:374)
	at com.digitnexus.core.id.dao.PojoIdGenerateDaoImpl.findMatchId(PojoIdGenerateDaoImpl.java:88)
	at com.digitnexus.core.id.dao.AbstractBaseIdGenerateDao.generateNextId(AbstractBaseIdGenerateDao.java:62)
	at com.digitnexus.core.id.dao.AbstractBaseIdGenerateDao$$FastClassByCGLIB$$cd59e8a0.invoke(<generated>)
	at net.sf.cglib.proxy.MethodProxy.invoke(MethodProxy.java:191)
	at org.springframework.aop.framework.Cglib2AopProxy$CglibMethodInvocation.invokeJoinpoint(Cglib2AopProxy.java:689)
	at org.springframework.aop.framework.ReflectiveMethodInvocation.proceed(ReflectiveMethodInvocation.java:150)
	at org.springframework.aop.interceptor.ExposeInvocationInterceptor.invoke(ExposeInvocationInterceptor.java:90)
	at org.springframework.aop.framework.ReflectiveMethodInvocation.proceed(ReflectiveMethodInvocation.java:172)
	at org.springframework.aop.framework.Cglib2AopProxy$DynamicAdvisedInterceptor.intercept(Cglib2AopProxy.java:622)
	at com.digitnexus.core.id.dao.PojoIdGenerateDaoImpl$$EnhancerByCGLIB$$24854638.generateNextId(<generated>)
	at com.digitnexus.core.id.business.PojoIdGenerateServiceImpl.generateNextId(PojoIdGenerateServiceImpl.java:95)
	at com.digitnexus.core.id.business.AbstractCacheableIdService.getIdFromCache(AbstractCacheableIdService.java:56)
	at com.digitnexus.core.id.business.PojoIdGenerateServiceImpl.generateId(PojoIdGenerateServiceImpl.java:75)
	at com.digitnexus.core.id.IdGenerateUtil.generateNumberId(IdGenerateUtil.java:60)
	at com.digitnexus.core.id.PojoIdGeneratorHibernate.generate(PojoIdGeneratorHibernate.java:58)
	at org.hibernate.event.internal.AbstractSaveEventListener.saveWithGeneratedId(AbstractSaveEventListener.java:120)
	at org.hibernate.event.internal.DefaultSaveOrUpdateEventListener.saveWithGeneratedOrRequestedId(DefaultSaveOrUpdateEventListener.java:204)
	at org.hibernate.event.internal.DefaultSaveOrUpdateEventListener.entityIsTransient(DefaultSaveOrUpdateEventListener.java:189)
	at org.hibernate.event.internal.DefaultSaveOrUpdateEventListener.performSaveOrUpdate(DefaultSaveOrUpdateEventListener.java:114)
	at org.hibernate.event.internal.DefaultSaveOrUpdateEventListener.onSaveOrUpdate(DefaultSaveOrUpdateEventListener.java:90)
	at org.hibernate.internal.SessionImpl.fireSaveOrUpdate(SessionImpl.java:615)
	at org.hibernate.internal.SessionImpl.saveOrUpdate(SessionImpl.java:608)
	at org.hibernate.engine.spi.CascadingAction$5.cascade(CascadingAction.java:258)
	at org.hibernate.engine.internal.Cascade.cascadeToOne(Cascade.java:380)
	at org.hibernate.engine.internal.Cascade.cascadeAssociation(Cascade.java:323)
	at org.hibernate.engine.internal.Cascade.cascadeProperty(Cascade.java:208)
	at org.hibernate.engine.internal.Cascade.cascadeCollectionElements(Cascade.java:409)
	at org.hibernate.engine.internal.Cascade.cascadeCollection(Cascade.java:350)
	at org.hibernate.engine.internal.Cascade.cascadeAssociation(Cascade.java:326)
	at org.hibernate.engine.internal.Cascade.cascadeProperty(Cascade.java:208)
	at org.hibernate.engine.internal.Cascade.cascade(Cascade.java:165)
	at org.hibernate.event.internal.AbstractFlushingEventListener.cascadeOnFlush(AbstractFlushingEventListener.java:160)
	at org.hibernate.event.internal.AbstractFlushingEventListener.prepareEntityFlushes(AbstractFlushingEventListener.java:151)
	at org.hibernate.event.internal.AbstractFlushingEventListener.flushEverythingToExecutions(AbstractFlushingEventListener.java:88)
	at org.hibernate.event.internal.DefaultAutoFlushEventListener.onAutoFlush(DefaultAutoFlushEventListener.java:55)
	at org.hibernate.internal.SessionImpl.autoFlushIfRequired(SessionImpl.java:1053)
	at org.hibernate.internal.SessionImpl.list(SessionImpl.java:1476)
	at org.hibernate.internal.CriteriaImpl.list(CriteriaImpl.java:374)
	at com.digitnexus.core.id.dao.PojoIdGenerateDaoImpl.findMatchId(PojoIdGenerateDaoImpl.java:88)
	at com.digitnexus.core.id.dao.AbstractBaseIdGenerateDao.generateNextId(AbstractBaseIdGenerateDao.java:62)
	at com.digitnexus.core.id.dao.AbstractBaseIdGenerateDao$$FastClassByCGLIB$$cd59e8a0.invoke(<generated>)
	at net.sf.cglib.proxy.MethodProxy.invoke(MethodProxy.java:191)
	at org.springframework.aop.framework.Cglib2AopProxy$CglibMethodInvocation.invokeJoinpoint(Cglib2AopProxy.java:689)
	at org.springframework.aop.framework.ReflectiveMethodInvocation.proceed(ReflectiveMethodInvocation.java:150)
	at org.springframework.aop.interceptor.ExposeInvocationInterceptor.invoke(ExposeInvocationInterceptor.java:90)
	at org.springframework.aop.framework.ReflectiveMethodInvocation.proceed(ReflectiveMethodInvocation.java:172)
	at org.springframework.aop.framework.Cglib2AopProxy$DynamicAdvisedInterceptor.intercept(Cglib2AopProxy.java:622)
	at com.digitnexus.core.id.dao.PojoIdGenerateDaoImpl$$EnhancerByCGLIB$$24854638.generateNextId(<generated>)
	at com.digitnexus.core.id.business.PojoIdGenerateServiceImpl.generateNextId(PojoIdGenerateServiceImpl.java:95)
	at com.digitnexus.core.id.business.AbstractCacheableIdService.getIdFromCache(AbstractCacheableIdService.java:56)
	at com.digitnexus.core.id.business.PojoIdGenerateServiceImpl.generateId(PojoIdGenerateServiceImpl.java:75)
	at com.digitnexus.core.id.IdGenerateUtil.generateNumberId(IdGenerateUtil.java:60)
	at com.digitnexus.core.id.PojoIdGeneratorHibernate.generate(PojoIdGeneratorHibernate.java:58)
	at org.hibernate.event.internal.AbstractSaveEventListener.saveWithGeneratedId(AbstractSaveEventListener.java:120)
	at org.hibernate.event.internal.DefaultSaveOrUpdateEventListener.saveWithGeneratedOrRequestedId(DefaultSaveOrUpdateEventListener.java:204)
	at org.hibernate.event.internal.DefaultSaveOrUpdateEventListener.entityIsTransient(DefaultSaveOrUpdateEventListener.java:189)
	at org.hibernate.event.internal.DefaultSaveOrUpdateEventListener.performSaveOrUpdate(DefaultSaveOrUpdateEventListener.java:114)
	at org.hibernate.event.internal.DefaultSaveOrUpdateEventListener.onSaveOrUpdate(DefaultSaveOrUpdateEventListener.java:90)
	at org.hibernate.internal.SessionImpl.fireSaveOrUpdate(SessionImpl.java:615)
	at org.hibernate.internal.SessionImpl.saveOrUpdate(SessionImpl.java:608)
	at org.hibernate.engine.spi.CascadingAction$5.cascade(CascadingAction.java:258)
	at org.hibernate.engine.internal.Cascade.cascadeToOne(Cascade.java:380)
	at org.hibernate.engine.internal.Cascade.cascadeAssociation(Cascade.java:323)
	at org.hibernate.engine.internal.Cascade.cascadeProperty(Cascade.java:208)
	at org.hibernate.engine.internal.Cascade.cascadeCollectionElements(Cascade.java:409)
	at org.hibernate.engine.internal.Cascade.cascadeCollection(Cascade.java:350)
	at org.hibernate.engine.internal.Cascade.cascadeAssociation(Cascade.java:326)
	at org.hibernate.engine.internal.Cascade.cascadeProperty(Cascade.java:208)
	at org.hibernate.engine.internal.Cascade.cascade(Cascade.java:165)
	at org.hibernate.event.internal.AbstractFlushingEventListener.cascadeOnFlush(AbstractFlushingEventListener.java:160)
	at org.hibernate.event.internal.AbstractFlushingEventListener.prepareEntityFlushes(AbstractFlushingEventListener.java:151)
	at org.hibernate.event.internal.AbstractFlushingEventListener.flushEverythingToExecutions(AbstractFlushingEventListener.java:88)
	at org.hibernate.event.internal.DefaultAutoFlushEventListener.onAutoFlush(DefaultAutoFlushEventListener.java:55)
	at org.hibernate.internal.SessionImpl.autoFlushIfRequired(SessionImpl.java:1053)
	at org.hibernate.internal.SessionImpl.list(SessionImpl.java:1476)
	at org.hibernate.internal.CriteriaImpl.list(CriteriaImpl.java:374)
	at com.digitnexus.core.id.dao.PojoIdGenerateDaoImpl.findMatchId(PojoIdGenerateDaoImpl.java:88)
	at com.digitnexus.core.id.dao.AbstractBaseIdGenerateDao.generateNextId(AbstractBaseIdGenerateDao.java:62)
	at com.digitnexus.core.id.dao.AbstractBaseIdGenerateDao$$FastClassByCGLIB$$cd59e8a0.invoke(<generated>)
	at net.sf.cglib.proxy.MethodProxy.invoke(MethodProxy.java:191)
	at org.springframework.aop.framework.Cglib2AopProxy$CglibMethodInvocation.invokeJoinpoint(Cglib2AopProxy.java:689)
	at org.springframework.aop.framework.ReflectiveMethodInvocation.proceed(ReflectiveMethodInvocation.java:150)
	at org.springframework.aop.interceptor.ExposeInvocationInterceptor.invoke(ExposeInvocationInterceptor.java:90)
	at org.springframework.aop.framework.ReflectiveMethodInvocation.proceed(ReflectiveMethodInvocation.java:172)
	at org.springframework.aop.framework.Cglib2AopProxy$DynamicAdvisedInterceptor.intercept(Cglib2AopProxy.java:622)
	at com.digitnexus.core.id.dao.PojoIdGenerateDaoImpl$$EnhancerByCGLIB$$24854638.generateNextId(<generated>)
	at com.digitnexus.core.id.business.PojoIdGenerateServiceImpl.generateNextId(PojoIdGenerateServiceImpl.java:95)
	at com.digitnexus.core.id.business.AbstractCacheableIdService.getIdFromCache(AbstractCacheableIdService.java:56)
	at com.digitnexus.core.id.business.PojoIdGenerateServiceImpl.generateId(PojoIdGenerateServiceImpl.java:75)
	at com.digitnexus.core.id.IdGenerateUtil.generateNumberId(IdGenerateUtil.java:60)
	at com.digitnexus.core.id.PojoIdGeneratorHibernate.generate(PojoIdGeneratorHibernate.java:58)
	at org.hibernate.event.internal.AbstractSaveEventListener.saveWithGeneratedId(AbstractSaveEventListener.java:120)
	at org.hibernate.event.internal.DefaultSaveOrUpdateEventListener.saveWithGeneratedOrRequestedId(DefaultSaveOrUpdateEventListener.java:204)
	at org.hibernate.event.internal.DefaultSaveOrUpdateEventListener.entityIsTransient(DefaultSaveOrUpdateEventListener.java:189)
	at org.hibernate.event.internal.DefaultSaveOrUpdateEventListener.performSaveOrUpdate(DefaultSaveOrUpdateEventListener.java:114)
	at org.hibernate.event.internal.DefaultSaveOrUpdateEventListener.onSaveOrUpdate(DefaultSaveOrUpdateEventListener.java:90)
	at org.hibernate.internal.SessionImpl.fireSaveOrUpdate(SessionImpl.java:615)
	at org.hibernate.internal.SessionImpl.saveOrUpdate(SessionImpl.java:608)
	at org.hibernate.engine.spi.CascadingAction$5.cascade(CascadingAction.java:258)
	at org.hibernate.engine.internal.Cascade.cascadeToOne(Cascade.java:380)
	at org.hibernate.engine.internal.Cascade.cascadeAssociation(Cascade.java:323)
	at org.hibernate.engine.internal.Cascade.cascadeProperty(Cascade.java:208)
	at org.hibernate.engine.internal.Cascade.cascadeCollectionElements(Cascade.java:409)
	at org.hibernate.engine.internal.Cascade.cascadeCollection(Cascade.java:350)
	at org.hibernate.engine.internal.Cascade.cascadeAssociation(Cascade.java:326)
	at org.hibernate.engine.internal.Cascade.cascadeProperty(Cascade.java:208)
	at org.hibernate.engine.internal.Cascade.cascade(Cascade.java:165)
	at org.hibernate.event.internal.AbstractFlushingEventListener.cascadeOnFlush(AbstractFlushingEventListener.java:160)
	at org.hibernate.event.internal.AbstractFlushingEventListener.prepareEntityFlushes(AbstractFlushingEventListener.java:151)
	at org.hibernate.event.internal.AbstractFlushingEventListener.flushEverythingToExecutions(AbstractFlushingEventListener.java:88)
	at org.hibernate.event.internal.DefaultAutoFlushEventListener.onAutoFlush(DefaultAutoFlushEventListener.java:55)
	at org.hibernate.internal.SessionImpl.autoFlushIfRequired(SessionImpl.java:1053)
	at org.hibernate.internal.SessionImpl.list(SessionImpl.java:1476)
	at org.hibernate.internal.CriteriaImpl.list(CriteriaImpl.java:374)
	at com.digitnexus.core.id.dao.PojoIdGenerateDaoImpl.findMatchId(PojoIdGenerateDaoImpl.java:88)
	at com.digitnexus.core.id.dao.AbstractBaseIdGenerateDao.generateNextId(AbstractBaseIdGenerateDao.java:62)
	at com.digitnexus.core.id.dao.AbstractBaseIdGenerateDao$$FastClassByCGLIB$$cd59e8a0.invoke(<generated>)
	at net.sf.cglib.proxy.MethodProxy.invoke(MethodProxy.java:191)
	at org.springframework.aop.framework.Cglib2AopProxy$CglibMethodInvocation.invokeJoinpoint(Cglib2AopProxy.java:689)
	at org.springframework.aop.framework.ReflectiveMethodInvocation.proceed(ReflectiveMethodInvocation.java:150)
	at org.springframework.aop.interceptor.ExposeInvocationInterceptor.invoke(ExposeInvocationInterceptor.java:90)
	at org.springframework.aop.framework.ReflectiveMethodInvocation.proceed(ReflectiveMethodInvocation.java:172)
	at org.springframework.aop.framework.Cglib2AopProxy$DynamicAdvisedInterceptor.intercept(Cglib2AopProxy.java:622)
	at com.digitnexus.core.id.dao.PojoIdGenerateDaoImpl$$EnhancerByCGLIB$$24854638.generateNextId(<generated>)
	at com.digitnexus.core.id.business.PojoIdGenerateServiceImpl.generateNextId(PojoIdGenerateServiceImpl.java:95)
	at com.digitnexus.core.id.business.AbstractCacheableIdService.getIdFromCache(AbstractCacheableIdService.java:56)
	at com.digitnexus.core.id.business.PojoIdGenerateServiceImpl.generateId(PojoIdGenerateServiceImpl.java:75)
	at com.digitnexus.core.id.IdGenerateUtil.generateNumberId(IdGenerateUtil.java:60)
	at com.digitnexus.core.id.PojoIdGeneratorHibernate.generate(PojoIdGeneratorHibernate.java:58)
	at org.hibernate.event.internal.AbstractSaveEventListener.saveWithGeneratedId(AbstractSaveEventListener.java:120)
	at org.hibernate.event.internal.DefaultSaveOrUpdateEventListener.saveWithGeneratedOrRequestedId(DefaultSaveOrUpdateEventListener.java:204)
	at org.hibernate.event.internal.DefaultSaveOrUpdateEventListener.entityIsTransient(DefaultSaveOrUpdateEventListener.java:189)
	at org.hibernate.event.internal.DefaultSaveOrUpdateEventListener.performSaveOrUpdate(DefaultSaveOrUpdateEventListener.java:114)
	at org.hibernate.event.internal.DefaultSaveOrUpdateEventListener.onSaveOrUpdate(DefaultSaveOrUpdateEventListener.java:90)
	at org.hibernate.internal.SessionImpl.fireSaveOrUpdate(SessionImpl.java:615)
	at org.hibernate.internal.SessionImpl.saveOrUpdate(SessionImpl.java:608)
	at org.hibernate.engine.spi.CascadingAction$5.cascade(CascadingAction.java:258)
	at org.hibernate.engine.internal.Cascade.cascadeToOne(Cascade.java:380)
	at org.hibernate.engine.internal.Cascade.cascadeAssociation(Cascade.java:323)
	at org.hibernate.engine.internal.Cascade.cascadeProperty(Cascade.java:208)
	at org.hibernate.engine.internal.Cascade.cascadeCollectionElements(Cascade.java:409)
	at org.hibernate.engine.internal.Cascade.cascadeCollection(Cascade.java:350)
	at org.hibernate.engine.internal.Cascade.cascadeAssociation(Cascade.java:326)
	at org.hibernate.engine.internal.Cascade.cascadeProperty(Cascade.java:208)
	at org.hibernate.engine.internal.Cascade.cascade(Cascade.java:165)
	at org.hibernate.event.internal.AbstractFlushingEventListener.cascadeOnFlush(AbstractFlushingEventListener.java:160)
	at org.hibernate.event.internal.AbstractFlushingEventListener.prepareEntityFlushes(AbstractFlushingEventListener.java:151)
	at org.hibernate.event.internal.AbstractFlushingEventListener.flushEverythingToExecutions(AbstractFlushingEventListener.java:88)
	at org.hibernate.event.internal.DefaultAutoFlushEventListener.onAutoFlush(DefaultAutoFlushEventListener.java:55)
	at org.hibernate.internal.SessionImpl.autoFlushIfRequired(SessionImpl.java:1053)
	at org.hibernate.internal.SessionImpl.list(SessionImpl.java:1476)
	at org.hibernate.internal.CriteriaImpl.list(CriteriaImpl.java:374)
	at com.digitnexus.core.id.dao.PojoIdGenerateDaoImpl.findMatchId(PojoIdGenerateDaoImpl.java:88)
	at com.digitnexus.core.id.dao.AbstractBaseIdGenerateDao.generateNextId(AbstractBaseIdGenerateDao.java:62)
	at com.digitnexus.core.id.dao.AbstractBaseIdGenerateDao$$FastClassByCGLIB$$cd59e8a0.invoke(<generated>)
	at net.sf.cglib.proxy.MethodProxy.invoke(MethodProxy.java:191)
	at org.springframework.aop.framework.Cglib2AopProxy$CglibMethodInvocation.invokeJoinpoint(Cglib2AopProxy.java:689)
	at org.springframework.aop.framework.ReflectiveMethodInvocation.proceed(ReflectiveMethodInvocation.java:150)
	at org.springframework.aop.interceptor.ExposeInvocationInterceptor.invoke(ExposeInvocationInterceptor.java:90)
	at org.springframework.aop.framework.ReflectiveMethodInvocation.proceed(ReflectiveMethodInvocation.java:172)
	at org.springframework.aop.framework.Cglib2AopProxy$DynamicAdvisedInterceptor.intercept(Cglib2AopProxy.java:622)
	at com.digitnexus.core.id.dao.PojoIdGenerateDaoImpl$$EnhancerByCGLIB$$24854638.generateNextId(<generated>)
	at com.digitnexus.core.id.business.PojoIdGenerateServiceImpl.generateNextId(PojoIdGenerateServiceImpl.java:95)
	at com.digitnexus.core.id.business.AbstractCacheableIdService.getIdFromCache(AbstractCacheableIdService.java:56)
	at com.digitnexus.core.id.business.PojoIdGenerateServiceImpl.generateId(PojoIdGenerateServiceImpl.java:75)
	at com.digitnexus.core.id.IdGenerateUtil.generateNumberId(IdGenerateUtil.java:60)
	at com.digitnexus.core.id.PojoIdGeneratorHibernate.generate(PojoIdGeneratorHibernate.java:58)
	at org.hibernate.event.internal.AbstractSaveEventListener.saveWithGeneratedId(AbstractSaveEventListener.java:120)
	at org.hibernate.event.internal.DefaultSaveOrUpdateEventListener.saveWithGeneratedOrRequestedId(DefaultSaveOrUpdateEventListener.java:204)
	at org.hibernate.event.internal.DefaultSaveOrUpdateEventListener.entityIsTransient(DefaultSaveOrUpdateEventListener.java:189)
	at org.hibernate.event.internal.DefaultSaveOrUpdateEventListener.performSaveOrUpdate(DefaultSaveOrUpdateEventListener.java:114)
	at org.hibernate.event.internal.DefaultSaveOrUpdateEventListener.onSaveOrUpdate(DefaultSaveOrUpdateEventListener.java:90)
	at org.hibernate.internal.SessionImpl.fireSaveOrUpdate(SessionImpl.java:615)
	at org.hibernate.internal.SessionImpl.saveOrUpdate(SessionImpl.java:608)
	at org.hibernate.engine.spi.CascadingAction$5.cascade(CascadingAction.java:258)
	at org.hibernate.engine.internal.Cascade.cascadeToOne(Cascade.java:380)
	at org.hibernate.engine.internal.Cascade.cascadeAssociation(Cascade.java:323)
	at org.hibernate.engine.internal.Cascade.cascadeProperty(Cascade.java:208)
	at org.hibernate.engine.internal.Cascade.cascadeCollectionElements(Cascade.java:409)
	at org.hibernate.engine.internal.Cascade.cascadeCollection(Cascade.java:350)
	at org.hibernate.engine.internal.Cascade.cascadeAssociation(Cascade.java:326)
	at org.hibernate.engine.internal.Cascade.cascadeProperty(Cascade.java:208)
	at org.hibernate.engine.internal.Cascade.cascade(Cascade.java:165)
	at org.hibernate.event.internal.AbstractFlushingEventListener.cascadeOnFlush(AbstractFlushingEventListener.java:160)
	at org.hibernate.event.internal.AbstractFlushingEventListener.prepareEntityFlushes(AbstractFlushingEventListener.java:151)
	at org.hibernate.event.internal.AbstractFlushingEventListener.flushEverythingToExecutions(AbstractFlushingEventListener.java:88)
	at org.hibernate.event.internal.DefaultAutoFlushEventListener.onAutoFlush(DefaultAutoFlushEventListener.java:55)
	at org.hibernate.internal.SessionImpl.autoFlushIfRequired(SessionImpl.java:1053)
	at org.hibernate.internal.SessionImpl.list(SessionImpl.java:1476)
	at org.hibernate.internal.CriteriaImpl.list(CriteriaImpl.java:374)
	at com.digitnexus.core.id.dao.PojoIdGenerateDaoImpl.findMatchId(PojoIdGenerateDaoImpl.java:88)
	at com.digitnexus.core.id.dao.AbstractBaseIdGenerateDao.generateNextId(AbstractBaseIdGenerateDao.java:62)
	at com.digitnexus.core.id.dao.AbstractBaseIdGenerateDao$$FastClassByCGLIB$$cd59e8a0.invoke(<generated>)
	at net.sf.cglib.proxy.MethodProxy.invoke(MethodProxy.java:191)
	at org.springframework.aop.framework.Cglib2AopProxy$CglibMethodInvocation.invokeJoinpoint(Cglib2AopProxy.java:689)
	at org.springframework.aop.framework.ReflectiveMethodInvocation.proceed(ReflectiveMethodInvocation.java:150)
	at org.springframework.aop.interceptor.ExposeInvocationInterceptor.invoke(ExposeInvocationInterceptor.java:90)
	at org.springframework.aop.framework.ReflectiveMethodInvocation.proceed(ReflectiveMethodInvocation.java:172)
	at org.springframework.aop.framework.Cglib2AopProxy$DynamicAdvisedInterceptor.intercept(Cglib2AopProxy.java:622)
	at com.digitnexus.core.id.dao.PojoIdGenerateDaoImpl$$EnhancerByCGLIB$$24854638.generateNextId(<generated>)
	at com.digitnexus.core.id.business.PojoIdGenerateServiceImpl.generateNextId(PojoIdGenerateServiceImpl.java:95)
	at com.digitnexus.core.id.business.AbstractCacheableIdService.getIdFromCache(AbstractCacheableIdService.java:56)
	at com.digitnexus.core.id.business.PojoIdGenerateServiceImpl.generateId(PojoIdGenerateServiceImpl.java:75)
	at com.digitnexus.core.id.IdGenerateUtil.generateNumberId(IdGenerateUtil.java:60)
	at com.digitnexus.core.id.PojoIdGeneratorHibernate.generate(PojoIdGeneratorHibernate.java:58)
	at org.hibernate.event.internal.AbstractSaveEventListener.saveWithGeneratedId(AbstractSaveEventListener.java:120)
	at org.hibernate.event.internal.DefaultSaveOrUpdateEventListener.saveWithGeneratedOrRequestedId(DefaultSaveOrUpdateEventListener.java:204)
	at org.hibernate.event.internal.DefaultSaveOrUpdateEventListener.entityIsTransient(DefaultSaveOrUpdateEventListener.java:189)
	at org.hibernate.event.internal.DefaultSaveOrUpdateEventListener.performSaveOrUpdate(DefaultSaveOrUpdateEventListener.java:114)
	at org.hibernate.event.internal.DefaultSaveOrUpdateEventListener.onSaveOrUpdate(DefaultSaveOrUpdateEventListener.java:90)
	at org.hibernate.internal.SessionImpl.fireSaveOrUpdate(SessionImpl.java:615)
	at org.hibernate.internal.SessionImpl.saveOrUpdate(SessionImpl.java:608)
	at org.hibernate.engine.spi.CascadingAction$5.cascade(CascadingAction.java:258)
	at org.hibernate.engine.internal.Cascade.cascadeToOne(Cascade.java:380)
	at org.hibernate.engine.internal.Cascade.cascadeAssociation(Cascade.java:323)
	at org.hibernate.engine.internal.Cascade.cascadeProperty(Cascade.java:208)
	at org.hibernate.engine.internal.Cascade.cascadeCollectionElements(Cascade.java:409)
	at org.hibernate.engine.internal.Cascade.cascadeCollection(Cascade.java:350)
	at org.hibernate.engine.internal.Cascade.cascadeAssociation(Cascade.java:326)
	at org.hibernate.engine.internal.Cascade.cascadeProperty(Cascade.java:208)
	at org.hibernate.engine.internal.Cascade.cascade(Cascade.java:165)
	at org.hibernate.event.internal.AbstractFlushingEventListener.cascadeOnFlush(AbstractFlushingEventListener.java:160)
	at org.hibernate.event.internal.AbstractFlushingEventListener.prepareEntityFlushes(AbstractFlushingEventListener.java:151)
	at org.hibernate.event.internal.AbstractFlushingEventListener.flushEverythingToExecutions(AbstractFlushingEventListener.java:88)
	at org.hibernate.event.internal.DefaultAutoFlushEventListener.onAutoFlush(DefaultAutoFlushEventListener.java:55)
	at org.hibernate.internal.SessionImpl.autoFlushIfRequired(SessionImpl.java:1053)
	at org.hibernate.internal.SessionImpl.list(SessionImpl.java:1476)
	at org.hibernate.internal.CriteriaImpl.list(CriteriaImpl.java:374)
	at com.digitnexus.core.id.dao.PojoIdGenerateDaoImpl.findMatchId(PojoIdGenerateDaoImpl.java:88)
	at com.digitnexus.core.id.dao.AbstractBaseIdGenerateDao.generateNextId(AbstractBaseIdGenerateDao.java:62)
	at com.digitnexus.core.id.dao.AbstractBaseIdGenerateDao$$FastClassByCGLIB$$cd59e8a0.invoke(<generated>)
	at net.sf.cglib.proxy.MethodProxy.invoke(MethodProxy.java:191)
	at org.springframework.aop.framework.Cglib2AopProxy$CglibMethodInvocation.invokeJoinpoint(Cglib2AopProxy.java:689)
	at org.springframework.aop.framework.ReflectiveMethodInvocation.proceed(ReflectiveMethodInvocation.java:150)
	at org.springframework.aop.interceptor.ExposeInvocationInterceptor.invoke(ExposeInvocationInterceptor.java:90)
	at org.springframework.aop.framework.ReflectiveMethodInvocation.proceed(ReflectiveMethodInvocation.java:172)
	at org.springframework.aop.framework.Cglib2AopProxy$DynamicAdvisedInterceptor.intercept(Cglib2AopProxy.java:622)
	at com.digitnexus.core.id.dao.PojoIdGenerateDaoImpl$$EnhancerByCGLIB$$24854638.generateNextId(<generated>)
	at com.digitnexus.core.id.business.PojoIdGenerateServiceImpl.generateNextId(PojoIdGenerateServiceImpl.java:95)
	at com.digitnexus.core.id.business.AbstractCacheableIdService.getIdFromCache(AbstractCacheableIdService.java:56)
	at com.digitnexus.core.id.business.PojoIdGenerateServiceImpl.generateId(PojoIdGenerateServiceImpl.java:75)
	at com.digitnexus.core.id.IdGenerateUtil.generateNumberId(IdGenerateUtil.java:60)
	at com.digitnexus.core.id.PojoIdGeneratorHibernate.generate(PojoIdGeneratorHibernate.java:58)
	at org.hibernate.event.internal.AbstractSaveEventListener.saveWithGeneratedId(AbstractSaveEventListener.java:120)
	at org.hibernate.event.internal.DefaultSaveOrUpdateEventListener.saveWithGeneratedOrRequestedId(DefaultSaveOrUpdateEventListener.java:204)
	at org.hibernate.event.internal.DefaultSaveOrUpdateEventListener.entityIsTransient(DefaultSaveOrUpdateEventListener.java:189)
	at org.hibernate.event.internal.DefaultSaveOrUpdateEventListener.performSaveOrUpdate(DefaultSaveOrUpdateEventListener.java:114)
	at org.hibernate.event.internal.DefaultSaveOrUpdateEventListener.onSaveOrUpdate(DefaultSaveOrUpdateEventListener.java:90)
	at org.hibernate.internal.SessionImpl.fireSaveOrUpdate(SessionImpl.java:615)
	at org.hibernate.internal.SessionImpl.saveOrUpdate(SessionImpl.java:608)
	at org.hibernate.engine.spi.CascadingAction$5.cascade(CascadingAction.java:258)
	at org.hibernate.engine.internal.Cascade.cascadeToOne(Cascade.java:380)
	at org.hibernate.engine.internal.Cascade.cascadeAssociation(Cascade.java:323)
	at org.hibernate.engine.internal.Cascade.cascadeProperty(Cascade.java:208)
	at org.hibernate.engine.internal.Cascade.cascadeCollectionElements(Cascade.java:409)
	at org.hibernate.engine.internal.Cascade.cascadeCollection(Cascade.java:350)
	at org.hibernate.engine.internal.Cascade.cascadeAssociation(Cascade.java:326)
	at org.hibernate.engine.internal.Cascade.cascadeProperty(Cascade.java:208)
	at org.hibernate.engine.internal.Cascade.cascade(Cascade.java:165)
	at org.hibernate.event.internal.AbstractFlushingEventListener.cascadeOnFlush(AbstractFlushingEventListener.java:160)
	at org.hibernate.event.internal.AbstractFlushingEventListener.prepareEntityFlushes(AbstractFlushingEventListener.java:151)
	at org.hibernate.event.internal.AbstractFlushingEventListener.flushEverythingToExecutions(AbstractFlushingEventListener.java:88)
	at org.hibernate.event.internal.DefaultAutoFlushEventListener.onAutoFlush(DefaultAutoFlushEventListener.java:55)
	at org.hibernate.internal.SessionImpl.autoFlushIfRequired(SessionImpl.java:1053)
	at org.hibernate.internal.SessionImpl.list(SessionImpl.java:1476)
	at org.hibernate.internal.CriteriaImpl.list(CriteriaImpl.java:374)
	at com.digitnexus.core.id.dao.PojoIdGenerateDaoImpl.findMatchId(PojoIdGenerateDaoImpl.java:88)
	at com.digitnexus.core.id.dao.AbstractBaseIdGenerateDao.generateNextId(AbstractBaseIdGenerateDao.java:62)
	at com.digitnexus.core.id.dao.AbstractBaseIdGenerateDao$$FastClassByCGLIB$$cd59e8a0.invoke(<generated>)
	at net.sf.cglib.proxy.MethodProxy.invoke(MethodProxy.java:191)
	at org.springframework.aop.framework.Cglib2AopProxy$CglibMethodInvocation.invokeJoinpoint(Cglib2AopProxy.java:689)
	at org.springframework.aop.framework.ReflectiveMethodInvocation.proceed(ReflectiveMethodInvocation.java:150)
	at org.springframework.aop.interceptor.ExposeInvocationInterceptor.invoke(ExposeInvocationInterceptor.java:90)
	at org.springframework.aop.framework.ReflectiveMethodInvocation.proceed(ReflectiveMethodInvocation.java:172)
	at org.springframework.aop.framework.Cglib2AopProxy$DynamicAdvisedInterceptor.intercept(Cglib2AopProxy.java:622)
	at com.digitnexus.core.id.dao.PojoIdGenerateDaoImpl$$EnhancerByCGLIB$$24854638.generateNextId(<generated>)
	at com.digitnexus.core.id.business.PojoIdGenerateServiceImpl.generateNextId(PojoIdGenerateServiceImpl.java:95)
	at com.digitnexus.core.id.business.AbstractCacheableIdService.getIdFromCache(AbstractCacheableIdService.java:56)
	at com.digitnexus.core.id.business.PojoIdGenerateServiceImpl.generateId(PojoIdGenerateServiceImpl.java:75)
	at com.digitnexus.core.id.IdGenerateUtil.generateNumberId(IdGenerateUtil.java:60)
	at com.digitnexus.core.id.PojoIdGeneratorHibernate.generate(PojoIdGeneratorHibernate.java:58)
	at org.hibernate.event.internal.AbstractSaveEventListener.saveWithGeneratedId(AbstractSaveEventListener.java:120)
	at org.hibernate.event.internal.DefaultSaveOrUpdateEventListener.saveWithGeneratedOrRequestedId(DefaultSaveOrUpdateEventListener.java:204)
	at org.hibernate.event.internal.DefaultSaveOrUpdateEventListener.entityIsTransient(DefaultSaveOrUpdateEventListener.java:189)
	at org.hibernate.event.internal.DefaultSaveOrUpdateEventListener.performSaveOrUpdate(DefaultSaveOrUpdateEventListener.java:114)
	at org.hibernate.event.internal.DefaultSaveOrUpdateEventListener.onSaveOrUpdate(DefaultSaveOrUpdateEventListener.java:90)
	at org.hibernate.internal.SessionImpl.fireSaveOrUpdate(SessionImpl.java:615)
	at org.hibernate.internal.SessionImpl.saveOrUpdate(SessionImpl.java:608)
	at org.hibernate.engine.spi.CascadingAction$5.cascade(CascadingAction.java:258)
	at org.hibernate.engine.internal.Cascade.cascadeToOne(Cascade.java:380)
	at org.hibernate.engine.internal.Cascade.cascadeAssociation(Cascade.java:323)
	at org.hibernate.engine.internal.Cascade.cascadeProperty(Cascade.java:208)
	at org.hibernate.engine.internal.Cascade.cascadeCollectionElements(Cascade.java:409)
	at org.hibernate.engine.internal.Cascade.cascadeCollection(Cascade.java:350)
	at org.hibernate.engine.internal.Cascade.cascadeAssociation(Cascade.java:326)
	at org.hibernate.engine.internal.Cascade.cascadeProperty(Cascade.java:208)
	at org.hibernate.engine.internal.Cascade.cascade(Cascade.java:165)
	at org.hibernate.event.internal.AbstractFlushingEventListener.cascadeOnFlush(AbstractFlushingEventListener.java:160)
	at org.hibernate.event.internal.AbstractFlushingEventListener.prepareEntityFlushes(AbstractFlushingEventListener.java:151)
	at org.hibernate.event.internal.AbstractFlushingEventListener.flushEverythingToExecutions(AbstractFlushingEventListener.java:88)
	at org.hibernate.event.internal.DefaultAutoFlushEventListener.onAutoFlush(DefaultAutoFlushEventListener.java:55)
	at org.hibernate.internal.SessionImpl.autoFlushIfRequired(SessionImpl.java:1053)
	at org.hibernate.internal.SessionImpl.list(SessionImpl.java:1476)
	at org.hibernate.internal.CriteriaImpl.list(CriteriaImpl.java:374)
	at com.digitnexus.core.id.dao.PojoIdGenerateDaoImpl.findMatchId(PojoIdGenerateDaoImpl.java:88)
	at com.digitnexus.core.id.dao.AbstractBaseIdGenerateDao.generateNextId(AbstractBaseIdGenerateDao.java:62)
	at com.digitnexus.core.id.dao.AbstractBaseIdGenerateDao$$FastClassByCGLIB$$cd59e8a0.invoke(<generated>)
	at net.sf.cglib.proxy.MethodProxy.invoke(MethodProxy.java:191)
	at org.springframework.aop.framework.Cglib2AopProxy$CglibMethodInvocation.invokeJoinpoint(Cglib2AopProxy.java:689)
	at org.springframework.aop.framework.ReflectiveMethodInvocation.proceed(ReflectiveMethodInvocation.java:150)
	at org.springframework.aop.interceptor.ExposeInvocationInterceptor.invoke(ExposeInvocationInterceptor.java:90)
	at org.springframework.aop.framework.ReflectiveMethodInvocation.proceed(ReflectiveMethodInvocation.java:172)
	at org.springframework.aop.framework.Cglib2AopProxy$DynamicAdvisedInterceptor.intercept(Cglib2AopProxy.java:622)
	at com.digitnexus.core.id.dao.PojoIdGenerateDaoImpl$$EnhancerByCGLIB$$24854638.generateNextId(<generated>)
	at com.digitnexus.core.id.business.PojoIdGenerateServiceImpl.generateNextId(PojoIdGenerateServiceImpl.java:95)
	at com.digitnexus.core.id.business.AbstractCacheableIdService.getIdFromCache(AbstractCacheableIdService.java:56)
	at com.digitnexus.core.id.business.PojoIdGenerateServiceImpl.generateId(PojoIdGenerateServiceImpl.java:75)
	at com.digitnexus.core.id.IdGenerateUtil.generateNumberId(IdGenerateUtil.java:60)
	at com.digitnexus.core.id.PojoIdGeneratorHibernate.generate(PojoIdGeneratorHibernate.java:58)
	at org.hibernate.event.internal.AbstractSaveEventListener.saveWithGeneratedId(AbstractSaveEventListener.java:120)
	at org.hibernate.event.internal.DefaultSaveOrUpdateEventListener.saveWithGeneratedOrRequestedId(DefaultSaveOrUpdateEventListener.java:204)
	at org.hibernate.event.internal.DefaultSaveOrUpdateEventListener.entityIsTransient(DefaultSaveOrUpdateEventListener.java:189)
	at org.hibernate.event.internal.DefaultSaveOrUpdateEventListener.performSaveOrUpdate(DefaultSaveOrUpdateEventListener.java:114)
	at org.hibernate.event.internal.DefaultSaveOrUpdateEventListener.onSaveOrUpdate(DefaultSaveOrUpdateEventListener.java:90)
	at org.hibernate.internal.SessionImpl.fireSaveOrUpdate(SessionImpl.java:615)
	at org.hibernate.internal.SessionImpl.saveOrUpdate(SessionImpl.java:608)
	at org.hibernate.engine.spi.CascadingAction$5.cascade(CascadingAction.java:258)
	at org.hibernate.engine.internal.Cascade.cascadeToOne(Cascade.java:380)
	at org.hibernate.engine.internal.Cascade.cascadeAssociation(Cascade.java:323)
	at org.hibernate.engine.internal.Cascade.cascadeProperty(Cascade.java:208)
	at org.hibernate.engine.internal.Cascade.cascadeCollectionElements(Cascade.java:409)
	at org.hibernate.engine.internal.Cascade.cascadeCollection(Cascade.java:350)
	at org.hibernate.engine.internal.Cascade.cascadeAssociation(Cascade.java:326)
	at org.hibernate.engine.internal.Cascade.cascadeProperty(Cascade.java:208)
	at org.hibernate.engine.internal.Cascade.cascade(Cascade.java:165)
	at org.hibernate.event.internal.AbstractFlushingEventListener.cascadeOnFlush(AbstractFlushingEventListener.java:160)
	at org.hibernate.event.internal.AbstractFlushingEventListener.prepareEntityFlushes(AbstractFlushingEventListener.java:151)
	at org.hibernate.event.internal.AbstractFlushingEventListener.flushEverythingToExecutions(AbstractFlushingEventListener.java:88)
	at org.hibernate.event.internal.DefaultAutoFlushEventListener.onAutoFlush(DefaultAutoFlushEventListener.java:55)
	at org.hibernate.internal.SessionImpl.autoFlushIfRequired(SessionImpl.java:1053)
	at org.hibernate.internal.SessionImpl.list(SessionImpl.java:1476)
	at org.hibernate.internal.CriteriaImpl.list(CriteriaImpl.java:374)
	at com.digitnexus.core.id.dao.PojoIdGenerateDaoImpl.findMatchId(PojoIdGenerateDaoImpl.java:88)
	at com.digitnexus.core.id.dao.AbstractBaseIdGenerateDao.generateNextId(AbstractBaseIdGenerateDao.java:62)
	at com.digitnexus.core.id.dao.AbstractBaseIdGenerateDao$$FastClassByCGLIB$$cd59e8a0.invoke(<generated>)
	at net.sf.cglib.proxy.MethodProxy.invoke(MethodProxy.java:191)
	at org.springframework.aop.framework.Cglib2AopProxy$CglibMethodInvocation.invokeJoinpoint(Cglib2AopProxy.java:689)
	at org.springframework.aop.framework.ReflectiveMethodInvocation.proceed(ReflectiveMethodInvocation.java:150)
	at org.springframework.aop.interceptor.ExposeInvocationInterceptor.invoke(ExposeInvocationInterceptor.java:90)
	at org.springframework.aop.framework.ReflectiveMethodInvocation.proceed(ReflectiveMethodInvocation.java:172)
	at org.springframework.aop.framework.Cglib2AopProxy$DynamicAdvisedInterceptor.intercept(Cglib2AopProxy.java:622)
	at com.digitnexus.core.id.dao.PojoIdGenerateDaoImpl$$EnhancerByCGLIB$$24854638.generateNextId(<generated>)
	at com.digitnexus.core.id.business.PojoIdGenerateServiceImpl.generateNextId(PojoIdGenerateServiceImpl.java:95)
	at com.digitnexus.core.id.business.AbstractCacheableIdService.getIdFromCache(AbstractCacheableIdService.java:56)
	at com.digitnexus.core.id.business.PojoIdGenerateServiceImpl.generateId(PojoIdGenerateServiceImpl.java:75)
	at com.digitnexus.core.id.IdGenerateUtil.generateNumberId(IdGenerateUtil.java:60)
	at com.digitnexus.core.id.PojoIdGeneratorHibernate.generate(PojoIdGeneratorHibernate.java:58)
	at org.hibernate.event.internal.AbstractSaveEventListener.saveWithGeneratedId(AbstractSaveEventListener.java:120)
	at org.hibernate.event.internal.DefaultSaveOrUpdateEventListener.saveWithGeneratedOrRequestedId(DefaultSaveOrUpdateEventListener.java:204)
	at org.hibernate.event.internal.DefaultSaveOrUpdateEventListener.entityIsTransient(DefaultSaveOrUpdateEventListener.java:189)
	at org.hibernate.event.internal.DefaultSaveOrUpdateEventListener.performSaveOrUpdate(DefaultSaveOrUpdateEventListener.java:114)
	at org.hibernate.event.internal.DefaultSaveOrUpdateEventListener.onSaveOrUpdate(DefaultSaveOrUpdateEventListener.java:90)
	at org.hibernate.internal.SessionImpl.fireSaveOrUpdate(SessionImpl.java:615)
	at org.hibernate.internal.SessionImpl.saveOrUpdate(SessionImpl.java:608)
	at org.hibernate.engine.spi.CascadingAction$5.cascade(CascadingAction.java:258)
	at org.hibernate.engine.internal.Cascade.cascadeToOne(Cascade.java:380)
	at org.hibernate.engine.internal.Cascade.cascadeAssociation(Cascade.java:323)
	at org.hibernate.engine.internal.Cascade.cascadeProperty(Cascade.java:208)
	at org.hibernate.engine.internal.Cascade.cascadeCollectionElements(Cascade.java:409)
	at org.hibernate.engine.internal.Cascade.cascadeCollection(Cascade.java:350)
	at org.hibernate.engine.internal.Cascade.cascadeAssociation(Cascade.java:326)
	at org.hibernate.engine.internal.Cascade.cascadeProperty(Cascade.java:208)
	at org.hibernate.engine.internal.Cascade.cascade(Cascade.java:165)
	at org.hibernate.event.internal.AbstractFlushingEventListener.cascadeOnFlush(AbstractFlushingEventListener.java:160)
	at org.hibernate.event.internal.AbstractFlushingEventListener.prepareEntityFlushes(AbstractFlushingEventListener.java:151)
	at org.hibernate.event.internal.AbstractFlushingEventListener.flushEverythingToExecutions(AbstractFlushingEventListener.java:88)
	at org.hibernate.event.internal.DefaultAutoFlushEventListener.onAutoFlush(DefaultAutoFlushEventListener.java:55)
	at org.hibernate.internal.SessionImpl.autoFlushIfRequired(SessionImpl.java:1053)
	at org.hibernate.internal.SessionImpl.list(SessionImpl.java:1476)
	at org.hibernate.internal.CriteriaImpl.list(CriteriaImpl.java:374)
	at com.digitnexus.core.id.dao.PojoIdGenerateDaoImpl.findMatchId(PojoIdGenerateDaoImpl.java:88)
	at com.digitnexus.core.id.dao.AbstractBaseIdGenerateDao.generateNextId(AbstractBaseIdGenerateDao.java:62)
	at com.digitnexus.core.id.dao.AbstractBaseIdGenerateDao$$FastClassByCGLIB$$cd59e8a0.invoke(<generated>)
	at net.sf.cglib.proxy.MethodProxy.invoke(MethodProxy.java:191)
	at org.springframework.aop.framework.Cglib2AopProxy$CglibMethodInvocation.invokeJoinpoint(Cglib2AopProxy.java:689)
	at org.springframework.aop.framework.ReflectiveMethodInvocation.proceed(ReflectiveMethodInvocation.java:150)
	at org.springframework.aop.interceptor.ExposeInvocationInterceptor.invoke(ExposeInvocationInterceptor.java:90)
	at org.springframework.aop.framework.ReflectiveMethodInvocation.proceed(ReflectiveMethodInvocation.java:172)
	at org.springframework.aop.framework.Cglib2AopProxy$DynamicAdvisedInterceptor.intercept(Cglib2AopProxy.java:622)
	at com.digitnexus.core.id.dao.PojoIdGenerateDaoImpl$$EnhancerByCGLIB$$24854638.generateNextId(<generated>)
	at com.digitnexus.core.id.business.PojoIdGenerateServiceImpl.generateNextId(PojoIdGenerateServiceImpl.java:95)
	at com.digitnexus.core.id.business.AbstractCacheableIdService.getIdFromCache(AbstractCacheableIdService.java:56)
	at com.digitnexus.core.id.business.PojoIdGenerateServiceImpl.generateId(PojoIdGenerateServiceImpl.java:75)
	at com.digitnexus.core.id.IdGenerateUtil.generateNumberId(IdGenerateUtil.java:60)
	at com.digitnexus.core.id.PojoIdGeneratorHibernate.generate(PojoIdGeneratorHibernate.java:58)
	at org.hibernate.event.internal.AbstractSaveEventListener.saveWithGeneratedId(AbstractSaveEventListener.java:120)
	at org.hibernate.event.internal.DefaultSaveOrUpdateEventListener.saveWithGeneratedOrRequestedId(DefaultSaveOrUpdateEventListener.java:204)
	at org.hibernate.event.internal.DefaultSaveOrUpdateEventListener.entityIsTransient(DefaultSaveOrUpdateEventListener.java:189)
	at org.hibernate.event.internal.DefaultSaveOrUpdateEventListener.performSaveOrUpdate(DefaultSaveOrUpdateEventListener.java:114)
	at org.hibernate.event.internal.DefaultSaveOrUpdateEventListener.onSaveOrUpdate(DefaultSaveOrUpdateEventListener.java:90)
	at org.hibernate.internal.SessionImpl.fireSaveOrUpdate(SessionImpl.java:615)
	at org.hibernate.internal.SessionImpl.saveOrUpdate(SessionImpl.java:608)
	at org.hibernate.engine.spi.CascadingAction$5.cascade(CascadingAction.java:258)
	at org.hibernate.engine.internal.Cascade.cascadeToOne(Cascade.java:380)
	at org.hibernate.engine.internal.Cascade.cascadeAssociation(Cascade.java:323)
	at org.hibernate.engine.internal.Cascade.cascadeProperty(Cascade.java:208)
	at org.hibernate.engine.internal.Cascade.cascadeCollectionElements(Cascade.java:409)
	at org.hibernate.engine.internal.Cascade.cascadeCollection(Cascade.java:350)
	at org.hibernate.engine.internal.Cascade.cascadeAssociation(Cascade.java:326)
	at org.hibernate.engine.internal.Cascade.cascadeProperty(Cascade.java:208)
	at org.hibernate.engine.internal.Cascade.cascade(Cascade.java:165)
	at org.hibernate.event.internal.AbstractFlushingEventListener.cascadeOnFlush(AbstractFlushingEventListener.java:160)
	at org.hibernate.event.internal.AbstractFlushingEventListener.prepareEntityFlushes(AbstractFlushingEventListener.java:151)
	at org.hibernate.event.internal.AbstractFlushingEventListener.flushEverythingToExecutions(AbstractFlushingEventListener.java:88)
	at org.hibernate.event.internal.DefaultAutoFlushEventListener.onAutoFlush(DefaultAutoFlushEventListener.java:55)
	at org.hibernate.internal.SessionImpl.autoFlushIfRequired(SessionImpl.java:1053)
	at org.hibernate.internal.SessionImpl.list(SessionImpl.java:1476)
	at org.hibernate.internal.CriteriaImpl.list(CriteriaImpl.java:374)
	at com.digitnexus.core.id.dao.PojoIdGenerateDaoImpl.findMatchId(PojoIdGenerateDaoImpl.java:88)
	at com.digitnexus.core.id.dao.AbstractBaseIdGenerateDao.generateNextId(AbstractBaseIdGenerateDao.java:62)
	at com.digitnexus.core.id.dao.AbstractBaseIdGenerateDao$$FastClassByCGLIB$$cd59e8a0.invoke(<generated>)
	at net.sf.cglib.proxy.MethodProxy.invoke(MethodProxy.java:191)
	at org.springframework.aop.framework.Cglib2AopProxy$CglibMethodInvocation.invokeJoinpoint(Cglib2AopProxy.java:689)
	at org.springframework.aop.framework.ReflectiveMethodInvocation.proceed(ReflectiveMethodInvocation.java:150)
	at org.springframework.aop.interceptor.ExposeInvocationInterceptor.invoke(ExposeInvocationInterceptor.java:90)
	at org.springframework.aop.framework.ReflectiveMethodInvocation.proceed(ReflectiveMethodInvocation.java:172)
	at org.springframework.aop.framework.Cglib2AopProxy$DynamicAdvisedInterceptor.intercept(Cglib2AopProxy.java:622)
	at com.digitnexus.core.id.dao.PojoIdGenerateDaoImpl$$EnhancerByCGLIB$$24854638.generateNextId(<generated>)
	at com.digitnexus.core.id.business.PojoIdGenerateServiceImpl.generateNextId(PojoIdGenerateServiceImpl.java:95)
	at com.digitnexus.core.id.business.AbstractCacheableIdService.getIdFromCache(AbstractCacheableIdService.java:56)
	at com.digitnexus.core.id.business.PojoIdGenerateServiceImpl.generateId(PojoIdGenerateServiceImpl.java:75)
	at com.digitnexus.core.id.IdGenerateUtil.generateNumberId(IdGenerateUtil.java:60)
	at com.digitnexus.core.id.PojoIdGeneratorHibernate.generate(PojoIdGeneratorHibernate.java:58)
	at org.hibernate.event.internal.AbstractSaveEventListener.saveWithGeneratedId(AbstractSaveEventListener.java:120)
	at org.hibernate.event.internal.DefaultSaveOrUpdateEventListener.saveWithGeneratedOrRequestedId(DefaultSaveOrUpdateEventListener.java:204)
	at org.hibernate.event.internal.DefaultSaveOrUpdateEventListener.entityIsTransient(DefaultSaveOrUpdateEventListener.java:189)
	at org.hibernate.event.internal.DefaultSaveOrUpdateEventListener.performSaveOrUpdate(DefaultSaveOrUpdateEventListener.java:114)
	at org.hibernate.event.internal.DefaultSaveOrUpdateEventListener.onSaveOrUpdate(DefaultSaveOrUpdateEventListener.java:90)
	at org.hibernate.internal.SessionImpl.fireSaveOrUpdate(SessionImpl.java:615)
	at org.hibernate.internal.SessionImpl.saveOrUpdate(SessionImpl.java:608)
	at org.hibernate.engine.spi.CascadingAction$5.cascade(CascadingAction.java:258)
	at org.hibernate.engine.internal.Cascade.cascadeToOne(Cascade.java:380)
	at org.hibernate.engine.internal.Cascade.cascadeAssociation(Cascade.java:323)
	at org.hibernate.engine.internal.Cascade.cascadeProperty(Cascade.java:208)
	at org.hibernate.engine.internal.Cascade.cascadeCollectionElements(Cascade.java:409)
	at org.hibernate.engine.internal.Cascade.cascadeCollection(Cascade.java:350)
	at org.hibernate.engine.internal.Cascade.cascadeAssociation(Cascade.java:326)
	at org.hibernate.engine.internal.Cascade.cascadeProperty(Cascade.java:208)
	at org.hibernate.engine.internal.Cascade.cascade(Cascade.java:165)
	at org.hibernate.event.internal.AbstractFlushingEventListener.cascadeOnFlush(AbstractFlushingEventListener.java:160)
	at org.hibernate.event.internal.AbstractFlushingEventListener.prepareEntityFlushes(AbstractFlushingEventListener.java:151)
	at org.hibernate.event.internal.AbstractFlushingEventListener.flushEverythingToExecutions(AbstractFlushingEventListener.java:88)
	at org.hibernate.event.internal.DefaultAutoFlushEventListener.onAutoFlush(DefaultAutoFlushEventListener.java:55)
	at org.hibernate.internal.SessionImpl.autoFlushIfRequired(SessionImpl.java:1053)
	at org.hibernate.internal.SessionImpl.list(SessionImpl.java:1476)
	at org.hibernate.internal.CriteriaImpl.list(CriteriaImpl.java:374)
	at com.digitnexus.core.id.dao.PojoIdGenerateDaoImpl.findMatchId(PojoIdGenerateDaoImpl.java:88)
	at com.digitnexus.core.id.dao.AbstractBaseIdGenerateDao.generateNextId(AbstractBaseIdGenerateDao.java:62)
	at com.digitnexus.core.id.dao.AbstractBaseIdGenerateDao$$FastClassByCGLIB$$cd59e8a0.invoke(<generated>)
	at net.sf.cglib.proxy.MethodProxy.invoke(MethodProxy.java:191)
	at org.springframework.aop.framework.Cglib2AopProxy$CglibMethodInvocation.invokeJoinpoint(Cglib2AopProxy.java:689)
	at org.springframework.aop.framework.ReflectiveMethodInvocation.proceed(ReflectiveMethodInvocation.java:150)
	at org.springframework.aop.interceptor.ExposeInvocationInterceptor.invoke(ExposeInvocationInterceptor.java:90)
	at org.springframework.aop.framework.ReflectiveMethodInvocation.proceed(ReflectiveMethodInvocation.java:172)
	at org.springframework.aop.framework.Cglib2AopProxy$DynamicAdvisedInterceptor.intercept(Cglib2AopProxy.java:622)
	at com.digitnexus.core.id.dao.PojoIdGenerateDaoImpl$$EnhancerByCGLIB$$24854638.generateNextId(<generated>)
	at com.digitnexus.core.id.business.PojoIdGenerateServiceImpl.generateNextId(PojoIdGenerateServiceImpl.java:95)
	at com.digitnexus.core.id.business.AbstractCacheableIdService.getIdFromCache(AbstractCacheableIdService.java:56)
	at com.digitnexus.core.id.business.PojoIdGenerateServiceImpl.generateId(PojoIdGenerateServiceImpl.java:75)
	at com.digitnexus.core.id.IdGenerateUtil.generateNumberId(IdGenerateUtil.java:60)
	at com.digitnexus.core.id.PojoIdGeneratorHibernate.generate(PojoIdGeneratorHibernate.java:58)
	at org.hibernate.event.internal.AbstractSaveEventListener.saveWithGeneratedId(AbstractSaveEventListener.java:120)
	at org.hibernate.event.internal.DefaultSaveOrUpdateEventListener.saveWithGeneratedOrRequestedId(DefaultSaveOrUpdateEventListener.java:204)
	at org.hibernate.event.internal.DefaultSaveOrUpdateEventListener.entityIsTransient(DefaultSaveOrUpdateEventListener.java:189)
	at org.hibernate.event.internal.DefaultSaveOrUpdateEventListener.performSaveOrUpdate(DefaultSaveOrUpdateEventListener.java:114)
	at org.hibernate.event.internal.DefaultSaveOrUpdateEventListener.onSaveOrUpdate(DefaultSaveOrUpdateEventListener.java:90)
	at org.hibernate.internal.SessionImpl.fireSaveOrUpdate(SessionImpl.java:615)
	at org.hibernate.internal.SessionImpl.saveOrUpdate(SessionImpl.java:608)
	at org.hibernate.engine.spi.CascadingAction$5.cascade(CascadingAction.java:258)
	at org.hibernate.engine.internal.Cascade.cascadeToOne(Cascade.java:380)
	at org.hibernate.engine.internal.Cascade.cascadeAssociation(Cascade.java:323)
	at org.hibernate.engine.internal.Cascade.cascadeProperty(Cascade.java:208)
	at org.hibernate.engine.internal.Cascade.cascadeCollectionElements(Cascade.java:409)
	at org.hibernate.engine.internal.Cascade.cascadeCollection(Cascade.java:350)
	at org.hibernate.engine.internal.Cascade.cascadeAssociation(Cascade.java:326)
	at org.hibernate.engine.internal.Cascade.cascadeProperty(Cascade.java:208)
	at org.hibernate.engine.internal.Cascade.cascade(Cascade.java:165)
	at org.hibernate.event.internal.AbstractFlushingEventListener.cascadeOnFlush(AbstractFlushingEventListener.java:160)
	at org.hibernate.event.internal.AbstractFlushingEventListener.prepareEntityFlushes(AbstractFlushingEventListener.java:151)
	at org.hibernate.event.internal.AbstractFlushingEventListener.flushEverythingToExecutions(AbstractFlushingEventListener.java:88)
	at org.hibernate.event.internal.DefaultAutoFlushEventListener.onAutoFlush(DefaultAutoFlushEventListener.java:55)
	at org.hibernate.internal.SessionImpl.autoFlushIfRequired(SessionImpl.java:1053)
	at org.hibernate.internal.SessionImpl.list(SessionImpl.java:1476)
	at org.hibernate.internal.CriteriaImpl.list(CriteriaImpl.java:374)
	at com.digitnexus.core.id.dao.PojoIdGenerateDaoImpl.findMatchId(PojoIdGenerateDaoImpl.java:88)
	at com.digitnexus.core.id.dao.AbstractBaseIdGenerateDao.generateNextId(AbstractBaseIdGenerateDao.java:62)
	at com.digitnexus.core.id.dao.AbstractBaseIdGenerateDao$$FastClassByCGLIB$$cd59e8a0.invoke(<generated>)
	at net.sf.cglib.proxy.MethodProxy.invoke(MethodProxy.java:191)
	at org.springframework.aop.framework.Cglib2AopProxy$CglibMethodInvocation.invokeJoinpoint(Cglib2AopProxy.java:689)
	at org.springframework.aop.framework.ReflectiveMethodInvocation.proceed(ReflectiveMethodInvocation.java:150)
	at org.springframework.aop.interceptor.ExposeInvocationInterceptor.invoke(ExposeInvocationInterceptor.java:90)
	at org.springframework.aop.framework.ReflectiveMethodInvocation.proceed(ReflectiveMethodInvocation.java:172)
	at org.springframework.aop.framework.Cglib2AopProxy$DynamicAdvisedInterceptor.intercept(Cglib2AopProxy.java:622)
	at com.digitnexus.core.id.dao.PojoIdGenerateDaoImpl$$EnhancerByCGLIB$$24854638.generateNextId(<generated>)
	at com.digitnexus.core.id.business.PojoIdGenerateServiceImpl.generateNextId(PojoIdGenerateServiceImpl.java:95)
	at com.digitnexus.core.id.business.AbstractCacheableIdService.getIdFromCache(AbstractCacheableIdService.java:56)
	at com.digitnexus.core.id.business.PojoIdGenerateServiceImpl.generateId(PojoIdGenerateServiceImpl.java:75)
	at com.digitnexus.core.id.IdGenerateUtil.generateNumberId(IdGenerateUtil.java:60)
	at com.digitnexus.core.id.PojoIdGeneratorHibernate.generate(PojoIdGeneratorHibernate.java:58)
	at org.hibernate.event.internal.AbstractSaveEventListener.saveWithGeneratedId(AbstractSaveEventListener.java:120)
	at org.hibernate.event.internal.DefaultSaveOrUpdateEventListener.saveWithGeneratedOrRequestedId(DefaultSaveOrUpdateEventListener.java:204)
	at org.hibernate.event.internal.DefaultSaveOrUpdateEventListener.entityIsTransient(DefaultSaveOrUpdateEventListener.java:189)
	at org.hibernate.event.internal.DefaultSaveOrUpdateEventListener.performSaveOrUpdate(DefaultSaveOrUpdateEventListener.java:114)
	at org.hibernate.event.internal.DefaultSaveOrUpdateEventListener.onSaveOrUpdate(DefaultSaveOrUpdateEventListener.java:90)
	at org.hibernate.internal.SessionImpl.fireSaveOrUpdate(SessionImpl.java:615)
	at org.hibernate.internal.SessionImpl.saveOrUpdate(SessionImpl.java:608)
	at org.hibernate.engine.spi.CascadingAction$5.cascade(CascadingAction.java:258)
	at org.hibernate.engine.internal.Cascade.cascadeToOne(Cascade.java:380)
	at org.hibernate.engine.internal.Cascade.cascadeAssociation(Cascade.java:323)
	at org.hibernate.engine.internal.Cascade.cascadeProperty(Cascade.java:208)
	at org.hibernate.engine.internal.Cascade.cascadeCollectionElements(Cascade.java:409)
	at org.hibernate.engine.internal.Cascade.cascadeCollection(Cascade.java:350)
	at org.hibernate.engine.internal.Cascade.cascadeAssociation(Cascade.java:326)
	at org.hibernate.engine.internal.Cascade.cascadeProperty(Cascade.java:208)
	at org.hibernate.engine.internal.Cascade.cascade(Cascade.java:165)
	at org.hibernate.event.internal.AbstractFlushingEventListener.cascadeOnFlush(AbstractFlushingEventListener.java:160)
	at org.hibernate.event.internal.AbstractFlushingEventListener.prepareEntityFlushes(AbstractFlushingEventListener.java:151)
	at org.hibernate.event.internal.AbstractFlushingEventListener.flushEverythingToExecutions(AbstractFlushingEventListener.java:88)
	at org.hibernate.event.internal.DefaultAutoFlushEventListener.onAutoFlush(DefaultAutoFlushEventListener.java:55)
	at org.hibernate.internal.SessionImpl.autoFlushIfRequired(SessionImpl.java:1053)
	at org.hibernate.internal.SessionImpl.list(SessionImpl.java:1476)
	at org.hibernate.internal.CriteriaImpl.list(CriteriaImpl.java:374)
	at com.digitnexus.core.id.dao.PojoIdGenerateDaoImpl.findMatchId(PojoIdGenerateDaoImpl.java:88)
	at com.digitnexus.core.id.dao.AbstractBaseIdGenerateDao.generateNextId(AbstractBaseIdGenerateDao.java:62)
	at com.digitnexus.core.id.dao.AbstractBaseIdGenerateDao$$FastClassByCGLIB$$cd59e8a0.invoke(<generated>)
	at net.sf.cglib.proxy.MethodProxy.invoke(MethodProxy.java:191)
	at org.springframework.aop.framework.Cglib2AopProxy$CglibMethodInvocation.invokeJoinpoint(Cglib2AopProxy.java:689)
	at org.springframework.aop.framework.ReflectiveMethodInvocation.proceed(ReflectiveMethodInvocation.java:150)
	at org.springframework.aop.interceptor.ExposeInvocationInterceptor.invoke(ExposeInvocationInterceptor.java:90)
	at org.springframework.aop.framework.ReflectiveMethodInvocation.proceed(ReflectiveMethodInvocation.java:172)
	at org.springframework.aop.framework.Cglib2AopProxy$DynamicAdvisedInterceptor.intercept(Cglib2AopProxy.java:622)
	at com.digitnexus.core.id.dao.PojoIdGenerateDaoImpl$$EnhancerByCGLIB$$24854638.generateNextId(<generated>)
	at com.digitnexus.core.id.business.PojoIdGenerateServiceImpl.generateNextId(PojoIdGenerateServiceImpl.java:95)
	at com.digitnexus.core.id.business.AbstractCacheableIdService.getIdFromCache(AbstractCacheableIdService.java:56)
	at com.digitnexus.core.id.business.PojoIdGenerateServiceImpl.generateId(PojoIdGenerateServiceImpl.java:75)
	at com.digitnexus.core.id.IdGenerateUtil.generateNumberId(IdGenerateUtil.java:60)
	at com.digitnexus.core.id.PojoIdGeneratorHibernate.generate(PojoIdGeneratorHibernate.java:58)
	at org.hibernate.event.internal.AbstractSaveEventListener.saveWithGeneratedId(AbstractSaveEventListener.java:120)
	at org.hibernate.event.internal.DefaultSaveOrUpdateEventListener.saveWithGeneratedOrRequestedId(DefaultSaveOrUpdateEventListener.java:204)
	at org.hibernate.event.internal.DefaultSaveOrUpdateEventListener.entityIsTransient(DefaultSaveOrUpdateEventListener.java:189)
	at org.hibernate.event.internal.DefaultSaveOrUpdateEventListener.performSaveOrUpdate(DefaultSaveOrUpdateEventListener.java:114)
	at org.hibernate.event.internal.DefaultSaveOrUpdateEventListener.onSaveOrUpdate(DefaultSaveOrUpdateEventListener.java:90)
	at org.hibernate.internal.SessionImpl.fireSaveOrUpdate(SessionImpl.java:615)
	at org.hibernate.internal.SessionImpl.saveOrUpdate(SessionImpl.java:608)
	at org.hibernate.engine.spi.CascadingAction$5.cascade(CascadingAction.java:258)
	at org.hibernate.engine.internal.Cascade.cascadeToOne(Cascade.java:380)
	at org.hibernate.engine.internal.Cascade.cascadeAssociation(Cascade.java:323)
	at org.hibernate.engine.internal.Cascade.cascadeProperty(Cascade.java:208)
	at org.hibernate.engine.internal.Cascade.cascadeCollectionElements(Cascade.java:409)
	at org.hibernate.engine.internal.Cascade.cascadeCollection(Cascade.java:350)
	at org.hibernate.engine.internal.Cascade.cascadeAssociation(Cascade.java:326)
	at org.hibernate.engine.internal.Cascade.cascadeProperty(Cascade.java:208)
	at org.hibernate.engine.internal.Cascade.cascade(Cascade.java:165)
	at org.hibernate.event.internal.AbstractFlushingEventListener.cascadeOnFlush(AbstractFlushingEventListener.java:160)
	at org.hibernate.event.internal.AbstractFlushingEventListener.prepareEntityFlushes(AbstractFlushingEventListener.java:151)
	at org.hibernate.event.internal.AbstractFlushingEventListener.flushEverythingToExecutions(AbstractFlushingEventListener.java:88)
	at org.hibernate.event.internal.DefaultAutoFlushEventListener.onAutoFlush(DefaultAutoFlushEventListener.java:55)
	at org.hibernate.internal.SessionImpl.autoFlushIfRequired(SessionImpl.java:1053)
	at org.hibernate.internal.SessionImpl.list(SessionImpl.java:1476)
	at org.hibernate.internal.CriteriaImpl.list(CriteriaImpl.java:374)
	at com.digitnexus.core.id.dao.PojoIdGenerateDaoImpl.findMatchId(PojoIdGenerateDaoImpl.java:88)
	at com.digitnexus.core.id.dao.AbstractBaseIdGenerateDao.generateNextId(AbstractBaseIdGenerateDao.java:62)
	at com.digitnexus.core.id.dao.AbstractBaseIdGenerateDao$$FastClassByCGLIB$$cd59e8a0.invoke(<generated>)
	at net.sf.cglib.proxy.MethodProxy.invoke(MethodProxy.java:191)
[...]
	at org.hibernate.event.internal.DefaultSaveOrUpdateEventListener.saveWithGeneratedOrRequestedId(DefaultSaveOrUpdateEventListener.java:204)
	at org.hibernate.event.internal.DefaultSaveOrUpdateEventListener.entityIsTransient(DefaultSaveOrUpdateEventListener.java:189)
	at org.hibernate.event.internal.DefaultSaveOrUpdateEventListener.performSaveOrUpdate(DefaultSaveOrUpdateEventListener.java:114)
	at org.hibernate.event.internal.DefaultSaveOrUpdateEventListener.onSaveOrUpdate(DefaultSaveOrUpdateEventListener.java:90)
	at org.hibernate.internal.SessionImpl.fireSaveOrUpdate(SessionImpl.java:615)
	at org.hibernate.internal.SessionImpl.saveOrUpdate(SessionImpl.java:608)
	at org.hibernate.engine.spi.CascadingAction$5.cascade(CascadingAction.java:258)
	at org.hibernate.engine.internal.Cascade.cascadeToOne(Cascade.java:380)
	at org.hibernate.engine.internal.Cascade.cascadeAssociation(Cascade.java:323)
	at org.hibernate.engine.internal.Cascade.cascadeProperty(Cascade.java:208)
	at org.hibernate.engine.internal.Cascade.cascadeCollectionElements(Cascade.java:409)
	at org.hibernate.engine.internal.Cascade.cascadeCollection(Cascade.java:350)
	at org.hibernate.engine.internal.Cascade.cascadeAssociation(Cascade.java:326)
	at org.hibernate.engine.internal.Cascade.cascadeProperty(Cascade.java:208)
	at org.hibernate.engine.internal.Cascade.cascade(Cascade.java:165)
	at org.hibernate.event.internal.AbstractFlushingEventListener.cascadeOnFlush(AbstractFlushingEventListener.java:160)
	at org.hibernate.event.internal.AbstractFlushingEventListener.prepareEntityFlushes(AbstractFlushingEventListener.java:151)
	at org.hibernate.event.internal.AbstractFlushingEventListener.flushEverythingToExecutions(AbstractFlushingEventListener.java:88)
	at org.hibernate.event.internal.DefaultAutoFlushEventListener.onAutoFlush(DefaultAutoFlushEventListener.java:55)
	at org.hibernate.internal.SessionImpl.autoFlushIfRequired(SessionImpl.java:1053)
	at org.hibernate.internal.SessionImpl.list(SessionImpl.java:1476)
	at org.hibernate.internal.CriteriaImpl.list(CriteriaImpl.java:374)
	at com.digitnexus.core.id.dao.PojoIdGenerateDaoImpl.findMatchId(PojoIdGenerateDaoImpl.java:88)
	at com.digitnexus.core.id.dao.AbstractBaseIdGenerateDao.generateNextId(AbstractBaseIdGenerateDao.java:62)
	at com.digitnexus.core.id.dao.AbstractBaseIdGenerateDao$$FastClassByCGLIB$$cd59e8a0.invoke(<generated>)
	at net.sf.cglib.proxy.MethodProxy.invoke(MethodProxy.java:191)
	at org.springframework.aop.framework.Cglib2AopProxy$CglibMethodInvocation.invokeJoinpoint(Cglib2AopProxy.java:689)
	at org.springframework.aop.framework.ReflectiveMethodInvocation.proceed(ReflectiveMethodInvocation.java:150)
	at org.springframework.aop.interceptor.ExposeInvocationInterceptor.invoke(ExposeInvocationInterceptor.java:90)
	at org.springframework.aop.framework.ReflectiveMethodInvocation.proceed(ReflectiveMethodInvocation.java:172)
	at org.springframework.aop.framework.Cglib2AopProxy$DynamicAdvisedInterceptor.intercept(Cglib2AopProxy.java:622)
	at com.digitnexus.core.id.dao.PojoIdGenerateDaoImpl$$EnhancerByCGLIB$$24854638.generateNextId(<generated>)
	at com.digitnexus.core.id.business.PojoIdGenerateServiceImpl.generateNextId(PojoIdGenerateServiceImpl.java:95)
	at com.digitnexus.core.id.business.AbstractCacheableIdService.getIdFromCache(AbstractCacheableIdService.java:56)
	at com.digitnexus.core.id.business.PojoIdGenerateServiceImpl.generateId(PojoIdGenerateServiceImpl.java:75)
	at com.digitnexus.core.id.IdGenerateUtil.generateNumberId(IdGenerateUtil.java:60)
	at com.digitnexus.core.id.PojoIdGeneratorHibernate.generate(PojoIdGeneratorHibernate.java:58)
	at org.hibernate.event.internal.AbstractSaveEventListener.saveWithGeneratedId(AbstractSaveEventListener.java:120)
	at org.hibernate.event.internal.DefaultSaveOrUpdateEventListener.saveWithGeneratedOrRequestedId(DefaultSaveOrUpdateEventListener.java:204)
	at org.hibernate.event.internal.DefaultSaveOrUpdateEventListener.entityIsTransient(DefaultSaveOrUpdateEventListener.java:189)
	at org.hibernate.event.internal.DefaultSaveOrUpdateEventListener.performSaveOrUpdate(DefaultSaveOrUpdateEventListener.java:114)
	at org.hibernate.event.internal.DefaultSaveOrUpdateEventListener.onSaveOrUpdate(DefaultSaveOrUpdateEventListener.java:90)
	at org.hibernate.internal.SessionImpl.fireSaveOrUpdate(SessionImpl.java:615)
	at org.hibernate.internal.SessionImpl.saveOrUpdate(SessionImpl.java:608)
	at org.hibernate.engine.spi.CascadingAction$5.cascade(CascadingAction.java:258)
	at org.hibernate.engine.internal.Cascade.cascadeToOne(Cascade.java:380)
	at org.hibernate.engine.internal.Cascade.cascadeAssociation(Cascade.java:323)
	at org.hibernate.engine.internal.Cascade.cascadeProperty(Cascade.java:208)
]]>
            </full-stacktrace>
          </exception> <!-- java.lang.StackOverflowError -->
          <reporter-output>
          </reporter-output>
        </test-method> <!-- springTestContextPrepareTestInstance -->
        <test-method status="SKIP" signature="loginUser()[pri:0, instance:com.digitnexus.core.id.business.PojoIdGenerateServiceTest@1690ab]" name="loginUser" is-config="true" duration-ms="0" started-at="2013-05-22T20:54:25Z" finished-at="2013-05-22T20:54:25Z">
          <reporter-output>
          </reporter-output>
        </test-method> <!-- loginUser -->
        <test-method status="SKIP" signature="springTestContextBeforeTestMethod(java.lang.reflect.Method)[pri:0, instance:com.digitnexus.core.id.business.PojoIdGenerateServiceTest@1690ab]" name="springTestContextBeforeTestMethod" is-config="true" duration-ms="0" started-at="2013-05-22T20:54:25Z" finished-at="2013-05-22T20:54:25Z">
          <reporter-output>
          </reporter-output>
        </test-method> <!-- springTestContextBeforeTestMethod -->
        <test-method status="SKIP" signature="loginUser()[pri:0, instance:com.digitnexus.core.id.business.PojoIdGenerateServiceTest@1690ab]" name="loginUser" is-config="true" duration-ms="0" started-at="2013-05-22T20:54:25Z" finished-at="2013-05-22T20:54:25Z">
          <reporter-output>
          </reporter-output>
        </test-method> <!-- loginUser -->
        <test-method status="SKIP" signature="springTestContextBeforeTestMethod(java.lang.reflect.Method)[pri:0, instance:com.digitnexus.core.id.business.PojoIdGenerateServiceTest@1690ab]" name="springTestContextBeforeTestMethod" is-config="true" duration-ms="0" started-at="2013-05-22T20:54:25Z" finished-at="2013-05-22T20:54:25Z">
          <reporter-output>
          </reporter-output>
        </test-method> <!-- springTestContextBeforeTestMethod -->
        <test-method status="FAIL" signature="flushAndCloseSession()[pri:0, instance:com.digitnexus.core.id.business.PojoIdGenerateServiceTest@1690ab]" name="flushAndCloseSession" is-config="true" duration-ms="0" started-at="2013-05-22T20:54:25Z" finished-at="2013-05-22T20:54:25Z">
          <exception class="java.lang.NullPointerException">
            <full-stacktrace>
              <![CDATA[java.lang.NullPointerException
	at com.digitnexus.core.test.BaseTest.flushAndCloseSession(BaseTest.java:40)
	at sun.reflect.NativeMethodAccessorImpl.invoke0(Native Method)
	at sun.reflect.NativeMethodAccessorImpl.invoke(NativeMethodAccessorImpl.java:39)
	at sun.reflect.DelegatingMethodAccessorImpl.invoke(DelegatingMethodAccessorImpl.java:25)
	at java.lang.reflect.Method.invoke(Method.java:597)
	at org.testng.internal.MethodInvocationHelper.invokeMethod(MethodInvocationHelper.java:84)
	at org.testng.internal.Invoker.invokeConfigurationMethod(Invoker.java:564)
	at org.testng.internal.Invoker.invokeConfigurations(Invoker.java:213)
	at org.testng.internal.Invoker.invokeMethod(Invoker.java:786)
	at org.testng.internal.Invoker.invokeTestMethod(Invoker.java:901)
	at org.testng.internal.Invoker.invokeTestMethods(Invoker.java:1231)
	at org.testng.internal.TestMethodWorker.invokeTestMethods(TestMethodWorker.java:127)
	at org.testng.internal.TestMethodWorker.run(TestMethodWorker.java:111)
	at org.testng.TestRunner.privateRun(TestRunner.java:767)
	at org.testng.TestRunner.run(TestRunner.java:617)
	at org.testng.SuiteRunner.runTest(SuiteRunner.java:334)
	at org.testng.SuiteRunner.runSequentially(SuiteRunner.java:329)
	at org.testng.SuiteRunner.privateRun(SuiteRunner.java:291)
	at org.testng.SuiteRunner.run(SuiteRunner.java:240)
	at org.testng.SuiteRunnerWorker.runSuite(SuiteRunnerWorker.java:52)
	at org.testng.SuiteRunnerWorker.run(SuiteRunnerWorker.java:86)
	at org.testng.TestNG.runSuitesSequentially(TestNG.java:1224)
	at org.testng.TestNG.runSuitesLocally(TestNG.java:1149)
	at org.testng.TestNG.run(TestNG.java:1057)
	at org.testng.remote.RemoteTestNG.run(RemoteTestNG.java:111)
	at org.testng.remote.RemoteTestNG.initAndRun(RemoteTestNG.java:204)
	at org.testng.remote.RemoteTestNG.main(RemoteTestNG.java:175)
]]>
            </full-stacktrace>
          </exception> <!-- java.lang.NullPointerException -->
          <reporter-output>
          </reporter-output>
        </test-method> <!-- flushAndCloseSession -->
        <test-method status="PASS" signature="springTestContextAfterTestMethod(java.lang.reflect.Method)[pri:0, instance:com.digitnexus.core.id.business.PojoIdGenerateServiceTest@1690ab]" name="springTestContextAfterTestMethod" is-config="true" duration-ms="0" started-at="2013-05-22T20:54:25Z" finished-at="2013-05-22T20:54:25Z">
          <params>
            <param index="0">
              <value>
                <![CDATA[public void com.digitnexus.core.id.business.PojoIdGenerateServiceTest.getIdList()]]>
              </value>
            </param>
          </params>
          <reporter-output>
          </reporter-output>
        </test-method> <!-- springTestContextAfterTestMethod -->
        <test-method status="SKIP" signature="getIdList()[pri:0, instance:com.digitnexus.core.id.business.PojoIdGenerateServiceTest@1690ab]" name="getIdList" duration-ms="0" started-at="2013-05-22T20:54:25Z" finished-at="2013-05-22T20:54:25Z">
          <reporter-output>
          </reporter-output>
        </test-method> <!-- getIdList -->
        <test-method status="FAIL" signature="flushAndCloseSession()[pri:0, instance:com.digitnexus.core.id.business.PojoIdGenerateServiceTest@1690ab]" name="flushAndCloseSession" is-config="true" duration-ms="0" started-at="2013-05-22T20:54:25Z" finished-at="2013-05-22T20:54:25Z">
          <exception class="java.lang.NullPointerException">
            <full-stacktrace>
              <![CDATA[java.lang.NullPointerException
	at com.digitnexus.core.test.BaseTest.flushAndCloseSession(BaseTest.java:40)
	at sun.reflect.NativeMethodAccessorImpl.invoke0(Native Method)
	at sun.reflect.NativeMethodAccessorImpl.invoke(NativeMethodAccessorImpl.java:39)
	at sun.reflect.DelegatingMethodAccessorImpl.invoke(DelegatingMethodAccessorImpl.java:25)
	at java.lang.reflect.Method.invoke(Method.java:597)
	at org.testng.internal.MethodInvocationHelper.invokeMethod(MethodInvocationHelper.java:84)
	at org.testng.internal.Invoker.invokeConfigurationMethod(Invoker.java:564)
	at org.testng.internal.Invoker.invokeConfigurations(Invoker.java:213)
	at org.testng.internal.Invoker.invokeMethod(Invoker.java:786)
	at org.testng.internal.Invoker.invokeTestMethod(Invoker.java:901)
	at org.testng.internal.Invoker.invokeTestMethods(Invoker.java:1231)
	at org.testng.internal.TestMethodWorker.invokeTestMethods(TestMethodWorker.java:127)
	at org.testng.internal.TestMethodWorker.run(TestMethodWorker.java:111)
	at org.testng.TestRunner.privateRun(TestRunner.java:767)
	at org.testng.TestRunner.run(TestRunner.java:617)
	at org.testng.SuiteRunner.runTest(SuiteRunner.java:334)
	at org.testng.SuiteRunner.runSequentially(SuiteRunner.java:329)
	at org.testng.SuiteRunner.privateRun(SuiteRunner.java:291)
	at org.testng.SuiteRunner.run(SuiteRunner.java:240)
	at org.testng.SuiteRunnerWorker.runSuite(SuiteRunnerWorker.java:52)
	at org.testng.SuiteRunnerWorker.run(SuiteRunnerWorker.java:86)
	at org.testng.TestNG.runSuitesSequentially(TestNG.java:1224)
	at org.testng.TestNG.runSuitesLocally(TestNG.java:1149)
	at org.testng.TestNG.run(TestNG.java:1057)
	at org.testng.remote.RemoteTestNG.run(RemoteTestNG.java:111)
	at org.testng.remote.RemoteTestNG.initAndRun(RemoteTestNG.java:204)
	at org.testng.remote.RemoteTestNG.main(RemoteTestNG.java:175)
]]>
            </full-stacktrace>
          </exception> <!-- java.lang.NullPointerException -->
          <reporter-output>
          </reporter-output>
        </test-method> <!-- flushAndCloseSession -->
        <test-method status="SKIP" signature="getSingleId()[pri:0, instance:com.digitnexus.core.id.business.PojoIdGenerateServiceTest@1690ab]" name="getSingleId" duration-ms="0" started-at="2013-05-22T20:54:25Z" finished-at="2013-05-22T20:54:25Z">
          <reporter-output>
          </reporter-output>
        </test-method> <!-- getSingleId -->
        <test-method status="PASS" signature="springTestContextAfterTestMethod(java.lang.reflect.Method)[pri:0, instance:com.digitnexus.core.id.business.PojoIdGenerateServiceTest@1690ab]" name="springTestContextAfterTestMethod" is-config="true" duration-ms="0" started-at="2013-05-22T20:54:25Z" finished-at="2013-05-22T20:54:25Z">
          <params>
            <param index="0">
              <value>
                <![CDATA[public void com.digitnexus.core.id.business.PojoIdGenerateServiceTest.getSingleId()]]>
              </value>
            </param>
          </params>
          <reporter-output>
          </reporter-output>
        </test-method> <!-- springTestContextAfterTestMethod -->
        <test-method status="PASS" signature="springTestContextAfterTestClass()[pri:0, instance:com.digitnexus.core.id.business.PojoIdGenerateServiceTest@1690ab]" name="springTestContextAfterTestClass" is-config="true" duration-ms="0" started-at="2013-05-22T20:54:25Z" finished-at="2013-05-22T20:54:25Z">
          <reporter-output>
          </reporter-output>
        </test-method> <!-- springTestContextAfterTestClass -->
      </class> <!-- com.digitnexus.core.id.business.PojoIdGenerateServiceTest -->
      <class name="com.digitnexus.core.id.PojoIdGeneratorHibernateTest">
        <test-method status="SKIP" signature="getId()[pri:0, instance:com.digitnexus.core.id.PojoIdGeneratorHibernateTest@1e2befa]" name="getId" duration-ms="15" started-at="2013-05-22T20:54:25Z" finished-at="2013-05-22T20:54:25Z">
          <reporter-output>
          </reporter-output>
        </test-method> <!-- getId -->
        <test-method status="SKIP" signature="springTestContextPrepareTestInstance()[pri:0, instance:com.digitnexus.core.id.PojoIdGeneratorHibernateTest@1e2befa]" name="springTestContextPrepareTestInstance" is-config="true" duration-ms="0" started-at="2013-05-22T20:54:25Z" depends-on-methods="org.springframework.test.context.testng.AbstractTestNGSpringContextTests.springTestContextBeforeTestClass" finished-at="2013-05-22T20:54:25Z">
          <reporter-output>
          </reporter-output>
        </test-method> <!-- springTestContextPrepareTestInstance -->
        <test-method status="SKIP" signature="springTestContextBeforeTestClass()[pri:0, instance:com.digitnexus.core.id.PojoIdGeneratorHibernateTest@1e2befa]" name="springTestContextBeforeTestClass" is-config="true" duration-ms="0" started-at="2013-05-22T20:54:25Z" finished-at="2013-05-22T20:54:25Z">
          <reporter-output>
          </reporter-output>
        </test-method> <!-- springTestContextBeforeTestClass -->
        <test-method status="SKIP" signature="loginUser()[pri:0, instance:com.digitnexus.core.id.PojoIdGeneratorHibernateTest@1e2befa]" name="loginUser" is-config="true" duration-ms="0" started-at="2013-05-22T20:54:25Z" finished-at="2013-05-22T20:54:25Z">
          <reporter-output>
          </reporter-output>
        </test-method> <!-- loginUser -->
        <test-method status="SKIP" signature="springTestContextBeforeTestMethod(java.lang.reflect.Method)[pri:0, instance:com.digitnexus.core.id.PojoIdGeneratorHibernateTest@1e2befa]" name="springTestContextBeforeTestMethod" is-config="true" duration-ms="0" started-at="2013-05-22T20:54:25Z" finished-at="2013-05-22T20:54:25Z">
          <reporter-output>
          </reporter-output>
        </test-method> <!-- springTestContextBeforeTestMethod -->
        <test-method status="PASS" signature="springTestContextAfterTestMethod(java.lang.reflect.Method)[pri:0, instance:com.digitnexus.core.id.PojoIdGeneratorHibernateTest@1e2befa]" name="springTestContextAfterTestMethod" is-config="true" duration-ms="0" started-at="2013-05-22T20:54:25Z" finished-at="2013-05-22T20:54:25Z">
          <params>
            <param index="0">
              <value>
                <![CDATA[public void com.digitnexus.core.id.PojoIdGeneratorHibernateTest.getId()]]>
              </value>
            </param>
          </params>
          <reporter-output>
          </reporter-output>
        </test-method> <!-- springTestContextAfterTestMethod -->
        <test-method status="FAIL" signature="flushSession()[pri:0, instance:com.digitnexus.core.id.PojoIdGeneratorHibernateTest@1e2befa]" name="flushSession" is-config="true" duration-ms="0" started-at="2013-05-22T20:54:25Z" finished-at="2013-05-22T20:54:25Z">
          <exception class="java.lang.NullPointerException">
            <full-stacktrace>
              <![CDATA[java.lang.NullPointerException
	at com.digitnexus.core.test.BaseTransactionalTest.flushSession(BaseTransactionalTest.java:58)
	at sun.reflect.NativeMethodAccessorImpl.invoke0(Native Method)
	at sun.reflect.NativeMethodAccessorImpl.invoke(NativeMethodAccessorImpl.java:39)
	at sun.reflect.DelegatingMethodAccessorImpl.invoke(DelegatingMethodAccessorImpl.java:25)
	at java.lang.reflect.Method.invoke(Method.java:597)
	at org.testng.internal.MethodInvocationHelper.invokeMethod(MethodInvocationHelper.java:84)
	at org.testng.internal.Invoker.invokeConfigurationMethod(Invoker.java:564)
	at org.testng.internal.Invoker.invokeConfigurations(Invoker.java:213)
	at org.testng.internal.Invoker.invokeMethod(Invoker.java:786)
	at org.testng.internal.Invoker.invokeTestMethod(Invoker.java:901)
	at org.testng.internal.Invoker.invokeTestMethods(Invoker.java:1231)
	at org.testng.internal.TestMethodWorker.invokeTestMethods(TestMethodWorker.java:127)
	at org.testng.internal.TestMethodWorker.run(TestMethodWorker.java:111)
	at org.testng.TestRunner.privateRun(TestRunner.java:767)
	at org.testng.TestRunner.run(TestRunner.java:617)
	at org.testng.SuiteRunner.runTest(SuiteRunner.java:334)
	at org.testng.SuiteRunner.runSequentially(SuiteRunner.java:329)
	at org.testng.SuiteRunner.privateRun(SuiteRunner.java:291)
	at org.testng.SuiteRunner.run(SuiteRunner.java:240)
	at org.testng.SuiteRunnerWorker.runSuite(SuiteRunnerWorker.java:52)
	at org.testng.SuiteRunnerWorker.run(SuiteRunnerWorker.java:86)
	at org.testng.TestNG.runSuitesSequentially(TestNG.java:1224)
	at org.testng.TestNG.runSuitesLocally(TestNG.java:1149)
	at org.testng.TestNG.run(TestNG.java:1057)
	at org.testng.remote.RemoteTestNG.run(RemoteTestNG.java:111)
	at org.testng.remote.RemoteTestNG.initAndRun(RemoteTestNG.java:204)
	at org.testng.remote.RemoteTestNG.main(RemoteTestNG.java:175)
]]>
            </full-stacktrace>
          </exception> <!-- java.lang.NullPointerException -->
          <reporter-output>
          </reporter-output>
        </test-method> <!-- flushSession -->
        <test-method status="PASS" signature="springTestContextAfterTestClass()[pri:0, instance:com.digitnexus.core.id.PojoIdGeneratorHibernateTest@1e2befa]" name="springTestContextAfterTestClass" is-config="true" duration-ms="0" started-at="2013-05-22T20:54:25Z" finished-at="2013-05-22T20:54:25Z">
          <reporter-output>
          </reporter-output>
        </test-method> <!-- springTestContextAfterTestClass -->
      </class> <!-- com.digitnexus.core.id.PojoIdGeneratorHibernateTest -->
    </test> <!-- Default test -->
  </suite> <!-- Default suite -->
</testng-results>
